Determining if the function getifaddrs exists failed with the following output:
Change Dir: C:/Users/ashton.SKYSECURE/Projects/AndroidNDKEample/app/outputs/cmake/cmake/release/arm64-v8a/CMakeFiles/CMakeTmp

Run Build Command:"C:\Users\ashton.SKYSECURE\AppData\Local\Android\Sdk\cmake\3.10.2.4988404\bin\ninja.exe" "cmTC_c1b41"
[1/2] Building C object CMakeFiles/cmTC_c1b41.dir/CheckFunctionExists.c.o
[2/2] Linking C executable cmTC_c1b41
FAILED: cmTC_c1b41 
cmd.exe /C "cd . && C:\Users\ashton.SKYSECURE\AppData\Local\Android\Sdk\ndk-bundle\toolchains\llvm\prebuilt\windows-x86_64\bin\clang.exe --target=aarch64-none-linux-android21 --gcc-toolchain=C:/Users/ashton.SKYSECURE/AppData/Local/Android/Sdk/ndk-bundle/toolchains/llvm/prebuilt/windows-x86_64 --sysroot=C:/Users/ashton.SKYSECURE/AppData/Local/Android/Sdk/ndk-bundle/toolchains/llvm/prebuilt/windows-x86_64/sysroot -g -DANDROID -fdata-sections -ffunction-sections -funwind-tables -fstack-protector-strong -no-canonical-prefixes -fno-addrsig -Wa,--noexecstack -Wformat -Werror=format-security  -DCHECK_FUNCTION_EXISTS=getifaddrs  -Wl,--exclude-libs,libgcc.a -Wl,--exclude-libs,libatomic.a -static-libstdc++ -Wl,--build-id -Wl,--warn-shared-textrel -Wl,--fatal-warnings -Wl,--no-undefined -Qunused-arguments -Wl,-z,noexecstack -Wl,--gc-sections CMakeFiles/cmTC_c1b41.dir/CheckFunctionExists.c.o  -o cmTC_c1b41  -latomic -lm && cd ."
CMakeFiles/cmTC_c1b41.dir/CheckFunctionExists.c.o: In function `main':
C:/Users/ashton.SKYSECURE/AppData/Local/Android/Sdk/cmake/3.10.2.4988404/share/cmake-3.10/Modules/CheckFunctionExists.c:17: undefined reference to `getifaddrs'
clang: error: linker command failed with exit code 1 (use -v to see invocation)
ninja: build stopped: subcommand failed.


Determining if the function _snprintf exists failed with the following output:
Change Dir: C:/Users/ashton.SKYSECURE/Projects/AndroidNDKEample/app/outputs/cmake/cmake/release/arm64-v8a/CMakeFiles/CMakeTmp

Run Build Command:"C:\Users\ashton.SKYSECURE\AppData\Local\Android\Sdk\cmake\3.10.2.4988404\bin\ninja.exe" "cmTC_6f396"
[1/2] Building C object CMakeFiles/cmTC_6f396.dir/CheckFunctionExists.c.o
[2/2] Linking C executable cmTC_6f396
FAILED: cmTC_6f396 
cmd.exe /C "cd . && C:\Users\ashton.SKYSECURE\AppData\Local\Android\Sdk\ndk-bundle\toolchains\llvm\prebuilt\windows-x86_64\bin\clang.exe --target=aarch64-none-linux-android21 --gcc-toolchain=C:/Users/ashton.SKYSECURE/AppData/Local/Android/Sdk/ndk-bundle/toolchains/llvm/prebuilt/windows-x86_64 --sysroot=C:/Users/ashton.SKYSECURE/AppData/Local/Android/Sdk/ndk-bundle/toolchains/llvm/prebuilt/windows-x86_64/sysroot -g -DANDROID -fdata-sections -ffunction-sections -funwind-tables -fstack-protector-strong -no-canonical-prefixes -fno-addrsig -Wa,--noexecstack -Wformat -Werror=format-security  -DCHECK_FUNCTION_EXISTS=_snprintf  -Wl,--exclude-libs,libgcc.a -Wl,--exclude-libs,libatomic.a -static-libstdc++ -Wl,--build-id -Wl,--warn-shared-textrel -Wl,--fatal-warnings -Wl,--no-undefined -Qunused-arguments -Wl,-z,noexecstack -Wl,--gc-sections CMakeFiles/cmTC_6f396.dir/CheckFunctionExists.c.o  -o cmTC_6f396  -latomic -lm && cd ."
CMakeFiles/cmTC_6f396.dir/CheckFunctionExists.c.o: In function `main':
C:/Users/ashton.SKYSECURE/AppData/Local/Android/Sdk/cmake/3.10.2.4988404/share/cmake-3.10/Modules/CheckFunctionExists.c:17: undefined reference to `_snprintf'
clang: error: linker command failed with exit code 1 (use -v to see invocation)
ninja: build stopped: subcommand failed.


Determining if the function _vsnprintf exists failed with the following output:
Change Dir: C:/Users/ashton.SKYSECURE/Projects/AndroidNDKEample/app/outputs/cmake/cmake/release/arm64-v8a/CMakeFiles/CMakeTmp

Run Build Command:"C:\Users\ashton.SKYSECURE\AppData\Local\Android\Sdk\cmake\3.10.2.4988404\bin\ninja.exe" "cmTC_11e8c"
[1/2] Building C object CMakeFiles/cmTC_11e8c.dir/CheckFunctionExists.c.o
[2/2] Linking C executable cmTC_11e8c
FAILED: cmTC_11e8c 
cmd.exe /C "cd . && C:\Users\ashton.SKYSECURE\AppData\Local\Android\Sdk\ndk-bundle\toolchains\llvm\prebuilt\windows-x86_64\bin\clang.exe --target=aarch64-none-linux-android21 --gcc-toolchain=C:/Users/ashton.SKYSECURE/AppData/Local/Android/Sdk/ndk-bundle/toolchains/llvm/prebuilt/windows-x86_64 --sysroot=C:/Users/ashton.SKYSECURE/AppData/Local/Android/Sdk/ndk-bundle/toolchains/llvm/prebuilt/windows-x86_64/sysroot -g -DANDROID -fdata-sections -ffunction-sections -funwind-tables -fstack-protector-strong -no-canonical-prefixes -fno-addrsig -Wa,--noexecstack -Wformat -Werror=format-security  -DCHECK_FUNCTION_EXISTS=_vsnprintf  -Wl,--exclude-libs,libgcc.a -Wl,--exclude-libs,libatomic.a -static-libstdc++ -Wl,--build-id -Wl,--warn-shared-textrel -Wl,--fatal-warnings -Wl,--no-undefined -Qunused-arguments -Wl,-z,noexecstack -Wl,--gc-sections CMakeFiles/cmTC_11e8c.dir/CheckFunctionExists.c.o  -o cmTC_11e8c  -latomic -lm && cd ."
CMakeFiles/cmTC_11e8c.dir/CheckFunctionExists.c.o: In function `main':
C:/Users/ashton.SKYSECURE/AppData/Local/Android/Sdk/cmake/3.10.2.4988404/share/cmake-3.10/Modules/CheckFunctionExists.c:17: undefined reference to `_vsnprintf'
clang: error: linker command failed with exit code 1 (use -v to see invocation)
ninja: build stopped: subcommand failed.


Determining if the function getloadavg exists failed with the following output:
Change Dir: C:/Users/ashton.SKYSECURE/Projects/AndroidNDKEample/app/outputs/cmake/cmake/release/arm64-v8a/CMakeFiles/CMakeTmp

Run Build Command:"C:\Users\ashton.SKYSECURE\AppData\Local\Android\Sdk\cmake\3.10.2.4988404\bin\ninja.exe" "cmTC_712be"
[1/2] Building C object CMakeFiles/cmTC_712be.dir/CheckFunctionExists.c.o
[2/2] Linking C executable cmTC_712be
FAILED: cmTC_712be 
cmd.exe /C "cd . && C:\Users\ashton.SKYSECURE\AppData\Local\Android\Sdk\ndk-bundle\toolchains\llvm\prebuilt\windows-x86_64\bin\clang.exe --target=aarch64-none-linux-android21 --gcc-toolchain=C:/Users/ashton.SKYSECURE/AppData/Local/Android/Sdk/ndk-bundle/toolchains/llvm/prebuilt/windows-x86_64 --sysroot=C:/Users/ashton.SKYSECURE/AppData/Local/Android/Sdk/ndk-bundle/toolchains/llvm/prebuilt/windows-x86_64/sysroot -g -DANDROID -fdata-sections -ffunction-sections -funwind-tables -fstack-protector-strong -no-canonical-prefixes -fno-addrsig -Wa,--noexecstack -Wformat -Werror=format-security  -DCHECK_FUNCTION_EXISTS=getloadavg  -Wl,--exclude-libs,libgcc.a -Wl,--exclude-libs,libatomic.a -static-libstdc++ -Wl,--build-id -Wl,--warn-shared-textrel -Wl,--fatal-warnings -Wl,--no-undefined -Qunused-arguments -Wl,-z,noexecstack -Wl,--gc-sections CMakeFiles/cmTC_712be.dir/CheckFunctionExists.c.o  -o cmTC_712be  -latomic -lm && cd ."
CMakeFiles/cmTC_712be.dir/CheckFunctionExists.c.o: In function `main':
C:/Users/ashton.SKYSECURE/AppData/Local/Android/Sdk/cmake/3.10.2.4988404/share/cmake-3.10/Modules/CheckFunctionExists.c:17: undefined reference to `getloadavg'
clang: error: linker command failed with exit code 1 (use -v to see invocation)
ninja: build stopped: subcommand failed.


Determining if the function _atoi64 exists failed with the following output:
Change Dir: C:/Users/ashton.SKYSECURE/Projects/AndroidNDKEample/app/outputs/cmake/cmake/release/arm64-v8a/CMakeFiles/CMakeTmp

Run Build Command:"C:\Users\ashton.SKYSECURE\AppData\Local\Android\Sdk\cmake\3.10.2.4988404\bin\ninja.exe" "cmTC_906cb"
[1/2] Building C object CMakeFiles/cmTC_906cb.dir/CheckFunctionExists.c.o
[2/2] Linking C executable cmTC_906cb
FAILED: cmTC_906cb 
cmd.exe /C "cd . && C:\Users\ashton.SKYSECURE\AppData\Local\Android\Sdk\ndk-bundle\toolchains\llvm\prebuilt\windows-x86_64\bin\clang.exe --target=aarch64-none-linux-android21 --gcc-toolchain=C:/Users/ashton.SKYSECURE/AppData/Local/Android/Sdk/ndk-bundle/toolchains/llvm/prebuilt/windows-x86_64 --sysroot=C:/Users/ashton.SKYSECURE/AppData/Local/Android/Sdk/ndk-bundle/toolchains/llvm/prebuilt/windows-x86_64/sysroot -g -DANDROID -fdata-sections -ffunction-sections -funwind-tables -fstack-protector-strong -no-canonical-prefixes -fno-addrsig -Wa,--noexecstack -Wformat -Werror=format-security  -DCHECK_FUNCTION_EXISTS=_atoi64  -Wl,--exclude-libs,libgcc.a -Wl,--exclude-libs,libatomic.a -static-libstdc++ -Wl,--build-id -Wl,--warn-shared-textrel -Wl,--fatal-warnings -Wl,--no-undefined -Qunused-arguments -Wl,-z,noexecstack -Wl,--gc-sections CMakeFiles/cmTC_906cb.dir/CheckFunctionExists.c.o  -o cmTC_906cb  -latomic -lm && cd ."
CMakeFiles/cmTC_906cb.dir/CheckFunctionExists.c.o: In function `main':
C:/Users/ashton.SKYSECURE/AppData/Local/Android/Sdk/cmake/3.10.2.4988404/share/cmake-3.10/Modules/CheckFunctionExists.c:17: undefined reference to `_atoi64'
clang: error: linker command failed with exit code 1 (use -v to see invocation)
ninja: build stopped: subcommand failed.


Determining if the function _stat32i64 exists failed with the following output:
Change Dir: C:/Users/ashton.SKYSECURE/Projects/AndroidNDKEample/app/outputs/cmake/cmake/release/arm64-v8a/CMakeFiles/CMakeTmp

Run Build Command:"C:\Users\ashton.SKYSECURE\AppData\Local\Android\Sdk\cmake\3.10.2.4988404\bin\ninja.exe" "cmTC_17fa8"
[1/2] Building C object CMakeFiles/cmTC_17fa8.dir/CheckFunctionExists.c.o
[2/2] Linking C executable cmTC_17fa8
FAILED: cmTC_17fa8 
cmd.exe /C "cd . && C:\Users\ashton.SKYSECURE\AppData\Local\Android\Sdk\ndk-bundle\toolchains\llvm\prebuilt\windows-x86_64\bin\clang.exe --target=aarch64-none-linux-android21 --gcc-toolchain=C:/Users/ashton.SKYSECURE/AppData/Local/Android/Sdk/ndk-bundle/toolchains/llvm/prebuilt/windows-x86_64 --sysroot=C:/Users/ashton.SKYSECURE/AppData/Local/Android/Sdk/ndk-bundle/toolchains/llvm/prebuilt/windows-x86_64/sysroot -g -DANDROID -fdata-sections -ffunction-sections -funwind-tables -fstack-protector-strong -no-canonical-prefixes -fno-addrsig -Wa,--noexecstack -Wformat -Werror=format-security  -DCHECK_FUNCTION_EXISTS=_stat32i64  -Wl,--exclude-libs,libgcc.a -Wl,--exclude-libs,libatomic.a -static-libstdc++ -Wl,--build-id -Wl,--warn-shared-textrel -Wl,--fatal-warnings -Wl,--no-undefined -Qunused-arguments -Wl,-z,noexecstack -Wl,--gc-sections CMakeFiles/cmTC_17fa8.dir/CheckFunctionExists.c.o  -o cmTC_17fa8  -latomic -lm && cd ."
CMakeFiles/cmTC_17fa8.dir/CheckFunctionExists.c.o: In function `main':
C:/Users/ashton.SKYSECURE/AppData/Local/Android/Sdk/cmake/3.10.2.4988404/share/cmake-3.10/Modules/CheckFunctionExists.c:17: undefined reference to `_stat32i64'
clang: error: linker command failed with exit code 1 (use -v to see invocation)
ninja: build stopped: subcommand failed.


Determining if the include file in6addr.h exists failed with the following output:
Change Dir: C:/Users/ashton.SKYSECURE/Projects/AndroidNDKEample/app/outputs/cmake/cmake/release/arm64-v8a/CMakeFiles/CMakeTmp

Run Build Command:"C:\Users\ashton.SKYSECURE\AppData\Local\Android\Sdk\cmake\3.10.2.4988404\bin\ninja.exe" "cmTC_1e837"
[1/2] Building C object CMakeFiles/cmTC_1e837.dir/CheckIncludeFile.c.o
FAILED: CMakeFiles/cmTC_1e837.dir/CheckIncludeFile.c.o 
C:\Users\ashton.SKYSECURE\AppData\Local\Android\Sdk\ndk-bundle\toolchains\llvm\prebuilt\windows-x86_64\bin\clang.exe --target=aarch64-none-linux-android21 --gcc-toolchain=C:/Users/ashton.SKYSECURE/AppData/Local/Android/Sdk/ndk-bundle/toolchains/llvm/prebuilt/windows-x86_64 --sysroot=C:/Users/ashton.SKYSECURE/AppData/Local/Android/Sdk/ndk-bundle/toolchains/llvm/prebuilt/windows-x86_64/sysroot -DKEYWORD=__inline  -g -DANDROID -fdata-sections -ffunction-sections -funwind-tables -fstack-protector-strong -no-canonical-prefixes -fno-addrsig -Wa,--noexecstack -Wformat -Werror=format-security   -fPIE -o CMakeFiles/cmTC_1e837.dir/CheckIncludeFile.c.o   -c CheckIncludeFile.c
CheckIncludeFile.c:1:10: fatal error: 'in6addr.h' file not found
#include <in6addr.h>
         ^~~~~~~~~~~
1 error generated.
ninja: build stopped: subcommand failed.


Determining if the include file sys/sockio.h exists failed with the following output:
Change Dir: C:/Users/ashton.SKYSECURE/Projects/AndroidNDKEample/app/outputs/cmake/cmake/release/arm64-v8a/CMakeFiles/CMakeTmp

Run Build Command:"C:\Users\ashton.SKYSECURE\AppData\Local\Android\Sdk\cmake\3.10.2.4988404\bin\ninja.exe" "cmTC_c7940"
[1/2] Building C object CMakeFiles/cmTC_c7940.dir/CheckIncludeFile.c.o
FAILED: CMakeFiles/cmTC_c7940.dir/CheckIncludeFile.c.o 
C:\Users\ashton.SKYSECURE\AppData\Local\Android\Sdk\ndk-bundle\toolchains\llvm\prebuilt\windows-x86_64\bin\clang.exe --target=aarch64-none-linux-android21 --gcc-toolchain=C:/Users/ashton.SKYSECURE/AppData/Local/Android/Sdk/ndk-bundle/toolchains/llvm/prebuilt/windows-x86_64 --sysroot=C:/Users/ashton.SKYSECURE/AppData/Local/Android/Sdk/ndk-bundle/toolchains/llvm/prebuilt/windows-x86_64/sysroot -DKEYWORD=__inline  -g -DANDROID -fdata-sections -ffunction-sections -funwind-tables -fstack-protector-strong -no-canonical-prefixes -fno-addrsig -Wa,--noexecstack -Wformat -Werror=format-security   -fPIE -o CMakeFiles/cmTC_c7940.dir/CheckIncludeFile.c.o   -c CheckIncludeFile.c
CheckIncludeFile.c:1:10: fatal error: 'sys/sockio.h' file not found
#include <sys/sockio.h>
         ^~~~~~~~~~~~~~
1 error generated.
ninja: build stopped: subcommand failed.


Determining if the include file vfork.h exists failed with the following output:
Change Dir: C:/Users/ashton.SKYSECURE/Projects/AndroidNDKEample/app/outputs/cmake/cmake/release/arm64-v8a/CMakeFiles/CMakeTmp

Run Build Command:"C:\Users\ashton.SKYSECURE\AppData\Local\Android\Sdk\cmake\3.10.2.4988404\bin\ninja.exe" "cmTC_dce11"
[1/2] Building C object CMakeFiles/cmTC_dce11.dir/CheckIncludeFile.c.o
FAILED: CMakeFiles/cmTC_dce11.dir/CheckIncludeFile.c.o 
C:\Users\ashton.SKYSECURE\AppData\Local\Android\Sdk\ndk-bundle\toolchains\llvm\prebuilt\windows-x86_64\bin\clang.exe --target=aarch64-none-linux-android21 --gcc-toolchain=C:/Users/ashton.SKYSECURE/AppData/Local/Android/Sdk/ndk-bundle/toolchains/llvm/prebuilt/windows-x86_64 --sysroot=C:/Users/ashton.SKYSECURE/AppData/Local/Android/Sdk/ndk-bundle/toolchains/llvm/prebuilt/windows-x86_64/sysroot -DKEYWORD=__inline  -g -DANDROID -fdata-sections -ffunction-sections -funwind-tables -fstack-protector-strong -no-canonical-prefixes -fno-addrsig -Wa,--noexecstack -Wformat -Werror=format-security   -fPIE -o CMakeFiles/cmTC_dce11.dir/CheckIncludeFile.c.o   -c CheckIncludeFile.c
CheckIncludeFile.c:1:10: fatal error: 'vfork.h' file not found
#include <vfork.h>
         ^~~~~~~~~
1 error generated.
ninja: build stopped: subcommand failed.


Determining if the function cap_set_flag exists in the cap failed with the following output:
Change Dir: C:/Users/ashton.SKYSECURE/Projects/AndroidNDKEample/app/outputs/cmake/cmake/release/arm64-v8a/CMakeFiles/CMakeTmp

Run Build Command:"C:\Users\ashton.SKYSECURE\AppData\Local\Android\Sdk\cmake\3.10.2.4988404\bin\ninja.exe" "cmTC_ef49c"
[1/2] Building C object CMakeFiles/cmTC_ef49c.dir/CheckFunctionExists.c.o
[2/2] Linking C executable cmTC_ef49c
FAILED: cmTC_ef49c 
cmd.exe /C "cd . && C:\Users\ashton.SKYSECURE\AppData\Local\Android\Sdk\ndk-bundle\toolchains\llvm\prebuilt\windows-x86_64\bin\clang.exe --target=aarch64-none-linux-android21 --gcc-toolchain=C:/Users/ashton.SKYSECURE/AppData/Local/Android/Sdk/ndk-bundle/toolchains/llvm/prebuilt/windows-x86_64 --sysroot=C:/Users/ashton.SKYSECURE/AppData/Local/Android/Sdk/ndk-bundle/toolchains/llvm/prebuilt/windows-x86_64/sysroot -g -DANDROID -fdata-sections -ffunction-sections -funwind-tables -fstack-protector-strong -no-canonical-prefixes -fno-addrsig -Wa,--noexecstack -Wformat -Werror=format-security  -DCHECK_FUNCTION_EXISTS=cap_set_flag  -Wl,--exclude-libs,libgcc.a -Wl,--exclude-libs,libatomic.a -static-libstdc++ -Wl,--build-id -Wl,--warn-shared-textrel -Wl,--fatal-warnings -Wl,--no-undefined -Qunused-arguments -Wl,-z,noexecstack -Wl,--gc-sections CMakeFiles/cmTC_ef49c.dir/CheckFunctionExists.c.o  -o cmTC_ef49c  -lcap -latomic -lm && cd ."
C:/Users/ashton.SKYSECURE/AppData/Local/Android/Sdk/ndk-bundle/toolchains/llvm/prebuilt/windows-x86_64/lib/gcc/aarch64-linux-android/4.9.x/../../../../aarch64-linux-android/bin\ld: cannot find -lcap
clang: error: linker command failed with exit code 1 (use -v to see invocation)
ninja: build stopped: subcommand failed.


Determining if the function SSL_CTX_set1_param exists failed with the following output:
Change Dir: C:/Users/ashton.SKYSECURE/Projects/AndroidNDKEample/app/outputs/cmake/cmake/release/arm64-v8a/CMakeFiles/CMakeTmp

Run Build Command:"C:\Users\ashton.SKYSECURE\AppData\Local\Android\Sdk\cmake\3.10.2.4988404\bin\ninja.exe" "cmTC_2ff88"
[1/2] Building C object CMakeFiles/cmTC_2ff88.dir/CheckFunctionExists.c.o
[2/2] Linking C executable cmTC_2ff88
FAILED: cmTC_2ff88 
cmd.exe /C "cd . && C:\Users\ashton.SKYSECURE\AppData\Local\Android\Sdk\ndk-bundle\toolchains\llvm\prebuilt\windows-x86_64\bin\clang.exe --target=aarch64-none-linux-android21 --gcc-toolchain=C:/Users/ashton.SKYSECURE/AppData/Local/Android/Sdk/ndk-bundle/toolchains/llvm/prebuilt/windows-x86_64 --sysroot=C:/Users/ashton.SKYSECURE/AppData/Local/Android/Sdk/ndk-bundle/toolchains/llvm/prebuilt/windows-x86_64/sysroot -Wall -Wsign-compare -Wuninitialized -Werror -fvisibility=hidden -Wundef  -Wtype-limits -Wignored-qualifiers -O3 -g -DANDROID -fdata-sections -ffunction-sections -funwind-tables -fstack-protector-strong -no-canonical-prefixes -fno-addrsig -Wa,--noexecstack -Wformat -Werror=format-security   -Wno-deprecated-declarations -pthread -DCHECK_FUNCTION_EXISTS=SSL_CTX_set1_param -pthread  -Wl,--exclude-libs,libgcc.a -Wl,--exclude-libs,libatomic.a -static-libstdc++ -Wl,--build-id -Wl,--warn-shared-textrel -Wl,--fatal-warnings -Wl,--no-undefined -Qunused-arguments -Wl,-z,noexecstack -Wl,--gc-sections CMakeFiles/cmTC_2ff88.dir/CheckFunctionExists.c.o  -o cmTC_2ff88  C:/Users/ashton.SKYSECURE/Projects/AndroidNDKEample/app/src/main/cpp/lib/openssl/x86/lib/libssl.a C:/Users/ashton.SKYSECURE/Projects/AndroidNDKEample/app/src/main/cpp/lib/openssl/x86/lib/libcrypto.a -lm -latomic -lm && cd ."
C:/Users/ashton.SKYSECURE/AppData/Local/Android/Sdk/ndk-bundle/toolchains/llvm/prebuilt/windows-x86_64/lib/gcc/aarch64-linux-android/4.9.x/../../../../aarch64-linux-android/bin\ld: C:/Users/ashton.SKYSECURE/Projects/AndroidNDKEample/app/src/main/cpp/lib/openssl/x86/lib/libssl.a(ssl_lib.o): Relocations in generic ELF (EM: 3)
C:/Users/ashton.SKYSECURE/AppData/Local/Android/Sdk/ndk-bundle/toolchains/llvm/prebuilt/windows-x86_64/lib/gcc/aarch64-linux-android/4.9.x/../../../../aarch64-linux-android/bin\ld: C:/Users/ashton.SKYSECURE/Projects/AndroidNDKEample/app/src/main/cpp/lib/openssl/x86/lib/libssl.a(ssl_lib.o): Relocations in generic ELF (EM: 3)
C:/Users/ashton.SKYSECURE/AppData/Local/Android/Sdk/ndk-bundle/toolchains/llvm/prebuilt/windows-x86_64/lib/gcc/aarch64-linux-android/4.9.x/../../../../aarch64-linux-android/bin\ld: C:/Users/ashton.SKYSECURE/Projects/AndroidNDKEample/app/src/main/cpp/lib/openssl/x86/lib/libssl.a(ssl_lib.o): Relocations in generic ELF (EM: 3)
C:/Users/ashton.SKYSECURE/AppData/Local/Android/Sdk/ndk-bundle/toolchains/llvm/prebuilt/windows-x86_64/lib/gcc/aarch64-linux-android/4.9.x/../../../../aarch64-linux-android/bin\ld: C:/Users/ashton.SKYSECURE/Projects/AndroidNDKEample/app/src/main/cpp/lib/openssl/x86/lib/libssl.a(ssl_lib.o): Relocations in generic ELF (EM: 3)
C:/Users/ashton.SKYSECURE/AppData/Local/Android/Sdk/ndk-bundle/toolchains/llvm/prebuilt/windows-x86_64/lib/gcc/aarch64-linux-android/4.9.x/../../../../aarch64-linux-android/bin\ld: C:/Users/ashton.SKYSECURE/Projects/AndroidNDKEample/app/src/main/cpp/lib/openssl/x86/lib/libssl.a(ssl_lib.o): Relocations in generic ELF (EM: 3)
C:/Users/ashton.SKYSECURE/Projects/AndroidNDKEample/app/src/main/cpp/lib/openssl/x86/lib/libssl.a: error adding symbols: File in wrong format
clang: error: linker command failed with exit code 1 (use -v to see invocation)
ninja: build stopped: subcommand failed.


Determining if the function SSL_set_info_callback exists failed with the following output:
Change Dir: C:/Users/ashton.SKYSECURE/Projects/AndroidNDKEample/app/outputs/cmake/cmake/release/arm64-v8a/CMakeFiles/CMakeTmp

Run Build Command:"C:\Users\ashton.SKYSECURE\AppData\Local\Android\Sdk\cmake\3.10.2.4988404\bin\ninja.exe" "cmTC_904df"
[1/2] Building C object CMakeFiles/cmTC_904df.dir/CheckFunctionExists.c.o
[2/2] Linking C executable cmTC_904df
FAILED: cmTC_904df 
cmd.exe /C "cd . && C:\Users\ashton.SKYSECURE\AppData\Local\Android\Sdk\ndk-bundle\toolchains\llvm\prebuilt\windows-x86_64\bin\clang.exe --target=aarch64-none-linux-android21 --gcc-toolchain=C:/Users/ashton.SKYSECURE/AppData/Local/Android/Sdk/ndk-bundle/toolchains/llvm/prebuilt/windows-x86_64 --sysroot=C:/Users/ashton.SKYSECURE/AppData/Local/Android/Sdk/ndk-bundle/toolchains/llvm/prebuilt/windows-x86_64/sysroot -Wall -Wsign-compare -Wuninitialized -Werror -fvisibility=hidden -Wundef  -Wtype-limits -Wignored-qualifiers -O3 -g -DANDROID -fdata-sections -ffunction-sections -funwind-tables -fstack-protector-strong -no-canonical-prefixes -fno-addrsig -Wa,--noexecstack -Wformat -Werror=format-security   -Wno-deprecated-declarations -pthread -DCHECK_FUNCTION_EXISTS=SSL_set_info_callback -pthread  -Wl,--exclude-libs,libgcc.a -Wl,--exclude-libs,libatomic.a -static-libstdc++ -Wl,--build-id -Wl,--warn-shared-textrel -Wl,--fatal-warnings -Wl,--no-undefined -Qunused-arguments -Wl,-z,noexecstack -Wl,--gc-sections CMakeFiles/cmTC_904df.dir/CheckFunctionExists.c.o  -o cmTC_904df  C:/Users/ashton.SKYSECURE/Projects/AndroidNDKEample/app/src/main/cpp/lib/openssl/x86/lib/libssl.a C:/Users/ashton.SKYSECURE/Projects/AndroidNDKEample/app/src/main/cpp/lib/openssl/x86/lib/libcrypto.a -lm -latomic -lm && cd ."
C:/Users/ashton.SKYSECURE/AppData/Local/Android/Sdk/ndk-bundle/toolchains/llvm/prebuilt/windows-x86_64/lib/gcc/aarch64-linux-android/4.9.x/../../../../aarch64-linux-android/bin\ld: C:/Users/ashton.SKYSECURE/Projects/AndroidNDKEample/app/src/main/cpp/lib/openssl/x86/lib/libssl.a(ssl_lib.o): Relocations in generic ELF (EM: 3)
C:/Users/ashton.SKYSECURE/AppData/Local/Android/Sdk/ndk-bundle/toolchains/llvm/prebuilt/windows-x86_64/lib/gcc/aarch64-linux-android/4.9.x/../../../../aarch64-linux-android/bin\ld: C:/Users/ashton.SKYSECURE/Projects/AndroidNDKEample/app/src/main/cpp/lib/openssl/x86/lib/libssl.a(ssl_lib.o): Relocations in generic ELF (EM: 3)
C:/Users/ashton.SKYSECURE/AppData/Local/Android/Sdk/ndk-bundle/toolchains/llvm/prebuilt/windows-x86_64/lib/gcc/aarch64-linux-android/4.9.x/../../../../aarch64-linux-android/bin\ld: C:/Users/ashton.SKYSECURE/Projects/AndroidNDKEample/app/src/main/cpp/lib/openssl/x86/lib/libssl.a(ssl_lib.o): Relocations in generic ELF (EM: 3)
C:/Users/ashton.SKYSECURE/AppData/Local/Android/Sdk/ndk-bundle/toolchains/llvm/prebuilt/windows-x86_64/lib/gcc/aarch64-linux-android/4.9.x/../../../../aarch64-linux-android/bin\ld: C:/Users/ashton.SKYSECURE/Projects/AndroidNDKEample/app/src/main/cpp/lib/openssl/x86/lib/libssl.a(ssl_lib.o): Relocations in generic ELF (EM: 3)
C:/Users/ashton.SKYSECURE/AppData/Local/Android/Sdk/ndk-bundle/toolchains/llvm/prebuilt/windows-x86_64/lib/gcc/aarch64-linux-android/4.9.x/../../../../aarch64-linux-android/bin\ld: C:/Users/ashton.SKYSECURE/Projects/AndroidNDKEample/app/src/main/cpp/lib/openssl/x86/lib/libssl.a(ssl_lib.o): Relocations in generic ELF (EM: 3)
C:/Users/ashton.SKYSECURE/Projects/AndroidNDKEample/app/src/main/cpp/lib/openssl/x86/lib/libssl.a: error adding symbols: File in wrong format
clang: error: linker command failed with exit code 1 (use -v to see invocation)
ninja: build stopped: subcommand failed.


Determining if the function X509_VERIFY_PARAM_set1_host exists failed with the following output:
Change Dir: C:/Users/ashton.SKYSECURE/Projects/AndroidNDKEample/app/outputs/cmake/cmake/release/arm64-v8a/CMakeFiles/CMakeTmp

Run Build Command:"C:\Users\ashton.SKYSECURE\AppData\Local\Android\Sdk\cmake\3.10.2.4988404\bin\ninja.exe" "cmTC_43cd1"
[1/2] Building C object CMakeFiles/cmTC_43cd1.dir/CheckFunctionExists.c.o
[2/2] Linking C executable cmTC_43cd1
FAILED: cmTC_43cd1 
cmd.exe /C "cd . && C:\Users\ashton.SKYSECURE\AppData\Local\Android\Sdk\ndk-bundle\toolchains\llvm\prebuilt\windows-x86_64\bin\clang.exe --target=aarch64-none-linux-android21 --gcc-toolchain=C:/Users/ashton.SKYSECURE/AppData/Local/Android/Sdk/ndk-bundle/toolchains/llvm/prebuilt/windows-x86_64 --sysroot=C:/Users/ashton.SKYSECURE/AppData/Local/Android/Sdk/ndk-bundle/toolchains/llvm/prebuilt/windows-x86_64/sysroot -Wall -Wsign-compare -Wuninitialized -Werror -fvisibility=hidden -Wundef  -Wtype-limits -Wignored-qualifiers -O3 -g -DANDROID -fdata-sections -ffunction-sections -funwind-tables -fstack-protector-strong -no-canonical-prefixes -fno-addrsig -Wa,--noexecstack -Wformat -Werror=format-security   -Wno-deprecated-declarations -pthread -DCHECK_FUNCTION_EXISTS=X509_VERIFY_PARAM_set1_host -pthread  -Wl,--exclude-libs,libgcc.a -Wl,--exclude-libs,libatomic.a -static-libstdc++ -Wl,--build-id -Wl,--warn-shared-textrel -Wl,--fatal-warnings -Wl,--no-undefined -Qunused-arguments -Wl,-z,noexecstack -Wl,--gc-sections CMakeFiles/cmTC_43cd1.dir/CheckFunctionExists.c.o  -o cmTC_43cd1  C:/Users/ashton.SKYSECURE/Projects/AndroidNDKEample/app/src/main/cpp/lib/openssl/x86/lib/libssl.a C:/Users/ashton.SKYSECURE/Projects/AndroidNDKEample/app/src/main/cpp/lib/openssl/x86/lib/libcrypto.a -lm -latomic -lm && cd ."
C:/Users/ashton.SKYSECURE/AppData/Local/Android/Sdk/ndk-bundle/toolchains/llvm/prebuilt/windows-x86_64/lib/gcc/aarch64-linux-android/4.9.x/../../../../aarch64-linux-android/bin\ld: C:/Users/ashton.SKYSECURE/Projects/AndroidNDKEample/app/src/main/cpp/lib/openssl/x86/lib/libcrypto.a(x509_vpm.o): Relocations in generic ELF (EM: 3)
C:/Users/ashton.SKYSECURE/AppData/Local/Android/Sdk/ndk-bundle/toolchains/llvm/prebuilt/windows-x86_64/lib/gcc/aarch64-linux-android/4.9.x/../../../../aarch64-linux-android/bin\ld: C:/Users/ashton.SKYSECURE/Projects/AndroidNDKEample/app/src/main/cpp/lib/openssl/x86/lib/libcrypto.a(x509_vpm.o): Relocations in generic ELF (EM: 3)
C:/Users/ashton.SKYSECURE/AppData/Local/Android/Sdk/ndk-bundle/toolchains/llvm/prebuilt/windows-x86_64/lib/gcc/aarch64-linux-android/4.9.x/../../../../aarch64-linux-android/bin\ld: C:/Users/ashton.SKYSECURE/Projects/AndroidNDKEample/app/src/main/cpp/lib/openssl/x86/lib/libcrypto.a(x509_vpm.o): Relocations in generic ELF (EM: 3)
C:/Users/ashton.SKYSECURE/Projects/AndroidNDKEample/app/src/main/cpp/lib/openssl/x86/lib/libcrypto.a: error adding symbols: File in wrong format
clang: error: linker command failed with exit code 1 (use -v to see invocation)
ninja: build stopped: subcommand failed.


Determining if the function RSA_set0_key exists failed with the following output:
Change Dir: C:/Users/ashton.SKYSECURE/Projects/AndroidNDKEample/app/outputs/cmake/cmake/release/arm64-v8a/CMakeFiles/CMakeTmp

Run Build Command:"C:\Users\ashton.SKYSECURE\AppData\Local\Android\Sdk\cmake\3.10.2.4988404\bin\ninja.exe" "cmTC_5f7b2"
[1/2] Building C object CMakeFiles/cmTC_5f7b2.dir/CheckFunctionExists.c.o
[2/2] Linking C executable cmTC_5f7b2
FAILED: cmTC_5f7b2 
cmd.exe /C "cd . && C:\Users\ashton.SKYSECURE\AppData\Local\Android\Sdk\ndk-bundle\toolchains\llvm\prebuilt\windows-x86_64\bin\clang.exe --target=aarch64-none-linux-android21 --gcc-toolchain=C:/Users/ashton.SKYSECURE/AppData/Local/Android/Sdk/ndk-bundle/toolchains/llvm/prebuilt/windows-x86_64 --sysroot=C:/Users/ashton.SKYSECURE/AppData/Local/Android/Sdk/ndk-bundle/toolchains/llvm/prebuilt/windows-x86_64/sysroot -Wall -Wsign-compare -Wuninitialized -Werror -fvisibility=hidden -Wundef  -Wtype-limits -Wignored-qualifiers -O3 -g -DANDROID -fdata-sections -ffunction-sections -funwind-tables -fstack-protector-strong -no-canonical-prefixes -fno-addrsig -Wa,--noexecstack -Wformat -Werror=format-security   -Wno-deprecated-declarations -pthread -DCHECK_FUNCTION_EXISTS=RSA_set0_key -pthread  -Wl,--exclude-libs,libgcc.a -Wl,--exclude-libs,libatomic.a -static-libstdc++ -Wl,--build-id -Wl,--warn-shared-textrel -Wl,--fatal-warnings -Wl,--no-undefined -Qunused-arguments -Wl,-z,noexecstack -Wl,--gc-sections CMakeFiles/cmTC_5f7b2.dir/CheckFunctionExists.c.o  -o cmTC_5f7b2  C:/Users/ashton.SKYSECURE/Projects/AndroidNDKEample/app/src/main/cpp/lib/openssl/x86/lib/libssl.a C:/Users/ashton.SKYSECURE/Projects/AndroidNDKEample/app/src/main/cpp/lib/openssl/x86/lib/libcrypto.a -lm -latomic -lm && cd ."
CMakeFiles/cmTC_5f7b2.dir/CheckFunctionExists.c.o: In function `main':
C:/Users/ashton.SKYSECURE/AppData/Local/Android/Sdk/cmake/3.10.2.4988404/share/cmake-3.10/Modules/CheckFunctionExists.c:17: undefined reference to `RSA_set0_key'
clang: error: linker command failed with exit code 1 (use -v to see invocation)
ninja: build stopped: subcommand failed.


Determining if the function X509_get_key_usage exists failed with the following output:
Change Dir: C:/Users/ashton.SKYSECURE/Projects/AndroidNDKEample/app/outputs/cmake/cmake/release/arm64-v8a/CMakeFiles/CMakeTmp

Run Build Command:"C:\Users\ashton.SKYSECURE\AppData\Local\Android\Sdk\cmake\3.10.2.4988404\bin\ninja.exe" "cmTC_c8c7f"
[1/2] Building C object CMakeFiles/cmTC_c8c7f.dir/CheckFunctionExists.c.o
[2/2] Linking C executable cmTC_c8c7f
FAILED: cmTC_c8c7f 
cmd.exe /C "cd . && C:\Users\ashton.SKYSECURE\AppData\Local\Android\Sdk\ndk-bundle\toolchains\llvm\prebuilt\windows-x86_64\bin\clang.exe --target=aarch64-none-linux-android21 --gcc-toolchain=C:/Users/ashton.SKYSECURE/AppData/Local/Android/Sdk/ndk-bundle/toolchains/llvm/prebuilt/windows-x86_64 --sysroot=C:/Users/ashton.SKYSECURE/AppData/Local/Android/Sdk/ndk-bundle/toolchains/llvm/prebuilt/windows-x86_64/sysroot -Wall -Wsign-compare -Wuninitialized -Werror -fvisibility=hidden -Wundef  -Wtype-limits -Wignored-qualifiers -O3 -g -DANDROID -fdata-sections -ffunction-sections -funwind-tables -fstack-protector-strong -no-canonical-prefixes -fno-addrsig -Wa,--noexecstack -Wformat -Werror=format-security   -Wno-deprecated-declarations -pthread -DCHECK_FUNCTION_EXISTS=X509_get_key_usage -pthread  -Wl,--exclude-libs,libgcc.a -Wl,--exclude-libs,libatomic.a -static-libstdc++ -Wl,--build-id -Wl,--warn-shared-textrel -Wl,--fatal-warnings -Wl,--no-undefined -Qunused-arguments -Wl,-z,noexecstack -Wl,--gc-sections CMakeFiles/cmTC_c8c7f.dir/CheckFunctionExists.c.o  -o cmTC_c8c7f  C:/Users/ashton.SKYSECURE/Projects/AndroidNDKEample/app/src/main/cpp/lib/openssl/x86/lib/libssl.a C:/Users/ashton.SKYSECURE/Projects/AndroidNDKEample/app/src/main/cpp/lib/openssl/x86/lib/libcrypto.a -lm -latomic -lm && cd ."
CMakeFiles/cmTC_c8c7f.dir/CheckFunctionExists.c.o: In function `main':
C:/Users/ashton.SKYSECURE/AppData/Local/Android/Sdk/cmake/3.10.2.4988404/share/cmake-3.10/Modules/CheckFunctionExists.c:17: undefined reference to `X509_get_key_usage'
clang: error: linker command failed with exit code 1 (use -v to see invocation)
ninja: build stopped: subcommand failed.


Determining if the function SSL_CTX_get0_certificate exists failed with the following output:
Change Dir: C:/Users/ashton.SKYSECURE/Projects/AndroidNDKEample/app/outputs/cmake/cmake/release/arm64-v8a/CMakeFiles/CMakeTmp

Run Build Command:"C:\Users\ashton.SKYSECURE\AppData\Local\Android\Sdk\cmake\3.10.2.4988404\bin\ninja.exe" "cmTC_cd1a8"
[1/2] Building C object CMakeFiles/cmTC_cd1a8.dir/CheckFunctionExists.c.o
[2/2] Linking C executable cmTC_cd1a8
FAILED: cmTC_cd1a8 
cmd.exe /C "cd . && C:\Users\ashton.SKYSECURE\AppData\Local\Android\Sdk\ndk-bundle\toolchains\llvm\prebuilt\windows-x86_64\bin\clang.exe --target=aarch64-none-linux-android21 --gcc-toolchain=C:/Users/ashton.SKYSECURE/AppData/Local/Android/Sdk/ndk-bundle/toolchains/llvm/prebuilt/windows-x86_64 --sysroot=C:/Users/ashton.SKYSECURE/AppData/Local/Android/Sdk/ndk-bundle/toolchains/llvm/prebuilt/windows-x86_64/sysroot -Wall -Wsign-compare -Wuninitialized -Werror -fvisibility=hidden -Wundef  -Wtype-limits -Wignored-qualifiers -O3 -g -DANDROID -fdata-sections -ffunction-sections -funwind-tables -fstack-protector-strong -no-canonical-prefixes -fno-addrsig -Wa,--noexecstack -Wformat -Werror=format-security   -Wno-deprecated-declarations -pthread -DCHECK_FUNCTION_EXISTS=SSL_CTX_get0_certificate -pthread  -Wl,--exclude-libs,libgcc.a -Wl,--exclude-libs,libatomic.a -static-libstdc++ -Wl,--build-id -Wl,--warn-shared-textrel -Wl,--fatal-warnings -Wl,--no-undefined -Qunused-arguments -Wl,-z,noexecstack -Wl,--gc-sections CMakeFiles/cmTC_cd1a8.dir/CheckFunctionExists.c.o  -o cmTC_cd1a8  C:/Users/ashton.SKYSECURE/Projects/AndroidNDKEample/app/src/main/cpp/lib/openssl/x86/lib/libssl.a C:/Users/ashton.SKYSECURE/Projects/AndroidNDKEample/app/src/main/cpp/lib/openssl/x86/lib/libcrypto.a -lm -latomic -lm && cd ."
C:/Users/ashton.SKYSECURE/AppData/Local/Android/Sdk/ndk-bundle/toolchains/llvm/prebuilt/windows-x86_64/lib/gcc/aarch64-linux-android/4.9.x/../../../../aarch64-linux-android/bin\ld: C:/Users/ashton.SKYSECURE/Projects/AndroidNDKEample/app/src/main/cpp/lib/openssl/x86/lib/libssl.a(ssl_lib.o): Relocations in generic ELF (EM: 3)
C:/Users/ashton.SKYSECURE/AppData/Local/Android/Sdk/ndk-bundle/toolchains/llvm/prebuilt/windows-x86_64/lib/gcc/aarch64-linux-android/4.9.x/../../../../aarch64-linux-android/bin\ld: C:/Users/ashton.SKYSECURE/Projects/AndroidNDKEample/app/src/main/cpp/lib/openssl/x86/lib/libssl.a(ssl_lib.o): Relocations in generic ELF (EM: 3)
C:/Users/ashton.SKYSECURE/AppData/Local/Android/Sdk/ndk-bundle/toolchains/llvm/prebuilt/windows-x86_64/lib/gcc/aarch64-linux-android/4.9.x/../../../../aarch64-linux-android/bin\ld: C:/Users/ashton.SKYSECURE/Projects/AndroidNDKEample/app/src/main/cpp/lib/openssl/x86/lib/libssl.a(ssl_lib.o): Relocations in generic ELF (EM: 3)
C:/Users/ashton.SKYSECURE/AppData/Local/Android/Sdk/ndk-bundle/toolchains/llvm/prebuilt/windows-x86_64/lib/gcc/aarch64-linux-android/4.9.x/../../../../aarch64-linux-android/bin\ld: C:/Users/ashton.SKYSECURE/Projects/AndroidNDKEample/app/src/main/cpp/lib/openssl/x86/lib/libssl.a(ssl_lib.o): Relocations in generic ELF (EM: 3)
C:/Users/ashton.SKYSECURE/AppData/Local/Android/Sdk/ndk-bundle/toolchains/llvm/prebuilt/windows-x86_64/lib/gcc/aarch64-linux-android/4.9.x/../../../../aarch64-linux-android/bin\ld: C:/Users/ashton.SKYSECURE/Projects/AndroidNDKEample/app/src/main/cpp/lib/openssl/x86/lib/libssl.a(ssl_lib.o): Relocations in generic ELF (EM: 3)
C:/Users/ashton.SKYSECURE/Projects/AndroidNDKEample/app/src/main/cpp/lib/openssl/x86/lib/libssl.a: error adding symbols: File in wrong format
clang: error: linker command failed with exit code 1 (use -v to see invocation)
ninja: build stopped: subcommand failed.


Determining if the function SSL_get0_alpn_selected exists failed with the following output:
Change Dir: C:/Users/ashton.SKYSECURE/Projects/AndroidNDKEample/app/outputs/cmake/cmake/release/arm64-v8a/CMakeFiles/CMakeTmp

Run Build Command:"C:\Users\ashton.SKYSECURE\AppData\Local\Android\Sdk\cmake\3.10.2.4988404\bin\ninja.exe" "cmTC_cdf6d"
[1/2] Building C object CMakeFiles/cmTC_cdf6d.dir/CheckFunctionExists.c.o
[2/2] Linking C executable cmTC_cdf6d
FAILED: cmTC_cdf6d 
cmd.exe /C "cd . && C:\Users\ashton.SKYSECURE\AppData\Local\Android\Sdk\ndk-bundle\toolchains\llvm\prebuilt\windows-x86_64\bin\clang.exe --target=aarch64-none-linux-android21 --gcc-toolchain=C:/Users/ashton.SKYSECURE/AppData/Local/Android/Sdk/ndk-bundle/toolchains/llvm/prebuilt/windows-x86_64 --sysroot=C:/Users/ashton.SKYSECURE/AppData/Local/Android/Sdk/ndk-bundle/toolchains/llvm/prebuilt/windows-x86_64/sysroot -Wall -Wsign-compare -Wuninitialized -Werror -fvisibility=hidden -Wundef  -Wtype-limits -Wignored-qualifiers -O3 -g -DANDROID -fdata-sections -ffunction-sections -funwind-tables -fstack-protector-strong -no-canonical-prefixes -fno-addrsig -Wa,--noexecstack -Wformat -Werror=format-security   -Wno-deprecated-declarations -pthread -DCHECK_FUNCTION_EXISTS=SSL_get0_alpn_selected -pthread  -Wl,--exclude-libs,libgcc.a -Wl,--exclude-libs,libatomic.a -static-libstdc++ -Wl,--build-id -Wl,--warn-shared-textrel -Wl,--fatal-warnings -Wl,--no-undefined -Qunused-arguments -Wl,-z,noexecstack -Wl,--gc-sections CMakeFiles/cmTC_cdf6d.dir/CheckFunctionExists.c.o  -o cmTC_cdf6d  C:/Users/ashton.SKYSECURE/Projects/AndroidNDKEample/app/src/main/cpp/lib/openssl/x86/lib/libssl.a C:/Users/ashton.SKYSECURE/Projects/AndroidNDKEample/app/src/main/cpp/lib/openssl/x86/lib/libcrypto.a -lm -latomic -lm && cd ."
C:/Users/ashton.SKYSECURE/AppData/Local/Android/Sdk/ndk-bundle/toolchains/llvm/prebuilt/windows-x86_64/lib/gcc/aarch64-linux-android/4.9.x/../../../../aarch64-linux-android/bin\ld: C:/Users/ashton.SKYSECURE/Projects/AndroidNDKEample/app/src/main/cpp/lib/openssl/x86/lib/libssl.a(ssl_lib.o): Relocations in generic ELF (EM: 3)
C:/Users/ashton.SKYSECURE/AppData/Local/Android/Sdk/ndk-bundle/toolchains/llvm/prebuilt/windows-x86_64/lib/gcc/aarch64-linux-android/4.9.x/../../../../aarch64-linux-android/bin\ld: C:/Users/ashton.SKYSECURE/Projects/AndroidNDKEample/app/src/main/cpp/lib/openssl/x86/lib/libssl.a(ssl_lib.o): Relocations in generic ELF (EM: 3)
C:/Users/ashton.SKYSECURE/AppData/Local/Android/Sdk/ndk-bundle/toolchains/llvm/prebuilt/windows-x86_64/lib/gcc/aarch64-linux-android/4.9.x/../../../../aarch64-linux-android/bin\ld: C:/Users/ashton.SKYSECURE/Projects/AndroidNDKEample/app/src/main/cpp/lib/openssl/x86/lib/libssl.a(ssl_lib.o): Relocations in generic ELF (EM: 3)
C:/Users/ashton.SKYSECURE/AppData/Local/Android/Sdk/ndk-bundle/toolchains/llvm/prebuilt/windows-x86_64/lib/gcc/aarch64-linux-android/4.9.x/../../../../aarch64-linux-android/bin\ld: C:/Users/ashton.SKYSECURE/Projects/AndroidNDKEample/app/src/main/cpp/lib/openssl/x86/lib/libssl.a(ssl_lib.o): Relocations in generic ELF (EM: 3)
C:/Users/ashton.SKYSECURE/AppData/Local/Android/Sdk/ndk-bundle/toolchains/llvm/prebuilt/windows-x86_64/lib/gcc/aarch64-linux-android/4.9.x/../../../../aarch64-linux-android/bin\ld: C:/Users/ashton.SKYSECURE/Projects/AndroidNDKEample/app/src/main/cpp/lib/openssl/x86/lib/libssl.a(ssl_lib.o): Relocations in generic ELF (EM: 3)
C:/Users/ashton.SKYSECURE/Projects/AndroidNDKEample/app/src/main/cpp/lib/openssl/x86/lib/libssl.a: error adding symbols: File in wrong format
clang: error: linker command failed with exit code 1 (use -v to see invocation)
ninja: build stopped: subcommand failed.


Determining if the function SSL_set_alpn_protos exists failed with the following output:
Change Dir: C:/Users/ashton.SKYSECURE/Projects/AndroidNDKEample/app/outputs/cmake/cmake/release/arm64-v8a/CMakeFiles/CMakeTmp

Run Build Command:"C:\Users\ashton.SKYSECURE\AppData\Local\Android\Sdk\cmake\3.10.2.4988404\bin\ninja.exe" "cmTC_2331e"
[1/2] Building C object CMakeFiles/cmTC_2331e.dir/CheckFunctionExists.c.o
[2/2] Linking C executable cmTC_2331e
FAILED: cmTC_2331e 
cmd.exe /C "cd . && C:\Users\ashton.SKYSECURE\AppData\Local\Android\Sdk\ndk-bundle\toolchains\llvm\prebuilt\windows-x86_64\bin\clang.exe --target=aarch64-none-linux-android21 --gcc-toolchain=C:/Users/ashton.SKYSECURE/AppData/Local/Android/Sdk/ndk-bundle/toolchains/llvm/prebuilt/windows-x86_64 --sysroot=C:/Users/ashton.SKYSECURE/AppData/Local/Android/Sdk/ndk-bundle/toolchains/llvm/prebuilt/windows-x86_64/sysroot -Wall -Wsign-compare -Wuninitialized -Werror -fvisibility=hidden -Wundef  -Wtype-limits -Wignored-qualifiers -O3 -g -DANDROID -fdata-sections -ffunction-sections -funwind-tables -fstack-protector-strong -no-canonical-prefixes -fno-addrsig -Wa,--noexecstack -Wformat -Werror=format-security   -Wno-deprecated-declarations -pthread -DCHECK_FUNCTION_EXISTS=SSL_set_alpn_protos -pthread  -Wl,--exclude-libs,libgcc.a -Wl,--exclude-libs,libatomic.a -static-libstdc++ -Wl,--build-id -Wl,--warn-shared-textrel -Wl,--fatal-warnings -Wl,--no-undefined -Qunused-arguments -Wl,-z,noexecstack -Wl,--gc-sections CMakeFiles/cmTC_2331e.dir/CheckFunctionExists.c.o  -o cmTC_2331e  C:/Users/ashton.SKYSECURE/Projects/AndroidNDKEample/app/src/main/cpp/lib/openssl/x86/lib/libssl.a C:/Users/ashton.SKYSECURE/Projects/AndroidNDKEample/app/src/main/cpp/lib/openssl/x86/lib/libcrypto.a -lm -latomic -lm && cd ."
C:/Users/ashton.SKYSECURE/AppData/Local/Android/Sdk/ndk-bundle/toolchains/llvm/prebuilt/windows-x86_64/lib/gcc/aarch64-linux-android/4.9.x/../../../../aarch64-linux-android/bin\ld: C:/Users/ashton.SKYSECURE/Projects/AndroidNDKEample/app/src/main/cpp/lib/openssl/x86/lib/libssl.a(ssl_lib.o): Relocations in generic ELF (EM: 3)
C:/Users/ashton.SKYSECURE/AppData/Local/Android/Sdk/ndk-bundle/toolchains/llvm/prebuilt/windows-x86_64/lib/gcc/aarch64-linux-android/4.9.x/../../../../aarch64-linux-android/bin\ld: C:/Users/ashton.SKYSECURE/Projects/AndroidNDKEample/app/src/main/cpp/lib/openssl/x86/lib/libssl.a(ssl_lib.o): Relocations in generic ELF (EM: 3)
C:/Users/ashton.SKYSECURE/AppData/Local/Android/Sdk/ndk-bundle/toolchains/llvm/prebuilt/windows-x86_64/lib/gcc/aarch64-linux-android/4.9.x/../../../../aarch64-linux-android/bin\ld: C:/Users/ashton.SKYSECURE/Projects/AndroidNDKEample/app/src/main/cpp/lib/openssl/x86/lib/libssl.a(ssl_lib.o): Relocations in generic ELF (EM: 3)
C:/Users/ashton.SKYSECURE/AppData/Local/Android/Sdk/ndk-bundle/toolchains/llvm/prebuilt/windows-x86_64/lib/gcc/aarch64-linux-android/4.9.x/../../../../aarch64-linux-android/bin\ld: C:/Users/ashton.SKYSECURE/Projects/AndroidNDKEample/app/src/main/cpp/lib/openssl/x86/lib/libssl.a(ssl_lib.o): Relocations in generic ELF (EM: 3)
C:/Users/ashton.SKYSECURE/AppData/Local/Android/Sdk/ndk-bundle/toolchains/llvm/prebuilt/windows-x86_64/lib/gcc/aarch64-linux-android/4.9.x/../../../../aarch64-linux-android/bin\ld: C:/Users/ashton.SKYSECURE/Projects/AndroidNDKEample/app/src/main/cpp/lib/openssl/x86/lib/libssl.a(ssl_lib.o): Relocations in generic ELF (EM: 3)
C:/Users/ashton.SKYSECURE/Projects/AndroidNDKEample/app/src/main/cpp/lib/openssl/x86/lib/libssl.a: error adding symbols: File in wrong format
clang: error: linker command failed with exit code 1 (use -v to see invocation)
ninja: build stopped: subcommand failed.


Determining if the function SSL_CTX_set_ciphersuites exists failed with the following output:
Change Dir: C:/Users/ashton.SKYSECURE/Projects/AndroidNDKEample/app/outputs/cmake/cmake/release/arm64-v8a/CMakeFiles/CMakeTmp

Run Build Command:"C:\Users\ashton.SKYSECURE\AppData\Local\Android\Sdk\cmake\3.10.2.4988404\bin\ninja.exe" "cmTC_aa91d"
[1/2] Building C object CMakeFiles/cmTC_aa91d.dir/CheckFunctionExists.c.o
[2/2] Linking C executable cmTC_aa91d
FAILED: cmTC_aa91d 
cmd.exe /C "cd . && C:\Users\ashton.SKYSECURE\AppData\Local\Android\Sdk\ndk-bundle\toolchains\llvm\prebuilt\windows-x86_64\bin\clang.exe --target=aarch64-none-linux-android21 --gcc-toolchain=C:/Users/ashton.SKYSECURE/AppData/Local/Android/Sdk/ndk-bundle/toolchains/llvm/prebuilt/windows-x86_64 --sysroot=C:/Users/ashton.SKYSECURE/AppData/Local/Android/Sdk/ndk-bundle/toolchains/llvm/prebuilt/windows-x86_64/sysroot -Wall -Wsign-compare -Wuninitialized -Werror -fvisibility=hidden -Wundef  -Wtype-limits -Wignored-qualifiers -O3 -g -DANDROID -fdata-sections -ffunction-sections -funwind-tables -fstack-protector-strong -no-canonical-prefixes -fno-addrsig -Wa,--noexecstack -Wformat -Werror=format-security   -Wno-deprecated-declarations -pthread -DCHECK_FUNCTION_EXISTS=SSL_CTX_set_ciphersuites -pthread  -Wl,--exclude-libs,libgcc.a -Wl,--exclude-libs,libatomic.a -static-libstdc++ -Wl,--build-id -Wl,--warn-shared-textrel -Wl,--fatal-warnings -Wl,--no-undefined -Qunused-arguments -Wl,-z,noexecstack -Wl,--gc-sections CMakeFiles/cmTC_aa91d.dir/CheckFunctionExists.c.o  -o cmTC_aa91d  C:/Users/ashton.SKYSECURE/Projects/AndroidNDKEample/app/src/main/cpp/lib/openssl/x86/lib/libssl.a C:/Users/ashton.SKYSECURE/Projects/AndroidNDKEample/app/src/main/cpp/lib/openssl/x86/lib/libcrypto.a -lm -latomic -lm && cd ."
CMakeFiles/cmTC_aa91d.dir/CheckFunctionExists.c.o: In function `main':
C:/Users/ashton.SKYSECURE/AppData/Local/Android/Sdk/cmake/3.10.2.4988404/share/cmake-3.10/Modules/CheckFunctionExists.c:17: undefined reference to `SSL_CTX_set_ciphersuites'
clang: error: linker command failed with exit code 1 (use -v to see invocation)
ninja: build stopped: subcommand failed.


Determining if the function TLS_client_method exists failed with the following output:
Change Dir: C:/Users/ashton.SKYSECURE/Projects/AndroidNDKEample/app/outputs/cmake/cmake/release/arm64-v8a/CMakeFiles/CMakeTmp

Run Build Command:"C:\Users\ashton.SKYSECURE\AppData\Local\Android\Sdk\cmake\3.10.2.4988404\bin\ninja.exe" "cmTC_4dcab"
[1/2] Building C object CMakeFiles/cmTC_4dcab.dir/CheckFunctionExists.c.o
[2/2] Linking C executable cmTC_4dcab
FAILED: cmTC_4dcab 
cmd.exe /C "cd . && C:\Users\ashton.SKYSECURE\AppData\Local\Android\Sdk\ndk-bundle\toolchains\llvm\prebuilt\windows-x86_64\bin\clang.exe --target=aarch64-none-linux-android21 --gcc-toolchain=C:/Users/ashton.SKYSECURE/AppData/Local/Android/Sdk/ndk-bundle/toolchains/llvm/prebuilt/windows-x86_64 --sysroot=C:/Users/ashton.SKYSECURE/AppData/Local/Android/Sdk/ndk-bundle/toolchains/llvm/prebuilt/windows-x86_64/sysroot -Wall -Wsign-compare -Wuninitialized -Werror -fvisibility=hidden -Wundef  -Wtype-limits -Wignored-qualifiers -O3 -g -DANDROID -fdata-sections -ffunction-sections -funwind-tables -fstack-protector-strong -no-canonical-prefixes -fno-addrsig -Wa,--noexecstack -Wformat -Werror=format-security   -Wno-deprecated-declarations -pthread -DCHECK_FUNCTION_EXISTS=TLS_client_method -pthread  -Wl,--exclude-libs,libgcc.a -Wl,--exclude-libs,libatomic.a -static-libstdc++ -Wl,--build-id -Wl,--warn-shared-textrel -Wl,--fatal-warnings -Wl,--no-undefined -Qunused-arguments -Wl,-z,noexecstack -Wl,--gc-sections CMakeFiles/cmTC_4dcab.dir/CheckFunctionExists.c.o  -o cmTC_4dcab  C:/Users/ashton.SKYSECURE/Projects/AndroidNDKEample/app/src/main/cpp/lib/openssl/x86/lib/libssl.a C:/Users/ashton.SKYSECURE/Projects/AndroidNDKEample/app/src/main/cpp/lib/openssl/x86/lib/libcrypto.a -lm -latomic -lm && cd ."
CMakeFiles/cmTC_4dcab.dir/CheckFunctionExists.c.o: In function `main':
C:/Users/ashton.SKYSECURE/AppData/Local/Android/Sdk/cmake/3.10.2.4988404/share/cmake-3.10/Modules/CheckFunctionExists.c:17: undefined reference to `TLS_client_method'
clang: error: linker command failed with exit code 1 (use -v to see invocation)
ninja: build stopped: subcommand failed.


Determining if the function TLSv1_2_client_method exists failed with the following output:
Change Dir: C:/Users/ashton.SKYSECURE/Projects/AndroidNDKEample/app/outputs/cmake/cmake/release/arm64-v8a/CMakeFiles/CMakeTmp

Run Build Command:"C:\Users\ashton.SKYSECURE\AppData\Local\Android\Sdk\cmake\3.10.2.4988404\bin\ninja.exe" "cmTC_4f2c4"
[1/2] Building C object CMakeFiles/cmTC_4f2c4.dir/CheckFunctionExists.c.o
[2/2] Linking C executable cmTC_4f2c4
FAILED: cmTC_4f2c4 
cmd.exe /C "cd . && C:\Users\ashton.SKYSECURE\AppData\Local\Android\Sdk\ndk-bundle\toolchains\llvm\prebuilt\windows-x86_64\bin\clang.exe --target=aarch64-none-linux-android21 --gcc-toolchain=C:/Users/ashton.SKYSECURE/AppData/Local/Android/Sdk/ndk-bundle/toolchains/llvm/prebuilt/windows-x86_64 --sysroot=C:/Users/ashton.SKYSECURE/AppData/Local/Android/Sdk/ndk-bundle/toolchains/llvm/prebuilt/windows-x86_64/sysroot -Wall -Wsign-compare -Wuninitialized -Werror -fvisibility=hidden -Wundef  -Wtype-limits -Wignored-qualifiers -O3 -g -DANDROID -fdata-sections -ffunction-sections -funwind-tables -fstack-protector-strong -no-canonical-prefixes -fno-addrsig -Wa,--noexecstack -Wformat -Werror=format-security   -Wno-deprecated-declarations -pthread -DCHECK_FUNCTION_EXISTS=TLSv1_2_client_method -pthread  -Wl,--exclude-libs,libgcc.a -Wl,--exclude-libs,libatomic.a -static-libstdc++ -Wl,--build-id -Wl,--warn-shared-textrel -Wl,--fatal-warnings -Wl,--no-undefined -Qunused-arguments -Wl,-z,noexecstack -Wl,--gc-sections CMakeFiles/cmTC_4f2c4.dir/CheckFunctionExists.c.o  -o cmTC_4f2c4  C:/Users/ashton.SKYSECURE/Projects/AndroidNDKEample/app/src/main/cpp/lib/openssl/x86/lib/libssl.a C:/Users/ashton.SKYSECURE/Projects/AndroidNDKEample/app/src/main/cpp/lib/openssl/x86/lib/libcrypto.a -lm -latomic -lm && cd ."
C:/Users/ashton.SKYSECURE/AppData/Local/Android/Sdk/ndk-bundle/toolchains/llvm/prebuilt/windows-x86_64/lib/gcc/aarch64-linux-android/4.9.x/../../../../aarch64-linux-android/bin\ld: C:/Users/ashton.SKYSECURE/Projects/AndroidNDKEample/app/src/main/cpp/lib/openssl/x86/lib/libssl.a(t1_clnt.o): Relocations in generic ELF (EM: 3)
C:/Users/ashton.SKYSECURE/AppData/Local/Android/Sdk/ndk-bundle/toolchains/llvm/prebuilt/windows-x86_64/lib/gcc/aarch64-linux-android/4.9.x/../../../../aarch64-linux-android/bin\ld: C:/Users/ashton.SKYSECURE/Projects/AndroidNDKEample/app/src/main/cpp/lib/openssl/x86/lib/libssl.a(t1_clnt.o): Relocations in generic ELF (EM: 3)
C:/Users/ashton.SKYSECURE/AppData/Local/Android/Sdk/ndk-bundle/toolchains/llvm/prebuilt/windows-x86_64/lib/gcc/aarch64-linux-android/4.9.x/../../../../aarch64-linux-android/bin\ld: C:/Users/ashton.SKYSECURE/Projects/AndroidNDKEample/app/src/main/cpp/lib/openssl/x86/lib/libssl.a(t1_clnt.o): Relocations in generic ELF (EM: 3)
C:/Users/ashton.SKYSECURE/Projects/AndroidNDKEample/app/src/main/cpp/lib/openssl/x86/lib/libssl.a: error adding symbols: File in wrong format
clang: error: linker command failed with exit code 1 (use -v to see invocation)
ninja: build stopped: subcommand failed.


