Determining if the function getifaddrs exists failed with the following output:
Change Dir: C:/Users/ashton.SKYSECURE/Projects/AndroidNDKEample/app/outputs/cmake/cmake/debug/arm64-v8a/CMakeFiles/CMakeTmp

Run Build Command:"C:\Users\ashton.SKYSECURE\AppData\Local\Android\Sdk\cmake\3.10.2.4988404\bin\ninja.exe" "cmTC_7c980"
[1/2] Building C object CMakeFiles/cmTC_7c980.dir/CheckFunctionExists.c.o
[2/2] Linking C executable cmTC_7c980
FAILED: cmTC_7c980 
cmd.exe /C "cd . && C:\Users\ashton.SKYSECURE\AppData\Local\Android\Sdk\ndk-bundle\toolchains\llvm\prebuilt\windows-x86_64\bin\clang.exe --target=aarch64-none-linux-android21 --gcc-toolchain=C:/Users/ashton.SKYSECURE/AppData/Local/Android/Sdk/ndk-bundle/toolchains/llvm/prebuilt/windows-x86_64 --sysroot=C:/Users/ashton.SKYSECURE/AppData/Local/Android/Sdk/ndk-bundle/toolchains/llvm/prebuilt/windows-x86_64/sysroot -g -DANDROID -fdata-sections -ffunction-sections -funwind-tables -fstack-protector-strong -no-canonical-prefixes -fno-addrsig -Wa,--noexecstack -Wformat -Werror=format-security  -DCHECK_FUNCTION_EXISTS=getifaddrs  -Wl,--exclude-libs,libgcc.a -Wl,--exclude-libs,libatomic.a -static-libstdc++ -Wl,--build-id -Wl,--warn-shared-textrel -Wl,--fatal-warnings -Wl,--no-undefined -Qunused-arguments -Wl,-z,noexecstack -Wl,--gc-sections CMakeFiles/cmTC_7c980.dir/CheckFunctionExists.c.o  -o cmTC_7c980  -latomic -lm && cd ."
CMakeFiles/cmTC_7c980.dir/CheckFunctionExists.c.o: In function `main':
C:/Users/ashton.SKYSECURE/AppData/Local/Android/Sdk/cmake/3.10.2.4988404/share/cmake-3.10/Modules/CheckFunctionExists.c:17: undefined reference to `getifaddrs'
clang: error: linker command failed with exit code 1 (use -v to see invocation)
ninja: build stopped: subcommand failed.


Determining if the function _snprintf exists failed with the following output:
Change Dir: C:/Users/ashton.SKYSECURE/Projects/AndroidNDKEample/app/outputs/cmake/cmake/debug/arm64-v8a/CMakeFiles/CMakeTmp

Run Build Command:"C:\Users\ashton.SKYSECURE\AppData\Local\Android\Sdk\cmake\3.10.2.4988404\bin\ninja.exe" "cmTC_abe46"
[1/2] Building C object CMakeFiles/cmTC_abe46.dir/CheckFunctionExists.c.o
[2/2] Linking C executable cmTC_abe46
FAILED: cmTC_abe46 
cmd.exe /C "cd . && C:\Users\ashton.SKYSECURE\AppData\Local\Android\Sdk\ndk-bundle\toolchains\llvm\prebuilt\windows-x86_64\bin\clang.exe --target=aarch64-none-linux-android21 --gcc-toolchain=C:/Users/ashton.SKYSECURE/AppData/Local/Android/Sdk/ndk-bundle/toolchains/llvm/prebuilt/windows-x86_64 --sysroot=C:/Users/ashton.SKYSECURE/AppData/Local/Android/Sdk/ndk-bundle/toolchains/llvm/prebuilt/windows-x86_64/sysroot -g -DANDROID -fdata-sections -ffunction-sections -funwind-tables -fstack-protector-strong -no-canonical-prefixes -fno-addrsig -Wa,--noexecstack -Wformat -Werror=format-security  -DCHECK_FUNCTION_EXISTS=_snprintf  -Wl,--exclude-libs,libgcc.a -Wl,--exclude-libs,libatomic.a -static-libstdc++ -Wl,--build-id -Wl,--warn-shared-textrel -Wl,--fatal-warnings -Wl,--no-undefined -Qunused-arguments -Wl,-z,noexecstack -Wl,--gc-sections CMakeFiles/cmTC_abe46.dir/CheckFunctionExists.c.o  -o cmTC_abe46  -latomic -lm && cd ."
CMakeFiles/cmTC_abe46.dir/CheckFunctionExists.c.o: In function `main':
C:/Users/ashton.SKYSECURE/AppData/Local/Android/Sdk/cmake/3.10.2.4988404/share/cmake-3.10/Modules/CheckFunctionExists.c:17: undefined reference to `_snprintf'
clang: error: linker command failed with exit code 1 (use -v to see invocation)
ninja: build stopped: subcommand failed.


Determining if the function _vsnprintf exists failed with the following output:
Change Dir: C:/Users/ashton.SKYSECURE/Projects/AndroidNDKEample/app/outputs/cmake/cmake/debug/arm64-v8a/CMakeFiles/CMakeTmp

Run Build Command:"C:\Users\ashton.SKYSECURE\AppData\Local\Android\Sdk\cmake\3.10.2.4988404\bin\ninja.exe" "cmTC_f338d"
[1/2] Building C object CMakeFiles/cmTC_f338d.dir/CheckFunctionExists.c.o
[2/2] Linking C executable cmTC_f338d
FAILED: cmTC_f338d 
cmd.exe /C "cd . && C:\Users\ashton.SKYSECURE\AppData\Local\Android\Sdk\ndk-bundle\toolchains\llvm\prebuilt\windows-x86_64\bin\clang.exe --target=aarch64-none-linux-android21 --gcc-toolchain=C:/Users/ashton.SKYSECURE/AppData/Local/Android/Sdk/ndk-bundle/toolchains/llvm/prebuilt/windows-x86_64 --sysroot=C:/Users/ashton.SKYSECURE/AppData/Local/Android/Sdk/ndk-bundle/toolchains/llvm/prebuilt/windows-x86_64/sysroot -g -DANDROID -fdata-sections -ffunction-sections -funwind-tables -fstack-protector-strong -no-canonical-prefixes -fno-addrsig -Wa,--noexecstack -Wformat -Werror=format-security  -DCHECK_FUNCTION_EXISTS=_vsnprintf  -Wl,--exclude-libs,libgcc.a -Wl,--exclude-libs,libatomic.a -static-libstdc++ -Wl,--build-id -Wl,--warn-shared-textrel -Wl,--fatal-warnings -Wl,--no-undefined -Qunused-arguments -Wl,-z,noexecstack -Wl,--gc-sections CMakeFiles/cmTC_f338d.dir/CheckFunctionExists.c.o  -o cmTC_f338d  -latomic -lm && cd ."
CMakeFiles/cmTC_f338d.dir/CheckFunctionExists.c.o: In function `main':
C:/Users/ashton.SKYSECURE/AppData/Local/Android/Sdk/cmake/3.10.2.4988404/share/cmake-3.10/Modules/CheckFunctionExists.c:17: undefined reference to `_vsnprintf'
clang: error: linker command failed with exit code 1 (use -v to see invocation)
ninja: build stopped: subcommand failed.


Determining if the function getloadavg exists failed with the following output:
Change Dir: C:/Users/ashton.SKYSECURE/Projects/AndroidNDKEample/app/outputs/cmake/cmake/debug/arm64-v8a/CMakeFiles/CMakeTmp

Run Build Command:"C:\Users\ashton.SKYSECURE\AppData\Local\Android\Sdk\cmake\3.10.2.4988404\bin\ninja.exe" "cmTC_5d94c"
[1/2] Building C object CMakeFiles/cmTC_5d94c.dir/CheckFunctionExists.c.o
[2/2] Linking C executable cmTC_5d94c
FAILED: cmTC_5d94c 
cmd.exe /C "cd . && C:\Users\ashton.SKYSECURE\AppData\Local\Android\Sdk\ndk-bundle\toolchains\llvm\prebuilt\windows-x86_64\bin\clang.exe --target=aarch64-none-linux-android21 --gcc-toolchain=C:/Users/ashton.SKYSECURE/AppData/Local/Android/Sdk/ndk-bundle/toolchains/llvm/prebuilt/windows-x86_64 --sysroot=C:/Users/ashton.SKYSECURE/AppData/Local/Android/Sdk/ndk-bundle/toolchains/llvm/prebuilt/windows-x86_64/sysroot -g -DANDROID -fdata-sections -ffunction-sections -funwind-tables -fstack-protector-strong -no-canonical-prefixes -fno-addrsig -Wa,--noexecstack -Wformat -Werror=format-security  -DCHECK_FUNCTION_EXISTS=getloadavg  -Wl,--exclude-libs,libgcc.a -Wl,--exclude-libs,libatomic.a -static-libstdc++ -Wl,--build-id -Wl,--warn-shared-textrel -Wl,--fatal-warnings -Wl,--no-undefined -Qunused-arguments -Wl,-z,noexecstack -Wl,--gc-sections CMakeFiles/cmTC_5d94c.dir/CheckFunctionExists.c.o  -o cmTC_5d94c  -latomic -lm && cd ."
CMakeFiles/cmTC_5d94c.dir/CheckFunctionExists.c.o: In function `main':
C:/Users/ashton.SKYSECURE/AppData/Local/Android/Sdk/cmake/3.10.2.4988404/share/cmake-3.10/Modules/CheckFunctionExists.c:17: undefined reference to `getloadavg'
clang: error: linker command failed with exit code 1 (use -v to see invocation)
ninja: build stopped: subcommand failed.


Determining if the function _atoi64 exists failed with the following output:
Change Dir: C:/Users/ashton.SKYSECURE/Projects/AndroidNDKEample/app/outputs/cmake/cmake/debug/arm64-v8a/CMakeFiles/CMakeTmp

Run Build Command:"C:\Users\ashton.SKYSECURE\AppData\Local\Android\Sdk\cmake\3.10.2.4988404\bin\ninja.exe" "cmTC_1dc4e"
[1/2] Building C object CMakeFiles/cmTC_1dc4e.dir/CheckFunctionExists.c.o
[2/2] Linking C executable cmTC_1dc4e
FAILED: cmTC_1dc4e 
cmd.exe /C "cd . && C:\Users\ashton.SKYSECURE\AppData\Local\Android\Sdk\ndk-bundle\toolchains\llvm\prebuilt\windows-x86_64\bin\clang.exe --target=aarch64-none-linux-android21 --gcc-toolchain=C:/Users/ashton.SKYSECURE/AppData/Local/Android/Sdk/ndk-bundle/toolchains/llvm/prebuilt/windows-x86_64 --sysroot=C:/Users/ashton.SKYSECURE/AppData/Local/Android/Sdk/ndk-bundle/toolchains/llvm/prebuilt/windows-x86_64/sysroot -g -DANDROID -fdata-sections -ffunction-sections -funwind-tables -fstack-protector-strong -no-canonical-prefixes -fno-addrsig -Wa,--noexecstack -Wformat -Werror=format-security  -DCHECK_FUNCTION_EXISTS=_atoi64  -Wl,--exclude-libs,libgcc.a -Wl,--exclude-libs,libatomic.a -static-libstdc++ -Wl,--build-id -Wl,--warn-shared-textrel -Wl,--fatal-warnings -Wl,--no-undefined -Qunused-arguments -Wl,-z,noexecstack -Wl,--gc-sections CMakeFiles/cmTC_1dc4e.dir/CheckFunctionExists.c.o  -o cmTC_1dc4e  -latomic -lm && cd ."
CMakeFiles/cmTC_1dc4e.dir/CheckFunctionExists.c.o: In function `main':
C:/Users/ashton.SKYSECURE/AppData/Local/Android/Sdk/cmake/3.10.2.4988404/share/cmake-3.10/Modules/CheckFunctionExists.c:17: undefined reference to `_atoi64'
clang: error: linker command failed with exit code 1 (use -v to see invocation)
ninja: build stopped: subcommand failed.


Determining if the function _stat32i64 exists failed with the following output:
Change Dir: C:/Users/ashton.SKYSECURE/Projects/AndroidNDKEample/app/outputs/cmake/cmake/debug/arm64-v8a/CMakeFiles/CMakeTmp

Run Build Command:"C:\Users\ashton.SKYSECURE\AppData\Local\Android\Sdk\cmake\3.10.2.4988404\bin\ninja.exe" "cmTC_cc470"
[1/2] Building C object CMakeFiles/cmTC_cc470.dir/CheckFunctionExists.c.o
[2/2] Linking C executable cmTC_cc470
FAILED: cmTC_cc470 
cmd.exe /C "cd . && C:\Users\ashton.SKYSECURE\AppData\Local\Android\Sdk\ndk-bundle\toolchains\llvm\prebuilt\windows-x86_64\bin\clang.exe --target=aarch64-none-linux-android21 --gcc-toolchain=C:/Users/ashton.SKYSECURE/AppData/Local/Android/Sdk/ndk-bundle/toolchains/llvm/prebuilt/windows-x86_64 --sysroot=C:/Users/ashton.SKYSECURE/AppData/Local/Android/Sdk/ndk-bundle/toolchains/llvm/prebuilt/windows-x86_64/sysroot -g -DANDROID -fdata-sections -ffunction-sections -funwind-tables -fstack-protector-strong -no-canonical-prefixes -fno-addrsig -Wa,--noexecstack -Wformat -Werror=format-security  -DCHECK_FUNCTION_EXISTS=_stat32i64  -Wl,--exclude-libs,libgcc.a -Wl,--exclude-libs,libatomic.a -static-libstdc++ -Wl,--build-id -Wl,--warn-shared-textrel -Wl,--fatal-warnings -Wl,--no-undefined -Qunused-arguments -Wl,-z,noexecstack -Wl,--gc-sections CMakeFiles/cmTC_cc470.dir/CheckFunctionExists.c.o  -o cmTC_cc470  -latomic -lm && cd ."
CMakeFiles/cmTC_cc470.dir/CheckFunctionExists.c.o: In function `main':
C:/Users/ashton.SKYSECURE/AppData/Local/Android/Sdk/cmake/3.10.2.4988404/share/cmake-3.10/Modules/CheckFunctionExists.c:17: undefined reference to `_stat32i64'
clang: error: linker command failed with exit code 1 (use -v to see invocation)
ninja: build stopped: subcommand failed.


Determining if the include file in6addr.h exists failed with the following output:
Change Dir: C:/Users/ashton.SKYSECURE/Projects/AndroidNDKEample/app/outputs/cmake/cmake/debug/arm64-v8a/CMakeFiles/CMakeTmp

Run Build Command:"C:\Users\ashton.SKYSECURE\AppData\Local\Android\Sdk\cmake\3.10.2.4988404\bin\ninja.exe" "cmTC_b7e7b"
[1/2] Building C object CMakeFiles/cmTC_b7e7b.dir/CheckIncludeFile.c.o
FAILED: CMakeFiles/cmTC_b7e7b.dir/CheckIncludeFile.c.o 
C:\Users\ashton.SKYSECURE\AppData\Local\Android\Sdk\ndk-bundle\toolchains\llvm\prebuilt\windows-x86_64\bin\clang.exe --target=aarch64-none-linux-android21 --gcc-toolchain=C:/Users/ashton.SKYSECURE/AppData/Local/Android/Sdk/ndk-bundle/toolchains/llvm/prebuilt/windows-x86_64 --sysroot=C:/Users/ashton.SKYSECURE/AppData/Local/Android/Sdk/ndk-bundle/toolchains/llvm/prebuilt/windows-x86_64/sysroot -DKEYWORD=__inline  -g -DANDROID -fdata-sections -ffunction-sections -funwind-tables -fstack-protector-strong -no-canonical-prefixes -fno-addrsig -Wa,--noexecstack -Wformat -Werror=format-security   -fPIE -o CMakeFiles/cmTC_b7e7b.dir/CheckIncludeFile.c.o   -c CheckIncludeFile.c
CheckIncludeFile.c:1:10: fatal error: 'in6addr.h' file not found
#include <in6addr.h>
         ^~~~~~~~~~~
1 error generated.
ninja: build stopped: subcommand failed.


Determining if the include file sys/sockio.h exists failed with the following output:
Change Dir: C:/Users/ashton.SKYSECURE/Projects/AndroidNDKEample/app/outputs/cmake/cmake/debug/arm64-v8a/CMakeFiles/CMakeTmp

Run Build Command:"C:\Users\ashton.SKYSECURE\AppData\Local\Android\Sdk\cmake\3.10.2.4988404\bin\ninja.exe" "cmTC_ff6d0"
[1/2] Building C object CMakeFiles/cmTC_ff6d0.dir/CheckIncludeFile.c.o
FAILED: CMakeFiles/cmTC_ff6d0.dir/CheckIncludeFile.c.o 
C:\Users\ashton.SKYSECURE\AppData\Local\Android\Sdk\ndk-bundle\toolchains\llvm\prebuilt\windows-x86_64\bin\clang.exe --target=aarch64-none-linux-android21 --gcc-toolchain=C:/Users/ashton.SKYSECURE/AppData/Local/Android/Sdk/ndk-bundle/toolchains/llvm/prebuilt/windows-x86_64 --sysroot=C:/Users/ashton.SKYSECURE/AppData/Local/Android/Sdk/ndk-bundle/toolchains/llvm/prebuilt/windows-x86_64/sysroot -DKEYWORD=__inline  -g -DANDROID -fdata-sections -ffunction-sections -funwind-tables -fstack-protector-strong -no-canonical-prefixes -fno-addrsig -Wa,--noexecstack -Wformat -Werror=format-security   -fPIE -o CMakeFiles/cmTC_ff6d0.dir/CheckIncludeFile.c.o   -c CheckIncludeFile.c
CheckIncludeFile.c:1:10: fatal error: 'sys/sockio.h' file not found
#include <sys/sockio.h>
         ^~~~~~~~~~~~~~
1 error generated.
ninja: build stopped: subcommand failed.


Determining if the include file vfork.h exists failed with the following output:
Change Dir: C:/Users/ashton.SKYSECURE/Projects/AndroidNDKEample/app/outputs/cmake/cmake/debug/arm64-v8a/CMakeFiles/CMakeTmp

Run Build Command:"C:\Users\ashton.SKYSECURE\AppData\Local\Android\Sdk\cmake\3.10.2.4988404\bin\ninja.exe" "cmTC_d9452"
[1/2] Building C object CMakeFiles/cmTC_d9452.dir/CheckIncludeFile.c.o
FAILED: CMakeFiles/cmTC_d9452.dir/CheckIncludeFile.c.o 
C:\Users\ashton.SKYSECURE\AppData\Local\Android\Sdk\ndk-bundle\toolchains\llvm\prebuilt\windows-x86_64\bin\clang.exe --target=aarch64-none-linux-android21 --gcc-toolchain=C:/Users/ashton.SKYSECURE/AppData/Local/Android/Sdk/ndk-bundle/toolchains/llvm/prebuilt/windows-x86_64 --sysroot=C:/Users/ashton.SKYSECURE/AppData/Local/Android/Sdk/ndk-bundle/toolchains/llvm/prebuilt/windows-x86_64/sysroot -DKEYWORD=__inline  -g -DANDROID -fdata-sections -ffunction-sections -funwind-tables -fstack-protector-strong -no-canonical-prefixes -fno-addrsig -Wa,--noexecstack -Wformat -Werror=format-security   -fPIE -o CMakeFiles/cmTC_d9452.dir/CheckIncludeFile.c.o   -c CheckIncludeFile.c
CheckIncludeFile.c:1:10: fatal error: 'vfork.h' file not found
#include <vfork.h>
         ^~~~~~~~~
1 error generated.
ninja: build stopped: subcommand failed.


Determining if the function cap_set_flag exists in the cap failed with the following output:
Change Dir: C:/Users/ashton.SKYSECURE/Projects/AndroidNDKEample/app/outputs/cmake/cmake/debug/arm64-v8a/CMakeFiles/CMakeTmp

Run Build Command:"C:\Users\ashton.SKYSECURE\AppData\Local\Android\Sdk\cmake\3.10.2.4988404\bin\ninja.exe" "cmTC_3cce7"
[1/2] Building C object CMakeFiles/cmTC_3cce7.dir/CheckFunctionExists.c.o
[2/2] Linking C executable cmTC_3cce7
FAILED: cmTC_3cce7 
cmd.exe /C "cd . && C:\Users\ashton.SKYSECURE\AppData\Local\Android\Sdk\ndk-bundle\toolchains\llvm\prebuilt\windows-x86_64\bin\clang.exe --target=aarch64-none-linux-android21 --gcc-toolchain=C:/Users/ashton.SKYSECURE/AppData/Local/Android/Sdk/ndk-bundle/toolchains/llvm/prebuilt/windows-x86_64 --sysroot=C:/Users/ashton.SKYSECURE/AppData/Local/Android/Sdk/ndk-bundle/toolchains/llvm/prebuilt/windows-x86_64/sysroot -g -DANDROID -fdata-sections -ffunction-sections -funwind-tables -fstack-protector-strong -no-canonical-prefixes -fno-addrsig -Wa,--noexecstack -Wformat -Werror=format-security  -DCHECK_FUNCTION_EXISTS=cap_set_flag  -Wl,--exclude-libs,libgcc.a -Wl,--exclude-libs,libatomic.a -static-libstdc++ -Wl,--build-id -Wl,--warn-shared-textrel -Wl,--fatal-warnings -Wl,--no-undefined -Qunused-arguments -Wl,-z,noexecstack -Wl,--gc-sections CMakeFiles/cmTC_3cce7.dir/CheckFunctionExists.c.o  -o cmTC_3cce7  -lcap -latomic -lm && cd ."
C:/Users/ashton.SKYSECURE/AppData/Local/Android/Sdk/ndk-bundle/toolchains/llvm/prebuilt/windows-x86_64/lib/gcc/aarch64-linux-android/4.9.x/../../../../aarch64-linux-android/bin\ld: cannot find -lcap
clang: error: linker command failed with exit code 1 (use -v to see invocation)
ninja: build stopped: subcommand failed.


Determining if the function SSL_CTX_set1_param exists failed with the following output:
Change Dir: C:/Users/ashton.SKYSECURE/Projects/AndroidNDKEample/app/outputs/cmake/cmake/debug/arm64-v8a/CMakeFiles/CMakeTmp

Run Build Command:"C:\Users\ashton.SKYSECURE\AppData\Local\Android\Sdk\cmake\3.10.2.4988404\bin\ninja.exe" "cmTC_dbb42"
[1/2] Building C object CMakeFiles/cmTC_dbb42.dir/CheckFunctionExists.c.o
[2/2] Linking C executable cmTC_dbb42
FAILED: cmTC_dbb42 
cmd.exe /C "cd . && C:\Users\ashton.SKYSECURE\AppData\Local\Android\Sdk\ndk-bundle\toolchains\llvm\prebuilt\windows-x86_64\bin\clang.exe --target=aarch64-none-linux-android21 --gcc-toolchain=C:/Users/ashton.SKYSECURE/AppData/Local/Android/Sdk/ndk-bundle/toolchains/llvm/prebuilt/windows-x86_64 --sysroot=C:/Users/ashton.SKYSECURE/AppData/Local/Android/Sdk/ndk-bundle/toolchains/llvm/prebuilt/windows-x86_64/sysroot -Wall -Wsign-compare -Wuninitialized -Werror -fvisibility=hidden -Wundef  -Wtype-limits -Wignored-qualifiers -O3 -g -DANDROID -fdata-sections -ffunction-sections -funwind-tables -fstack-protector-strong -no-canonical-prefixes -fno-addrsig -Wa,--noexecstack -Wformat -Werror=format-security   -Wno-deprecated-declarations -pthread -DCHECK_FUNCTION_EXISTS=SSL_CTX_set1_param -pthread  -Wl,--exclude-libs,libgcc.a -Wl,--exclude-libs,libatomic.a -static-libstdc++ -Wl,--build-id -Wl,--warn-shared-textrel -Wl,--fatal-warnings -Wl,--no-undefined -Qunused-arguments -Wl,-z,noexecstack -Wl,--gc-sections CMakeFiles/cmTC_dbb42.dir/CheckFunctionExists.c.o  -o cmTC_dbb42  C:/Users/ashton.SKYSECURE/Projects/AndroidNDKEample/app/src/main/cpp/lib/openssl/x86/lib/libssl.a C:/Users/ashton.SKYSECURE/Projects/AndroidNDKEample/app/src/main/cpp/lib/openssl/x86/lib/libcrypto.a -lm -latomic -lm && cd ."
C:/Users/ashton.SKYSECURE/AppData/Local/Android/Sdk/ndk-bundle/toolchains/llvm/prebuilt/windows-x86_64/lib/gcc/aarch64-linux-android/4.9.x/../../../../aarch64-linux-android/bin\ld: C:/Users/ashton.SKYSECURE/Projects/AndroidNDKEample/app/src/main/cpp/lib/openssl/x86/lib/libssl.a(ssl_lib.o): Relocations in generic ELF (EM: 3)
C:/Users/ashton.SKYSECURE/AppData/Local/Android/Sdk/ndk-bundle/toolchains/llvm/prebuilt/windows-x86_64/lib/gcc/aarch64-linux-android/4.9.x/../../../../aarch64-linux-android/bin\ld: C:/Users/ashton.SKYSECURE/Projects/AndroidNDKEample/app/src/main/cpp/lib/openssl/x86/lib/libssl.a(ssl_lib.o): Relocations in generic ELF (EM: 3)
C:/Users/ashton.SKYSECURE/AppData/Local/Android/Sdk/ndk-bundle/toolchains/llvm/prebuilt/windows-x86_64/lib/gcc/aarch64-linux-android/4.9.x/../../../../aarch64-linux-android/bin\ld: C:/Users/ashton.SKYSECURE/Projects/AndroidNDKEample/app/src/main/cpp/lib/openssl/x86/lib/libssl.a(ssl_lib.o): Relocations in generic ELF (EM: 3)
C:/Users/ashton.SKYSECURE/AppData/Local/Android/Sdk/ndk-bundle/toolchains/llvm/prebuilt/windows-x86_64/lib/gcc/aarch64-linux-android/4.9.x/../../../../aarch64-linux-android/bin\ld: C:/Users/ashton.SKYSECURE/Projects/AndroidNDKEample/app/src/main/cpp/lib/openssl/x86/lib/libssl.a(ssl_lib.o): Relocations in generic ELF (EM: 3)
C:/Users/ashton.SKYSECURE/AppData/Local/Android/Sdk/ndk-bundle/toolchains/llvm/prebuilt/windows-x86_64/lib/gcc/aarch64-linux-android/4.9.x/../../../../aarch64-linux-android/bin\ld: C:/Users/ashton.SKYSECURE/Projects/AndroidNDKEample/app/src/main/cpp/lib/openssl/x86/lib/libssl.a(ssl_lib.o): Relocations in generic ELF (EM: 3)
C:/Users/ashton.SKYSECURE/Projects/AndroidNDKEample/app/src/main/cpp/lib/openssl/x86/lib/libssl.a: error adding symbols: File in wrong format
clang: error: linker command failed with exit code 1 (use -v to see invocation)
ninja: build stopped: subcommand failed.


Determining if the function SSL_set_info_callback exists failed with the following output:
Change Dir: C:/Users/ashton.SKYSECURE/Projects/AndroidNDKEample/app/outputs/cmake/cmake/debug/arm64-v8a/CMakeFiles/CMakeTmp

Run Build Command:"C:\Users\ashton.SKYSECURE\AppData\Local\Android\Sdk\cmake\3.10.2.4988404\bin\ninja.exe" "cmTC_275d2"
[1/2] Building C object CMakeFiles/cmTC_275d2.dir/CheckFunctionExists.c.o
[2/2] Linking C executable cmTC_275d2
FAILED: cmTC_275d2 
cmd.exe /C "cd . && C:\Users\ashton.SKYSECURE\AppData\Local\Android\Sdk\ndk-bundle\toolchains\llvm\prebuilt\windows-x86_64\bin\clang.exe --target=aarch64-none-linux-android21 --gcc-toolchain=C:/Users/ashton.SKYSECURE/AppData/Local/Android/Sdk/ndk-bundle/toolchains/llvm/prebuilt/windows-x86_64 --sysroot=C:/Users/ashton.SKYSECURE/AppData/Local/Android/Sdk/ndk-bundle/toolchains/llvm/prebuilt/windows-x86_64/sysroot -Wall -Wsign-compare -Wuninitialized -Werror -fvisibility=hidden -Wundef  -Wtype-limits -Wignored-qualifiers -O3 -g -DANDROID -fdata-sections -ffunction-sections -funwind-tables -fstack-protector-strong -no-canonical-prefixes -fno-addrsig -Wa,--noexecstack -Wformat -Werror=format-security   -Wno-deprecated-declarations -pthread -DCHECK_FUNCTION_EXISTS=SSL_set_info_callback -pthread  -Wl,--exclude-libs,libgcc.a -Wl,--exclude-libs,libatomic.a -static-libstdc++ -Wl,--build-id -Wl,--warn-shared-textrel -Wl,--fatal-warnings -Wl,--no-undefined -Qunused-arguments -Wl,-z,noexecstack -Wl,--gc-sections CMakeFiles/cmTC_275d2.dir/CheckFunctionExists.c.o  -o cmTC_275d2  C:/Users/ashton.SKYSECURE/Projects/AndroidNDKEample/app/src/main/cpp/lib/openssl/x86/lib/libssl.a C:/Users/ashton.SKYSECURE/Projects/AndroidNDKEample/app/src/main/cpp/lib/openssl/x86/lib/libcrypto.a -lm -latomic -lm && cd ."
C:/Users/ashton.SKYSECURE/AppData/Local/Android/Sdk/ndk-bundle/toolchains/llvm/prebuilt/windows-x86_64/lib/gcc/aarch64-linux-android/4.9.x/../../../../aarch64-linux-android/bin\ld: C:/Users/ashton.SKYSECURE/Projects/AndroidNDKEample/app/src/main/cpp/lib/openssl/x86/lib/libssl.a(ssl_lib.o): Relocations in generic ELF (EM: 3)
C:/Users/ashton.SKYSECURE/AppData/Local/Android/Sdk/ndk-bundle/toolchains/llvm/prebuilt/windows-x86_64/lib/gcc/aarch64-linux-android/4.9.x/../../../../aarch64-linux-android/bin\ld: C:/Users/ashton.SKYSECURE/Projects/AndroidNDKEample/app/src/main/cpp/lib/openssl/x86/lib/libssl.a(ssl_lib.o): Relocations in generic ELF (EM: 3)
C:/Users/ashton.SKYSECURE/AppData/Local/Android/Sdk/ndk-bundle/toolchains/llvm/prebuilt/windows-x86_64/lib/gcc/aarch64-linux-android/4.9.x/../../../../aarch64-linux-android/bin\ld: C:/Users/ashton.SKYSECURE/Projects/AndroidNDKEample/app/src/main/cpp/lib/openssl/x86/lib/libssl.a(ssl_lib.o): Relocations in generic ELF (EM: 3)
C:/Users/ashton.SKYSECURE/AppData/Local/Android/Sdk/ndk-bundle/toolchains/llvm/prebuilt/windows-x86_64/lib/gcc/aarch64-linux-android/4.9.x/../../../../aarch64-linux-android/bin\ld: C:/Users/ashton.SKYSECURE/Projects/AndroidNDKEample/app/src/main/cpp/lib/openssl/x86/lib/libssl.a(ssl_lib.o): Relocations in generic ELF (EM: 3)
C:/Users/ashton.SKYSECURE/AppData/Local/Android/Sdk/ndk-bundle/toolchains/llvm/prebuilt/windows-x86_64/lib/gcc/aarch64-linux-android/4.9.x/../../../../aarch64-linux-android/bin\ld: C:/Users/ashton.SKYSECURE/Projects/AndroidNDKEample/app/src/main/cpp/lib/openssl/x86/lib/libssl.a(ssl_lib.o): Relocations in generic ELF (EM: 3)
C:/Users/ashton.SKYSECURE/Projects/AndroidNDKEample/app/src/main/cpp/lib/openssl/x86/lib/libssl.a: error adding symbols: File in wrong format
clang: error: linker command failed with exit code 1 (use -v to see invocation)
ninja: build stopped: subcommand failed.


Determining if the function X509_VERIFY_PARAM_set1_host exists failed with the following output:
Change Dir: C:/Users/ashton.SKYSECURE/Projects/AndroidNDKEample/app/outputs/cmake/cmake/debug/arm64-v8a/CMakeFiles/CMakeTmp

Run Build Command:"C:\Users\ashton.SKYSECURE\AppData\Local\Android\Sdk\cmake\3.10.2.4988404\bin\ninja.exe" "cmTC_ab81d"
[1/2] Building C object CMakeFiles/cmTC_ab81d.dir/CheckFunctionExists.c.o
[2/2] Linking C executable cmTC_ab81d
FAILED: cmTC_ab81d 
cmd.exe /C "cd . && C:\Users\ashton.SKYSECURE\AppData\Local\Android\Sdk\ndk-bundle\toolchains\llvm\prebuilt\windows-x86_64\bin\clang.exe --target=aarch64-none-linux-android21 --gcc-toolchain=C:/Users/ashton.SKYSECURE/AppData/Local/Android/Sdk/ndk-bundle/toolchains/llvm/prebuilt/windows-x86_64 --sysroot=C:/Users/ashton.SKYSECURE/AppData/Local/Android/Sdk/ndk-bundle/toolchains/llvm/prebuilt/windows-x86_64/sysroot -Wall -Wsign-compare -Wuninitialized -Werror -fvisibility=hidden -Wundef  -Wtype-limits -Wignored-qualifiers -O3 -g -DANDROID -fdata-sections -ffunction-sections -funwind-tables -fstack-protector-strong -no-canonical-prefixes -fno-addrsig -Wa,--noexecstack -Wformat -Werror=format-security   -Wno-deprecated-declarations -pthread -DCHECK_FUNCTION_EXISTS=X509_VERIFY_PARAM_set1_host -pthread  -Wl,--exclude-libs,libgcc.a -Wl,--exclude-libs,libatomic.a -static-libstdc++ -Wl,--build-id -Wl,--warn-shared-textrel -Wl,--fatal-warnings -Wl,--no-undefined -Qunused-arguments -Wl,-z,noexecstack -Wl,--gc-sections CMakeFiles/cmTC_ab81d.dir/CheckFunctionExists.c.o  -o cmTC_ab81d  C:/Users/ashton.SKYSECURE/Projects/AndroidNDKEample/app/src/main/cpp/lib/openssl/x86/lib/libssl.a C:/Users/ashton.SKYSECURE/Projects/AndroidNDKEample/app/src/main/cpp/lib/openssl/x86/lib/libcrypto.a -lm -latomic -lm && cd ."
C:/Users/ashton.SKYSECURE/AppData/Local/Android/Sdk/ndk-bundle/toolchains/llvm/prebuilt/windows-x86_64/lib/gcc/aarch64-linux-android/4.9.x/../../../../aarch64-linux-android/bin\ld: C:/Users/ashton.SKYSECURE/Projects/AndroidNDKEample/app/src/main/cpp/lib/openssl/x86/lib/libcrypto.a(x509_vpm.o): Relocations in generic ELF (EM: 3)
C:/Users/ashton.SKYSECURE/AppData/Local/Android/Sdk/ndk-bundle/toolchains/llvm/prebuilt/windows-x86_64/lib/gcc/aarch64-linux-android/4.9.x/../../../../aarch64-linux-android/bin\ld: C:/Users/ashton.SKYSECURE/Projects/AndroidNDKEample/app/src/main/cpp/lib/openssl/x86/lib/libcrypto.a(x509_vpm.o): Relocations in generic ELF (EM: 3)
C:/Users/ashton.SKYSECURE/AppData/Local/Android/Sdk/ndk-bundle/toolchains/llvm/prebuilt/windows-x86_64/lib/gcc/aarch64-linux-android/4.9.x/../../../../aarch64-linux-android/bin\ld: C:/Users/ashton.SKYSECURE/Projects/AndroidNDKEample/app/src/main/cpp/lib/openssl/x86/lib/libcrypto.a(x509_vpm.o): Relocations in generic ELF (EM: 3)
C:/Users/ashton.SKYSECURE/Projects/AndroidNDKEample/app/src/main/cpp/lib/openssl/x86/lib/libcrypto.a: error adding symbols: File in wrong format
clang: error: linker command failed with exit code 1 (use -v to see invocation)
ninja: build stopped: subcommand failed.


Determining if the function RSA_set0_key exists failed with the following output:
Change Dir: C:/Users/ashton.SKYSECURE/Projects/AndroidNDKEample/app/outputs/cmake/cmake/debug/arm64-v8a/CMakeFiles/CMakeTmp

Run Build Command:"C:\Users\ashton.SKYSECURE\AppData\Local\Android\Sdk\cmake\3.10.2.4988404\bin\ninja.exe" "cmTC_36ca1"
[1/2] Building C object CMakeFiles/cmTC_36ca1.dir/CheckFunctionExists.c.o
[2/2] Linking C executable cmTC_36ca1
FAILED: cmTC_36ca1 
cmd.exe /C "cd . && C:\Users\ashton.SKYSECURE\AppData\Local\Android\Sdk\ndk-bundle\toolchains\llvm\prebuilt\windows-x86_64\bin\clang.exe --target=aarch64-none-linux-android21 --gcc-toolchain=C:/Users/ashton.SKYSECURE/AppData/Local/Android/Sdk/ndk-bundle/toolchains/llvm/prebuilt/windows-x86_64 --sysroot=C:/Users/ashton.SKYSECURE/AppData/Local/Android/Sdk/ndk-bundle/toolchains/llvm/prebuilt/windows-x86_64/sysroot -Wall -Wsign-compare -Wuninitialized -Werror -fvisibility=hidden -Wundef  -Wtype-limits -Wignored-qualifiers -O3 -g -DANDROID -fdata-sections -ffunction-sections -funwind-tables -fstack-protector-strong -no-canonical-prefixes -fno-addrsig -Wa,--noexecstack -Wformat -Werror=format-security   -Wno-deprecated-declarations -pthread -DCHECK_FUNCTION_EXISTS=RSA_set0_key -pthread  -Wl,--exclude-libs,libgcc.a -Wl,--exclude-libs,libatomic.a -static-libstdc++ -Wl,--build-id -Wl,--warn-shared-textrel -Wl,--fatal-warnings -Wl,--no-undefined -Qunused-arguments -Wl,-z,noexecstack -Wl,--gc-sections CMakeFiles/cmTC_36ca1.dir/CheckFunctionExists.c.o  -o cmTC_36ca1  C:/Users/ashton.SKYSECURE/Projects/AndroidNDKEample/app/src/main/cpp/lib/openssl/x86/lib/libssl.a C:/Users/ashton.SKYSECURE/Projects/AndroidNDKEample/app/src/main/cpp/lib/openssl/x86/lib/libcrypto.a -lm -latomic -lm && cd ."
CMakeFiles/cmTC_36ca1.dir/CheckFunctionExists.c.o: In function `main':
C:/Users/ashton.SKYSECURE/AppData/Local/Android/Sdk/cmake/3.10.2.4988404/share/cmake-3.10/Modules/CheckFunctionExists.c:17: undefined reference to `RSA_set0_key'
clang: error: linker command failed with exit code 1 (use -v to see invocation)
ninja: build stopped: subcommand failed.


Determining if the function X509_get_key_usage exists failed with the following output:
Change Dir: C:/Users/ashton.SKYSECURE/Projects/AndroidNDKEample/app/outputs/cmake/cmake/debug/arm64-v8a/CMakeFiles/CMakeTmp

Run Build Command:"C:\Users\ashton.SKYSECURE\AppData\Local\Android\Sdk\cmake\3.10.2.4988404\bin\ninja.exe" "cmTC_b130d"
[1/2] Building C object CMakeFiles/cmTC_b130d.dir/CheckFunctionExists.c.o
[2/2] Linking C executable cmTC_b130d
FAILED: cmTC_b130d 
cmd.exe /C "cd . && C:\Users\ashton.SKYSECURE\AppData\Local\Android\Sdk\ndk-bundle\toolchains\llvm\prebuilt\windows-x86_64\bin\clang.exe --target=aarch64-none-linux-android21 --gcc-toolchain=C:/Users/ashton.SKYSECURE/AppData/Local/Android/Sdk/ndk-bundle/toolchains/llvm/prebuilt/windows-x86_64 --sysroot=C:/Users/ashton.SKYSECURE/AppData/Local/Android/Sdk/ndk-bundle/toolchains/llvm/prebuilt/windows-x86_64/sysroot -Wall -Wsign-compare -Wuninitialized -Werror -fvisibility=hidden -Wundef  -Wtype-limits -Wignored-qualifiers -O3 -g -DANDROID -fdata-sections -ffunction-sections -funwind-tables -fstack-protector-strong -no-canonical-prefixes -fno-addrsig -Wa,--noexecstack -Wformat -Werror=format-security   -Wno-deprecated-declarations -pthread -DCHECK_FUNCTION_EXISTS=X509_get_key_usage -pthread  -Wl,--exclude-libs,libgcc.a -Wl,--exclude-libs,libatomic.a -static-libstdc++ -Wl,--build-id -Wl,--warn-shared-textrel -Wl,--fatal-warnings -Wl,--no-undefined -Qunused-arguments -Wl,-z,noexecstack -Wl,--gc-sections CMakeFiles/cmTC_b130d.dir/CheckFunctionExists.c.o  -o cmTC_b130d  C:/Users/ashton.SKYSECURE/Projects/AndroidNDKEample/app/src/main/cpp/lib/openssl/x86/lib/libssl.a C:/Users/ashton.SKYSECURE/Projects/AndroidNDKEample/app/src/main/cpp/lib/openssl/x86/lib/libcrypto.a -lm -latomic -lm && cd ."
CMakeFiles/cmTC_b130d.dir/CheckFunctionExists.c.o: In function `main':
C:/Users/ashton.SKYSECURE/AppData/Local/Android/Sdk/cmake/3.10.2.4988404/share/cmake-3.10/Modules/CheckFunctionExists.c:17: undefined reference to `X509_get_key_usage'
clang: error: linker command failed with exit code 1 (use -v to see invocation)
ninja: build stopped: subcommand failed.


Determining if the function SSL_CTX_get0_certificate exists failed with the following output:
Change Dir: C:/Users/ashton.SKYSECURE/Projects/AndroidNDKEample/app/outputs/cmake/cmake/debug/arm64-v8a/CMakeFiles/CMakeTmp

Run Build Command:"C:\Users\ashton.SKYSECURE\AppData\Local\Android\Sdk\cmake\3.10.2.4988404\bin\ninja.exe" "cmTC_01094"
[1/2] Building C object CMakeFiles/cmTC_01094.dir/CheckFunctionExists.c.o
[2/2] Linking C executable cmTC_01094
FAILED: cmTC_01094 
cmd.exe /C "cd . && C:\Users\ashton.SKYSECURE\AppData\Local\Android\Sdk\ndk-bundle\toolchains\llvm\prebuilt\windows-x86_64\bin\clang.exe --target=aarch64-none-linux-android21 --gcc-toolchain=C:/Users/ashton.SKYSECURE/AppData/Local/Android/Sdk/ndk-bundle/toolchains/llvm/prebuilt/windows-x86_64 --sysroot=C:/Users/ashton.SKYSECURE/AppData/Local/Android/Sdk/ndk-bundle/toolchains/llvm/prebuilt/windows-x86_64/sysroot -Wall -Wsign-compare -Wuninitialized -Werror -fvisibility=hidden -Wundef  -Wtype-limits -Wignored-qualifiers -O3 -g -DANDROID -fdata-sections -ffunction-sections -funwind-tables -fstack-protector-strong -no-canonical-prefixes -fno-addrsig -Wa,--noexecstack -Wformat -Werror=format-security   -Wno-deprecated-declarations -pthread -DCHECK_FUNCTION_EXISTS=SSL_CTX_get0_certificate -pthread  -Wl,--exclude-libs,libgcc.a -Wl,--exclude-libs,libatomic.a -static-libstdc++ -Wl,--build-id -Wl,--warn-shared-textrel -Wl,--fatal-warnings -Wl,--no-undefined -Qunused-arguments -Wl,-z,noexecstack -Wl,--gc-sections CMakeFiles/cmTC_01094.dir/CheckFunctionExists.c.o  -o cmTC_01094  C:/Users/ashton.SKYSECURE/Projects/AndroidNDKEample/app/src/main/cpp/lib/openssl/x86/lib/libssl.a C:/Users/ashton.SKYSECURE/Projects/AndroidNDKEample/app/src/main/cpp/lib/openssl/x86/lib/libcrypto.a -lm -latomic -lm && cd ."
C:/Users/ashton.SKYSECURE/AppData/Local/Android/Sdk/ndk-bundle/toolchains/llvm/prebuilt/windows-x86_64/lib/gcc/aarch64-linux-android/4.9.x/../../../../aarch64-linux-android/bin\ld: C:/Users/ashton.SKYSECURE/Projects/AndroidNDKEample/app/src/main/cpp/lib/openssl/x86/lib/libssl.a(ssl_lib.o): Relocations in generic ELF (EM: 3)
C:/Users/ashton.SKYSECURE/AppData/Local/Android/Sdk/ndk-bundle/toolchains/llvm/prebuilt/windows-x86_64/lib/gcc/aarch64-linux-android/4.9.x/../../../../aarch64-linux-android/bin\ld: C:/Users/ashton.SKYSECURE/Projects/AndroidNDKEample/app/src/main/cpp/lib/openssl/x86/lib/libssl.a(ssl_lib.o): Relocations in generic ELF (EM: 3)
C:/Users/ashton.SKYSECURE/AppData/Local/Android/Sdk/ndk-bundle/toolchains/llvm/prebuilt/windows-x86_64/lib/gcc/aarch64-linux-android/4.9.x/../../../../aarch64-linux-android/bin\ld: C:/Users/ashton.SKYSECURE/Projects/AndroidNDKEample/app/src/main/cpp/lib/openssl/x86/lib/libssl.a(ssl_lib.o): Relocations in generic ELF (EM: 3)
C:/Users/ashton.SKYSECURE/AppData/Local/Android/Sdk/ndk-bundle/toolchains/llvm/prebuilt/windows-x86_64/lib/gcc/aarch64-linux-android/4.9.x/../../../../aarch64-linux-android/bin\ld: C:/Users/ashton.SKYSECURE/Projects/AndroidNDKEample/app/src/main/cpp/lib/openssl/x86/lib/libssl.a(ssl_lib.o): Relocations in generic ELF (EM: 3)
C:/Users/ashton.SKYSECURE/AppData/Local/Android/Sdk/ndk-bundle/toolchains/llvm/prebuilt/windows-x86_64/lib/gcc/aarch64-linux-android/4.9.x/../../../../aarch64-linux-android/bin\ld: C:/Users/ashton.SKYSECURE/Projects/AndroidNDKEample/app/src/main/cpp/lib/openssl/x86/lib/libssl.a(ssl_lib.o): Relocations in generic ELF (EM: 3)
C:/Users/ashton.SKYSECURE/Projects/AndroidNDKEample/app/src/main/cpp/lib/openssl/x86/lib/libssl.a: error adding symbols: File in wrong format
clang: error: linker command failed with exit code 1 (use -v to see invocation)
ninja: build stopped: subcommand failed.


Determining if the function SSL_get0_alpn_selected exists failed with the following output:
Change Dir: C:/Users/ashton.SKYSECURE/Projects/AndroidNDKEample/app/outputs/cmake/cmake/debug/arm64-v8a/CMakeFiles/CMakeTmp

Run Build Command:"C:\Users\ashton.SKYSECURE\AppData\Local\Android\Sdk\cmake\3.10.2.4988404\bin\ninja.exe" "cmTC_0d994"
[1/2] Building C object CMakeFiles/cmTC_0d994.dir/CheckFunctionExists.c.o
[2/2] Linking C executable cmTC_0d994
FAILED: cmTC_0d994 
cmd.exe /C "cd . && C:\Users\ashton.SKYSECURE\AppData\Local\Android\Sdk\ndk-bundle\toolchains\llvm\prebuilt\windows-x86_64\bin\clang.exe --target=aarch64-none-linux-android21 --gcc-toolchain=C:/Users/ashton.SKYSECURE/AppData/Local/Android/Sdk/ndk-bundle/toolchains/llvm/prebuilt/windows-x86_64 --sysroot=C:/Users/ashton.SKYSECURE/AppData/Local/Android/Sdk/ndk-bundle/toolchains/llvm/prebuilt/windows-x86_64/sysroot -Wall -Wsign-compare -Wuninitialized -Werror -fvisibility=hidden -Wundef  -Wtype-limits -Wignored-qualifiers -O3 -g -DANDROID -fdata-sections -ffunction-sections -funwind-tables -fstack-protector-strong -no-canonical-prefixes -fno-addrsig -Wa,--noexecstack -Wformat -Werror=format-security   -Wno-deprecated-declarations -pthread -DCHECK_FUNCTION_EXISTS=SSL_get0_alpn_selected -pthread  -Wl,--exclude-libs,libgcc.a -Wl,--exclude-libs,libatomic.a -static-libstdc++ -Wl,--build-id -Wl,--warn-shared-textrel -Wl,--fatal-warnings -Wl,--no-undefined -Qunused-arguments -Wl,-z,noexecstack -Wl,--gc-sections CMakeFiles/cmTC_0d994.dir/CheckFunctionExists.c.o  -o cmTC_0d994  C:/Users/ashton.SKYSECURE/Projects/AndroidNDKEample/app/src/main/cpp/lib/openssl/x86/lib/libssl.a C:/Users/ashton.SKYSECURE/Projects/AndroidNDKEample/app/src/main/cpp/lib/openssl/x86/lib/libcrypto.a -lm -latomic -lm && cd ."
C:/Users/ashton.SKYSECURE/AppData/Local/Android/Sdk/ndk-bundle/toolchains/llvm/prebuilt/windows-x86_64/lib/gcc/aarch64-linux-android/4.9.x/../../../../aarch64-linux-android/bin\ld: C:/Users/ashton.SKYSECURE/Projects/AndroidNDKEample/app/src/main/cpp/lib/openssl/x86/lib/libssl.a(ssl_lib.o): Relocations in generic ELF (EM: 3)
C:/Users/ashton.SKYSECURE/AppData/Local/Android/Sdk/ndk-bundle/toolchains/llvm/prebuilt/windows-x86_64/lib/gcc/aarch64-linux-android/4.9.x/../../../../aarch64-linux-android/bin\ld: C:/Users/ashton.SKYSECURE/Projects/AndroidNDKEample/app/src/main/cpp/lib/openssl/x86/lib/libssl.a(ssl_lib.o): Relocations in generic ELF (EM: 3)
C:/Users/ashton.SKYSECURE/AppData/Local/Android/Sdk/ndk-bundle/toolchains/llvm/prebuilt/windows-x86_64/lib/gcc/aarch64-linux-android/4.9.x/../../../../aarch64-linux-android/bin\ld: C:/Users/ashton.SKYSECURE/Projects/AndroidNDKEample/app/src/main/cpp/lib/openssl/x86/lib/libssl.a(ssl_lib.o): Relocations in generic ELF (EM: 3)
C:/Users/ashton.SKYSECURE/AppData/Local/Android/Sdk/ndk-bundle/toolchains/llvm/prebuilt/windows-x86_64/lib/gcc/aarch64-linux-android/4.9.x/../../../../aarch64-linux-android/bin\ld: C:/Users/ashton.SKYSECURE/Projects/AndroidNDKEample/app/src/main/cpp/lib/openssl/x86/lib/libssl.a(ssl_lib.o): Relocations in generic ELF (EM: 3)
C:/Users/ashton.SKYSECURE/AppData/Local/Android/Sdk/ndk-bundle/toolchains/llvm/prebuilt/windows-x86_64/lib/gcc/aarch64-linux-android/4.9.x/../../../../aarch64-linux-android/bin\ld: C:/Users/ashton.SKYSECURE/Projects/AndroidNDKEample/app/src/main/cpp/lib/openssl/x86/lib/libssl.a(ssl_lib.o): Relocations in generic ELF (EM: 3)
C:/Users/ashton.SKYSECURE/Projects/AndroidNDKEample/app/src/main/cpp/lib/openssl/x86/lib/libssl.a: error adding symbols: File in wrong format
clang: error: linker command failed with exit code 1 (use -v to see invocation)
ninja: build stopped: subcommand failed.


Determining if the function SSL_set_alpn_protos exists failed with the following output:
Change Dir: C:/Users/ashton.SKYSECURE/Projects/AndroidNDKEample/app/outputs/cmake/cmake/debug/arm64-v8a/CMakeFiles/CMakeTmp

Run Build Command:"C:\Users\ashton.SKYSECURE\AppData\Local\Android\Sdk\cmake\3.10.2.4988404\bin\ninja.exe" "cmTC_68f94"
[1/2] Building C object CMakeFiles/cmTC_68f94.dir/CheckFunctionExists.c.o
[2/2] Linking C executable cmTC_68f94
FAILED: cmTC_68f94 
cmd.exe /C "cd . && C:\Users\ashton.SKYSECURE\AppData\Local\Android\Sdk\ndk-bundle\toolchains\llvm\prebuilt\windows-x86_64\bin\clang.exe --target=aarch64-none-linux-android21 --gcc-toolchain=C:/Users/ashton.SKYSECURE/AppData/Local/Android/Sdk/ndk-bundle/toolchains/llvm/prebuilt/windows-x86_64 --sysroot=C:/Users/ashton.SKYSECURE/AppData/Local/Android/Sdk/ndk-bundle/toolchains/llvm/prebuilt/windows-x86_64/sysroot -Wall -Wsign-compare -Wuninitialized -Werror -fvisibility=hidden -Wundef  -Wtype-limits -Wignored-qualifiers -O3 -g -DANDROID -fdata-sections -ffunction-sections -funwind-tables -fstack-protector-strong -no-canonical-prefixes -fno-addrsig -Wa,--noexecstack -Wformat -Werror=format-security   -Wno-deprecated-declarations -pthread -DCHECK_FUNCTION_EXISTS=SSL_set_alpn_protos -pthread  -Wl,--exclude-libs,libgcc.a -Wl,--exclude-libs,libatomic.a -static-libstdc++ -Wl,--build-id -Wl,--warn-shared-textrel -Wl,--fatal-warnings -Wl,--no-undefined -Qunused-arguments -Wl,-z,noexecstack -Wl,--gc-sections CMakeFiles/cmTC_68f94.dir/CheckFunctionExists.c.o  -o cmTC_68f94  C:/Users/ashton.SKYSECURE/Projects/AndroidNDKEample/app/src/main/cpp/lib/openssl/x86/lib/libssl.a C:/Users/ashton.SKYSECURE/Projects/AndroidNDKEample/app/src/main/cpp/lib/openssl/x86/lib/libcrypto.a -lm -latomic -lm && cd ."
C:/Users/ashton.SKYSECURE/AppData/Local/Android/Sdk/ndk-bundle/toolchains/llvm/prebuilt/windows-x86_64/lib/gcc/aarch64-linux-android/4.9.x/../../../../aarch64-linux-android/bin\ld: C:/Users/ashton.SKYSECURE/Projects/AndroidNDKEample/app/src/main/cpp/lib/openssl/x86/lib/libssl.a(ssl_lib.o): Relocations in generic ELF (EM: 3)
C:/Users/ashton.SKYSECURE/AppData/Local/Android/Sdk/ndk-bundle/toolchains/llvm/prebuilt/windows-x86_64/lib/gcc/aarch64-linux-android/4.9.x/../../../../aarch64-linux-android/bin\ld: C:/Users/ashton.SKYSECURE/Projects/AndroidNDKEample/app/src/main/cpp/lib/openssl/x86/lib/libssl.a(ssl_lib.o): Relocations in generic ELF (EM: 3)
C:/Users/ashton.SKYSECURE/AppData/Local/Android/Sdk/ndk-bundle/toolchains/llvm/prebuilt/windows-x86_64/lib/gcc/aarch64-linux-android/4.9.x/../../../../aarch64-linux-android/bin\ld: C:/Users/ashton.SKYSECURE/Projects/AndroidNDKEample/app/src/main/cpp/lib/openssl/x86/lib/libssl.a(ssl_lib.o): Relocations in generic ELF (EM: 3)
C:/Users/ashton.SKYSECURE/AppData/Local/Android/Sdk/ndk-bundle/toolchains/llvm/prebuilt/windows-x86_64/lib/gcc/aarch64-linux-android/4.9.x/../../../../aarch64-linux-android/bin\ld: C:/Users/ashton.SKYSECURE/Projects/AndroidNDKEample/app/src/main/cpp/lib/openssl/x86/lib/libssl.a(ssl_lib.o): Relocations in generic ELF (EM: 3)
C:/Users/ashton.SKYSECURE/AppData/Local/Android/Sdk/ndk-bundle/toolchains/llvm/prebuilt/windows-x86_64/lib/gcc/aarch64-linux-android/4.9.x/../../../../aarch64-linux-android/bin\ld: C:/Users/ashton.SKYSECURE/Projects/AndroidNDKEample/app/src/main/cpp/lib/openssl/x86/lib/libssl.a(ssl_lib.o): Relocations in generic ELF (EM: 3)
C:/Users/ashton.SKYSECURE/Projects/AndroidNDKEample/app/src/main/cpp/lib/openssl/x86/lib/libssl.a: error adding symbols: File in wrong format
clang: error: linker command failed with exit code 1 (use -v to see invocation)
ninja: build stopped: subcommand failed.


Determining if the function SSL_CTX_set_ciphersuites exists failed with the following output:
Change Dir: C:/Users/ashton.SKYSECURE/Projects/AndroidNDKEample/app/outputs/cmake/cmake/debug/arm64-v8a/CMakeFiles/CMakeTmp

Run Build Command:"C:\Users\ashton.SKYSECURE\AppData\Local\Android\Sdk\cmake\3.10.2.4988404\bin\ninja.exe" "cmTC_d2f15"
[1/2] Building C object CMakeFiles/cmTC_d2f15.dir/CheckFunctionExists.c.o
[2/2] Linking C executable cmTC_d2f15
FAILED: cmTC_d2f15 
cmd.exe /C "cd . && C:\Users\ashton.SKYSECURE\AppData\Local\Android\Sdk\ndk-bundle\toolchains\llvm\prebuilt\windows-x86_64\bin\clang.exe --target=aarch64-none-linux-android21 --gcc-toolchain=C:/Users/ashton.SKYSECURE/AppData/Local/Android/Sdk/ndk-bundle/toolchains/llvm/prebuilt/windows-x86_64 --sysroot=C:/Users/ashton.SKYSECURE/AppData/Local/Android/Sdk/ndk-bundle/toolchains/llvm/prebuilt/windows-x86_64/sysroot -Wall -Wsign-compare -Wuninitialized -Werror -fvisibility=hidden -Wundef  -Wtype-limits -Wignored-qualifiers -O3 -g -DANDROID -fdata-sections -ffunction-sections -funwind-tables -fstack-protector-strong -no-canonical-prefixes -fno-addrsig -Wa,--noexecstack -Wformat -Werror=format-security   -Wno-deprecated-declarations -pthread -DCHECK_FUNCTION_EXISTS=SSL_CTX_set_ciphersuites -pthread  -Wl,--exclude-libs,libgcc.a -Wl,--exclude-libs,libatomic.a -static-libstdc++ -Wl,--build-id -Wl,--warn-shared-textrel -Wl,--fatal-warnings -Wl,--no-undefined -Qunused-arguments -Wl,-z,noexecstack -Wl,--gc-sections CMakeFiles/cmTC_d2f15.dir/CheckFunctionExists.c.o  -o cmTC_d2f15  C:/Users/ashton.SKYSECURE/Projects/AndroidNDKEample/app/src/main/cpp/lib/openssl/x86/lib/libssl.a C:/Users/ashton.SKYSECURE/Projects/AndroidNDKEample/app/src/main/cpp/lib/openssl/x86/lib/libcrypto.a -lm -latomic -lm && cd ."
CMakeFiles/cmTC_d2f15.dir/CheckFunctionExists.c.o: In function `main':
C:/Users/ashton.SKYSECURE/AppData/Local/Android/Sdk/cmake/3.10.2.4988404/share/cmake-3.10/Modules/CheckFunctionExists.c:17: undefined reference to `SSL_CTX_set_ciphersuites'
clang: error: linker command failed with exit code 1 (use -v to see invocation)
ninja: build stopped: subcommand failed.


Determining if the function TLS_client_method exists failed with the following output:
Change Dir: C:/Users/ashton.SKYSECURE/Projects/AndroidNDKEample/app/outputs/cmake/cmake/debug/arm64-v8a/CMakeFiles/CMakeTmp

Run Build Command:"C:\Users\ashton.SKYSECURE\AppData\Local\Android\Sdk\cmake\3.10.2.4988404\bin\ninja.exe" "cmTC_5e4cc"
[1/2] Building C object CMakeFiles/cmTC_5e4cc.dir/CheckFunctionExists.c.o
[2/2] Linking C executable cmTC_5e4cc
FAILED: cmTC_5e4cc 
cmd.exe /C "cd . && C:\Users\ashton.SKYSECURE\AppData\Local\Android\Sdk\ndk-bundle\toolchains\llvm\prebuilt\windows-x86_64\bin\clang.exe --target=aarch64-none-linux-android21 --gcc-toolchain=C:/Users/ashton.SKYSECURE/AppData/Local/Android/Sdk/ndk-bundle/toolchains/llvm/prebuilt/windows-x86_64 --sysroot=C:/Users/ashton.SKYSECURE/AppData/Local/Android/Sdk/ndk-bundle/toolchains/llvm/prebuilt/windows-x86_64/sysroot -Wall -Wsign-compare -Wuninitialized -Werror -fvisibility=hidden -Wundef  -Wtype-limits -Wignored-qualifiers -O3 -g -DANDROID -fdata-sections -ffunction-sections -funwind-tables -fstack-protector-strong -no-canonical-prefixes -fno-addrsig -Wa,--noexecstack -Wformat -Werror=format-security   -Wno-deprecated-declarations -pthread -DCHECK_FUNCTION_EXISTS=TLS_client_method -pthread  -Wl,--exclude-libs,libgcc.a -Wl,--exclude-libs,libatomic.a -static-libstdc++ -Wl,--build-id -Wl,--warn-shared-textrel -Wl,--fatal-warnings -Wl,--no-undefined -Qunused-arguments -Wl,-z,noexecstack -Wl,--gc-sections CMakeFiles/cmTC_5e4cc.dir/CheckFunctionExists.c.o  -o cmTC_5e4cc  C:/Users/ashton.SKYSECURE/Projects/AndroidNDKEample/app/src/main/cpp/lib/openssl/x86/lib/libssl.a C:/Users/ashton.SKYSECURE/Projects/AndroidNDKEample/app/src/main/cpp/lib/openssl/x86/lib/libcrypto.a -lm -latomic -lm && cd ."
CMakeFiles/cmTC_5e4cc.dir/CheckFunctionExists.c.o: In function `main':
C:/Users/ashton.SKYSECURE/AppData/Local/Android/Sdk/cmake/3.10.2.4988404/share/cmake-3.10/Modules/CheckFunctionExists.c:17: undefined reference to `TLS_client_method'
clang: error: linker command failed with exit code 1 (use -v to see invocation)
ninja: build stopped: subcommand failed.


Determining if the function TLSv1_2_client_method exists failed with the following output:
Change Dir: C:/Users/ashton.SKYSECURE/Projects/AndroidNDKEample/app/outputs/cmake/cmake/debug/arm64-v8a/CMakeFiles/CMakeTmp

Run Build Command:"C:\Users\ashton.SKYSECURE\AppData\Local\Android\Sdk\cmake\3.10.2.4988404\bin\ninja.exe" "cmTC_ab724"
[1/2] Building C object CMakeFiles/cmTC_ab724.dir/CheckFunctionExists.c.o
[2/2] Linking C executable cmTC_ab724
FAILED: cmTC_ab724 
cmd.exe /C "cd . && C:\Users\ashton.SKYSECURE\AppData\Local\Android\Sdk\ndk-bundle\toolchains\llvm\prebuilt\windows-x86_64\bin\clang.exe --target=aarch64-none-linux-android21 --gcc-toolchain=C:/Users/ashton.SKYSECURE/AppData/Local/Android/Sdk/ndk-bundle/toolchains/llvm/prebuilt/windows-x86_64 --sysroot=C:/Users/ashton.SKYSECURE/AppData/Local/Android/Sdk/ndk-bundle/toolchains/llvm/prebuilt/windows-x86_64/sysroot -Wall -Wsign-compare -Wuninitialized -Werror -fvisibility=hidden -Wundef  -Wtype-limits -Wignored-qualifiers -O3 -g -DANDROID -fdata-sections -ffunction-sections -funwind-tables -fstack-protector-strong -no-canonical-prefixes -fno-addrsig -Wa,--noexecstack -Wformat -Werror=format-security   -Wno-deprecated-declarations -pthread -DCHECK_FUNCTION_EXISTS=TLSv1_2_client_method -pthread  -Wl,--exclude-libs,libgcc.a -Wl,--exclude-libs,libatomic.a -static-libstdc++ -Wl,--build-id -Wl,--warn-shared-textrel -Wl,--fatal-warnings -Wl,--no-undefined -Qunused-arguments -Wl,-z,noexecstack -Wl,--gc-sections CMakeFiles/cmTC_ab724.dir/CheckFunctionExists.c.o  -o cmTC_ab724  C:/Users/ashton.SKYSECURE/Projects/AndroidNDKEample/app/src/main/cpp/lib/openssl/x86/lib/libssl.a C:/Users/ashton.SKYSECURE/Projects/AndroidNDKEample/app/src/main/cpp/lib/openssl/x86/lib/libcrypto.a -lm -latomic -lm && cd ."
C:/Users/ashton.SKYSECURE/AppData/Local/Android/Sdk/ndk-bundle/toolchains/llvm/prebuilt/windows-x86_64/lib/gcc/aarch64-linux-android/4.9.x/../../../../aarch64-linux-android/bin\ld: C:/Users/ashton.SKYSECURE/Projects/AndroidNDKEample/app/src/main/cpp/lib/openssl/x86/lib/libssl.a(t1_clnt.o): Relocations in generic ELF (EM: 3)
C:/Users/ashton.SKYSECURE/AppData/Local/Android/Sdk/ndk-bundle/toolchains/llvm/prebuilt/windows-x86_64/lib/gcc/aarch64-linux-android/4.9.x/../../../../aarch64-linux-android/bin\ld: C:/Users/ashton.SKYSECURE/Projects/AndroidNDKEample/app/src/main/cpp/lib/openssl/x86/lib/libssl.a(t1_clnt.o): Relocations in generic ELF (EM: 3)
C:/Users/ashton.SKYSECURE/AppData/Local/Android/Sdk/ndk-bundle/toolchains/llvm/prebuilt/windows-x86_64/lib/gcc/aarch64-linux-android/4.9.x/../../../../aarch64-linux-android/bin\ld: C:/Users/ashton.SKYSECURE/Projects/AndroidNDKEample/app/src/main/cpp/lib/openssl/x86/lib/libssl.a(t1_clnt.o): Relocations in generic ELF (EM: 3)
C:/Users/ashton.SKYSECURE/Projects/AndroidNDKEample/app/src/main/cpp/lib/openssl/x86/lib/libssl.a: error adding symbols: File in wrong format
clang: error: linker command failed with exit code 1 (use -v to see invocation)
ninja: build stopped: subcommand failed.


