Determining if the function getifaddrs exists failed with the following output:
Change Dir: C:/Users/ashton.SKYSECURE/Projects/AndroidNDKEample/app/src/main/cpp/build/cmake/release/arm64-v8a/CMakeFiles/CMakeTmp

Run Build Command:"C:\Users\ashton.SKYSECURE\AppData\Local\Android\Sdk\cmake\3.10.2.4988404\bin\ninja.exe" "cmTC_6ad52"
[1/2] Building C object CMakeFiles/cmTC_6ad52.dir/CheckFunctionExists.c.o
[2/2] Linking C executable cmTC_6ad52
FAILED: cmTC_6ad52 
cmd.exe /C "cd . && C:\Users\ashton.SKYSECURE\AppData\Local\Android\Sdk\ndk-bundle\toolchains\llvm\prebuilt\windows-x86_64\bin\clang.exe --target=aarch64-none-linux-android21 --gcc-toolchain=C:/Users/ashton.SKYSECURE/AppData/Local/Android/Sdk/ndk-bundle/toolchains/llvm/prebuilt/windows-x86_64 --sysroot=C:/Users/ashton.SKYSECURE/AppData/Local/Android/Sdk/ndk-bundle/toolchains/llvm/prebuilt/windows-x86_64/sysroot -g -DANDROID -fdata-sections -ffunction-sections -funwind-tables -fstack-protector-strong -no-canonical-prefixes -fno-addrsig -Wa,--noexecstack -Wformat -Werror=format-security  -DCHECK_FUNCTION_EXISTS=getifaddrs  -Wl,--exclude-libs,libgcc.a -Wl,--exclude-libs,libatomic.a -static-libstdc++ -Wl,--build-id -Wl,--warn-shared-textrel -Wl,--fatal-warnings -Wl,--no-undefined -Qunused-arguments -Wl,-z,noexecstack -Wl,--gc-sections CMakeFiles/cmTC_6ad52.dir/CheckFunctionExists.c.o  -o cmTC_6ad52  -latomic -lm && cd ."
CMakeFiles/cmTC_6ad52.dir/CheckFunctionExists.c.o: In function `main':
C:/Users/ashton.SKYSECURE/AppData/Local/Android/Sdk/cmake/3.10.2.4988404/share/cmake-3.10/Modules/CheckFunctionExists.c:17: undefined reference to `getifaddrs'
clang: error: linker command failed with exit code 1 (use -v to see invocation)
ninja: build stopped: subcommand failed.


Determining if the function _snprintf exists failed with the following output:
Change Dir: C:/Users/ashton.SKYSECURE/Projects/AndroidNDKEample/app/src/main/cpp/build/cmake/release/arm64-v8a/CMakeFiles/CMakeTmp

Run Build Command:"C:\Users\ashton.SKYSECURE\AppData\Local\Android\Sdk\cmake\3.10.2.4988404\bin\ninja.exe" "cmTC_ba7cf"
[1/2] Building C object CMakeFiles/cmTC_ba7cf.dir/CheckFunctionExists.c.o
[2/2] Linking C executable cmTC_ba7cf
FAILED: cmTC_ba7cf 
cmd.exe /C "cd . && C:\Users\ashton.SKYSECURE\AppData\Local\Android\Sdk\ndk-bundle\toolchains\llvm\prebuilt\windows-x86_64\bin\clang.exe --target=aarch64-none-linux-android21 --gcc-toolchain=C:/Users/ashton.SKYSECURE/AppData/Local/Android/Sdk/ndk-bundle/toolchains/llvm/prebuilt/windows-x86_64 --sysroot=C:/Users/ashton.SKYSECURE/AppData/Local/Android/Sdk/ndk-bundle/toolchains/llvm/prebuilt/windows-x86_64/sysroot -g -DANDROID -fdata-sections -ffunction-sections -funwind-tables -fstack-protector-strong -no-canonical-prefixes -fno-addrsig -Wa,--noexecstack -Wformat -Werror=format-security  -DCHECK_FUNCTION_EXISTS=_snprintf  -Wl,--exclude-libs,libgcc.a -Wl,--exclude-libs,libatomic.a -static-libstdc++ -Wl,--build-id -Wl,--warn-shared-textrel -Wl,--fatal-warnings -Wl,--no-undefined -Qunused-arguments -Wl,-z,noexecstack -Wl,--gc-sections CMakeFiles/cmTC_ba7cf.dir/CheckFunctionExists.c.o  -o cmTC_ba7cf  -latomic -lm && cd ."
CMakeFiles/cmTC_ba7cf.dir/CheckFunctionExists.c.o: In function `main':
C:/Users/ashton.SKYSECURE/AppData/Local/Android/Sdk/cmake/3.10.2.4988404/share/cmake-3.10/Modules/CheckFunctionExists.c:17: undefined reference to `_snprintf'
clang: error: linker command failed with exit code 1 (use -v to see invocation)
ninja: build stopped: subcommand failed.


Determining if the function _vsnprintf exists failed with the following output:
Change Dir: C:/Users/ashton.SKYSECURE/Projects/AndroidNDKEample/app/src/main/cpp/build/cmake/release/arm64-v8a/CMakeFiles/CMakeTmp

Run Build Command:"C:\Users\ashton.SKYSECURE\AppData\Local\Android\Sdk\cmake\3.10.2.4988404\bin\ninja.exe" "cmTC_191f6"
[1/2] Building C object CMakeFiles/cmTC_191f6.dir/CheckFunctionExists.c.o
[2/2] Linking C executable cmTC_191f6
FAILED: cmTC_191f6 
cmd.exe /C "cd . && C:\Users\ashton.SKYSECURE\AppData\Local\Android\Sdk\ndk-bundle\toolchains\llvm\prebuilt\windows-x86_64\bin\clang.exe --target=aarch64-none-linux-android21 --gcc-toolchain=C:/Users/ashton.SKYSECURE/AppData/Local/Android/Sdk/ndk-bundle/toolchains/llvm/prebuilt/windows-x86_64 --sysroot=C:/Users/ashton.SKYSECURE/AppData/Local/Android/Sdk/ndk-bundle/toolchains/llvm/prebuilt/windows-x86_64/sysroot -g -DANDROID -fdata-sections -ffunction-sections -funwind-tables -fstack-protector-strong -no-canonical-prefixes -fno-addrsig -Wa,--noexecstack -Wformat -Werror=format-security  -DCHECK_FUNCTION_EXISTS=_vsnprintf  -Wl,--exclude-libs,libgcc.a -Wl,--exclude-libs,libatomic.a -static-libstdc++ -Wl,--build-id -Wl,--warn-shared-textrel -Wl,--fatal-warnings -Wl,--no-undefined -Qunused-arguments -Wl,-z,noexecstack -Wl,--gc-sections CMakeFiles/cmTC_191f6.dir/CheckFunctionExists.c.o  -o cmTC_191f6  -latomic -lm && cd ."
CMakeFiles/cmTC_191f6.dir/CheckFunctionExists.c.o: In function `main':
C:/Users/ashton.SKYSECURE/AppData/Local/Android/Sdk/cmake/3.10.2.4988404/share/cmake-3.10/Modules/CheckFunctionExists.c:17: undefined reference to `_vsnprintf'
clang: error: linker command failed with exit code 1 (use -v to see invocation)
ninja: build stopped: subcommand failed.


Determining if the function getloadavg exists failed with the following output:
Change Dir: C:/Users/ashton.SKYSECURE/Projects/AndroidNDKEample/app/src/main/cpp/build/cmake/release/arm64-v8a/CMakeFiles/CMakeTmp

Run Build Command:"C:\Users\ashton.SKYSECURE\AppData\Local\Android\Sdk\cmake\3.10.2.4988404\bin\ninja.exe" "cmTC_67dcc"
[1/2] Building C object CMakeFiles/cmTC_67dcc.dir/CheckFunctionExists.c.o
[2/2] Linking C executable cmTC_67dcc
FAILED: cmTC_67dcc 
cmd.exe /C "cd . && C:\Users\ashton.SKYSECURE\AppData\Local\Android\Sdk\ndk-bundle\toolchains\llvm\prebuilt\windows-x86_64\bin\clang.exe --target=aarch64-none-linux-android21 --gcc-toolchain=C:/Users/ashton.SKYSECURE/AppData/Local/Android/Sdk/ndk-bundle/toolchains/llvm/prebuilt/windows-x86_64 --sysroot=C:/Users/ashton.SKYSECURE/AppData/Local/Android/Sdk/ndk-bundle/toolchains/llvm/prebuilt/windows-x86_64/sysroot -g -DANDROID -fdata-sections -ffunction-sections -funwind-tables -fstack-protector-strong -no-canonical-prefixes -fno-addrsig -Wa,--noexecstack -Wformat -Werror=format-security  -DCHECK_FUNCTION_EXISTS=getloadavg  -Wl,--exclude-libs,libgcc.a -Wl,--exclude-libs,libatomic.a -static-libstdc++ -Wl,--build-id -Wl,--warn-shared-textrel -Wl,--fatal-warnings -Wl,--no-undefined -Qunused-arguments -Wl,-z,noexecstack -Wl,--gc-sections CMakeFiles/cmTC_67dcc.dir/CheckFunctionExists.c.o  -o cmTC_67dcc  -latomic -lm && cd ."
CMakeFiles/cmTC_67dcc.dir/CheckFunctionExists.c.o: In function `main':
C:/Users/ashton.SKYSECURE/AppData/Local/Android/Sdk/cmake/3.10.2.4988404/share/cmake-3.10/Modules/CheckFunctionExists.c:17: undefined reference to `getloadavg'
clang: error: linker command failed with exit code 1 (use -v to see invocation)
ninja: build stopped: subcommand failed.


Determining if the function _atoi64 exists failed with the following output:
Change Dir: C:/Users/ashton.SKYSECURE/Projects/AndroidNDKEample/app/src/main/cpp/build/cmake/release/arm64-v8a/CMakeFiles/CMakeTmp

Run Build Command:"C:\Users\ashton.SKYSECURE\AppData\Local\Android\Sdk\cmake\3.10.2.4988404\bin\ninja.exe" "cmTC_726f0"
[1/2] Building C object CMakeFiles/cmTC_726f0.dir/CheckFunctionExists.c.o
[2/2] Linking C executable cmTC_726f0
FAILED: cmTC_726f0 
cmd.exe /C "cd . && C:\Users\ashton.SKYSECURE\AppData\Local\Android\Sdk\ndk-bundle\toolchains\llvm\prebuilt\windows-x86_64\bin\clang.exe --target=aarch64-none-linux-android21 --gcc-toolchain=C:/Users/ashton.SKYSECURE/AppData/Local/Android/Sdk/ndk-bundle/toolchains/llvm/prebuilt/windows-x86_64 --sysroot=C:/Users/ashton.SKYSECURE/AppData/Local/Android/Sdk/ndk-bundle/toolchains/llvm/prebuilt/windows-x86_64/sysroot -g -DANDROID -fdata-sections -ffunction-sections -funwind-tables -fstack-protector-strong -no-canonical-prefixes -fno-addrsig -Wa,--noexecstack -Wformat -Werror=format-security  -DCHECK_FUNCTION_EXISTS=_atoi64  -Wl,--exclude-libs,libgcc.a -Wl,--exclude-libs,libatomic.a -static-libstdc++ -Wl,--build-id -Wl,--warn-shared-textrel -Wl,--fatal-warnings -Wl,--no-undefined -Qunused-arguments -Wl,-z,noexecstack -Wl,--gc-sections CMakeFiles/cmTC_726f0.dir/CheckFunctionExists.c.o  -o cmTC_726f0  -latomic -lm && cd ."
CMakeFiles/cmTC_726f0.dir/CheckFunctionExists.c.o: In function `main':
C:/Users/ashton.SKYSECURE/AppData/Local/Android/Sdk/cmake/3.10.2.4988404/share/cmake-3.10/Modules/CheckFunctionExists.c:17: undefined reference to `_atoi64'
clang: error: linker command failed with exit code 1 (use -v to see invocation)
ninja: build stopped: subcommand failed.


Determining if the function _stat32i64 exists failed with the following output:
Change Dir: C:/Users/ashton.SKYSECURE/Projects/AndroidNDKEample/app/src/main/cpp/build/cmake/release/arm64-v8a/CMakeFiles/CMakeTmp

Run Build Command:"C:\Users\ashton.SKYSECURE\AppData\Local\Android\Sdk\cmake\3.10.2.4988404\bin\ninja.exe" "cmTC_06099"
[1/2] Building C object CMakeFiles/cmTC_06099.dir/CheckFunctionExists.c.o
[2/2] Linking C executable cmTC_06099
FAILED: cmTC_06099 
cmd.exe /C "cd . && C:\Users\ashton.SKYSECURE\AppData\Local\Android\Sdk\ndk-bundle\toolchains\llvm\prebuilt\windows-x86_64\bin\clang.exe --target=aarch64-none-linux-android21 --gcc-toolchain=C:/Users/ashton.SKYSECURE/AppData/Local/Android/Sdk/ndk-bundle/toolchains/llvm/prebuilt/windows-x86_64 --sysroot=C:/Users/ashton.SKYSECURE/AppData/Local/Android/Sdk/ndk-bundle/toolchains/llvm/prebuilt/windows-x86_64/sysroot -g -DANDROID -fdata-sections -ffunction-sections -funwind-tables -fstack-protector-strong -no-canonical-prefixes -fno-addrsig -Wa,--noexecstack -Wformat -Werror=format-security  -DCHECK_FUNCTION_EXISTS=_stat32i64  -Wl,--exclude-libs,libgcc.a -Wl,--exclude-libs,libatomic.a -static-libstdc++ -Wl,--build-id -Wl,--warn-shared-textrel -Wl,--fatal-warnings -Wl,--no-undefined -Qunused-arguments -Wl,-z,noexecstack -Wl,--gc-sections CMakeFiles/cmTC_06099.dir/CheckFunctionExists.c.o  -o cmTC_06099  -latomic -lm && cd ."
CMakeFiles/cmTC_06099.dir/CheckFunctionExists.c.o: In function `main':
C:/Users/ashton.SKYSECURE/AppData/Local/Android/Sdk/cmake/3.10.2.4988404/share/cmake-3.10/Modules/CheckFunctionExists.c:17: undefined reference to `_stat32i64'
clang: error: linker command failed with exit code 1 (use -v to see invocation)
ninja: build stopped: subcommand failed.


Determining if the include file in6addr.h exists failed with the following output:
Change Dir: C:/Users/ashton.SKYSECURE/Projects/AndroidNDKEample/app/src/main/cpp/build/cmake/release/arm64-v8a/CMakeFiles/CMakeTmp

Run Build Command:"C:\Users\ashton.SKYSECURE\AppData\Local\Android\Sdk\cmake\3.10.2.4988404\bin\ninja.exe" "cmTC_6d93e"
[1/2] Building C object CMakeFiles/cmTC_6d93e.dir/CheckIncludeFile.c.o
FAILED: CMakeFiles/cmTC_6d93e.dir/CheckIncludeFile.c.o 
C:\Users\ashton.SKYSECURE\AppData\Local\Android\Sdk\ndk-bundle\toolchains\llvm\prebuilt\windows-x86_64\bin\clang.exe --target=aarch64-none-linux-android21 --gcc-toolchain=C:/Users/ashton.SKYSECURE/AppData/Local/Android/Sdk/ndk-bundle/toolchains/llvm/prebuilt/windows-x86_64 --sysroot=C:/Users/ashton.SKYSECURE/AppData/Local/Android/Sdk/ndk-bundle/toolchains/llvm/prebuilt/windows-x86_64/sysroot -DKEYWORD=__inline  -g -DANDROID -fdata-sections -ffunction-sections -funwind-tables -fstack-protector-strong -no-canonical-prefixes -fno-addrsig -Wa,--noexecstack -Wformat -Werror=format-security   -fPIE -o CMakeFiles/cmTC_6d93e.dir/CheckIncludeFile.c.o   -c CheckIncludeFile.c
CheckIncludeFile.c:1:10: fatal error: 'in6addr.h' file not found
#include <in6addr.h>
         ^~~~~~~~~~~
1 error generated.
ninja: build stopped: subcommand failed.


Determining if the include file sys/sockio.h exists failed with the following output:
Change Dir: C:/Users/ashton.SKYSECURE/Projects/AndroidNDKEample/app/src/main/cpp/build/cmake/release/arm64-v8a/CMakeFiles/CMakeTmp

Run Build Command:"C:\Users\ashton.SKYSECURE\AppData\Local\Android\Sdk\cmake\3.10.2.4988404\bin\ninja.exe" "cmTC_8e9d6"
[1/2] Building C object CMakeFiles/cmTC_8e9d6.dir/CheckIncludeFile.c.o
FAILED: CMakeFiles/cmTC_8e9d6.dir/CheckIncludeFile.c.o 
C:\Users\ashton.SKYSECURE\AppData\Local\Android\Sdk\ndk-bundle\toolchains\llvm\prebuilt\windows-x86_64\bin\clang.exe --target=aarch64-none-linux-android21 --gcc-toolchain=C:/Users/ashton.SKYSECURE/AppData/Local/Android/Sdk/ndk-bundle/toolchains/llvm/prebuilt/windows-x86_64 --sysroot=C:/Users/ashton.SKYSECURE/AppData/Local/Android/Sdk/ndk-bundle/toolchains/llvm/prebuilt/windows-x86_64/sysroot -DKEYWORD=__inline  -g -DANDROID -fdata-sections -ffunction-sections -funwind-tables -fstack-protector-strong -no-canonical-prefixes -fno-addrsig -Wa,--noexecstack -Wformat -Werror=format-security   -fPIE -o CMakeFiles/cmTC_8e9d6.dir/CheckIncludeFile.c.o   -c CheckIncludeFile.c
CheckIncludeFile.c:1:10: fatal error: 'sys/sockio.h' file not found
#include <sys/sockio.h>
         ^~~~~~~~~~~~~~
1 error generated.
ninja: build stopped: subcommand failed.


Determining if the include file vfork.h exists failed with the following output:
Change Dir: C:/Users/ashton.SKYSECURE/Projects/AndroidNDKEample/app/src/main/cpp/build/cmake/release/arm64-v8a/CMakeFiles/CMakeTmp

Run Build Command:"C:\Users\ashton.SKYSECURE\AppData\Local\Android\Sdk\cmake\3.10.2.4988404\bin\ninja.exe" "cmTC_fabcc"
[1/2] Building C object CMakeFiles/cmTC_fabcc.dir/CheckIncludeFile.c.o
FAILED: CMakeFiles/cmTC_fabcc.dir/CheckIncludeFile.c.o 
C:\Users\ashton.SKYSECURE\AppData\Local\Android\Sdk\ndk-bundle\toolchains\llvm\prebuilt\windows-x86_64\bin\clang.exe --target=aarch64-none-linux-android21 --gcc-toolchain=C:/Users/ashton.SKYSECURE/AppData/Local/Android/Sdk/ndk-bundle/toolchains/llvm/prebuilt/windows-x86_64 --sysroot=C:/Users/ashton.SKYSECURE/AppData/Local/Android/Sdk/ndk-bundle/toolchains/llvm/prebuilt/windows-x86_64/sysroot -DKEYWORD=__inline  -g -DANDROID -fdata-sections -ffunction-sections -funwind-tables -fstack-protector-strong -no-canonical-prefixes -fno-addrsig -Wa,--noexecstack -Wformat -Werror=format-security   -fPIE -o CMakeFiles/cmTC_fabcc.dir/CheckIncludeFile.c.o   -c CheckIncludeFile.c
CheckIncludeFile.c:1:10: fatal error: 'vfork.h' file not found
#include <vfork.h>
         ^~~~~~~~~
1 error generated.
ninja: build stopped: subcommand failed.


Determining if the function cap_set_flag exists in the cap failed with the following output:
Change Dir: C:/Users/ashton.SKYSECURE/Projects/AndroidNDKEample/app/src/main/cpp/build/cmake/release/arm64-v8a/CMakeFiles/CMakeTmp

Run Build Command:"C:\Users\ashton.SKYSECURE\AppData\Local\Android\Sdk\cmake\3.10.2.4988404\bin\ninja.exe" "cmTC_56065"
[1/2] Building C object CMakeFiles/cmTC_56065.dir/CheckFunctionExists.c.o
[2/2] Linking C executable cmTC_56065
FAILED: cmTC_56065 
cmd.exe /C "cd . && C:\Users\ashton.SKYSECURE\AppData\Local\Android\Sdk\ndk-bundle\toolchains\llvm\prebuilt\windows-x86_64\bin\clang.exe --target=aarch64-none-linux-android21 --gcc-toolchain=C:/Users/ashton.SKYSECURE/AppData/Local/Android/Sdk/ndk-bundle/toolchains/llvm/prebuilt/windows-x86_64 --sysroot=C:/Users/ashton.SKYSECURE/AppData/Local/Android/Sdk/ndk-bundle/toolchains/llvm/prebuilt/windows-x86_64/sysroot -g -DANDROID -fdata-sections -ffunction-sections -funwind-tables -fstack-protector-strong -no-canonical-prefixes -fno-addrsig -Wa,--noexecstack -Wformat -Werror=format-security  -DCHECK_FUNCTION_EXISTS=cap_set_flag  -Wl,--exclude-libs,libgcc.a -Wl,--exclude-libs,libatomic.a -static-libstdc++ -Wl,--build-id -Wl,--warn-shared-textrel -Wl,--fatal-warnings -Wl,--no-undefined -Qunused-arguments -Wl,-z,noexecstack -Wl,--gc-sections CMakeFiles/cmTC_56065.dir/CheckFunctionExists.c.o  -o cmTC_56065  -lcap -latomic -lm && cd ."
C:/Users/ashton.SKYSECURE/AppData/Local/Android/Sdk/ndk-bundle/toolchains/llvm/prebuilt/windows-x86_64/lib/gcc/aarch64-linux-android/4.9.x/../../../../aarch64-linux-android/bin\ld: cannot find -lcap
clang: error: linker command failed with exit code 1 (use -v to see invocation)
ninja: build stopped: subcommand failed.


Determining if the function SSL_CTX_set1_param exists failed with the following output:
Change Dir: C:/Users/ashton.SKYSECURE/Projects/AndroidNDKEample/app/src/main/cpp/build/cmake/release/arm64-v8a/CMakeFiles/CMakeTmp

Run Build Command:"C:\Users\ashton.SKYSECURE\AppData\Local\Android\Sdk\cmake\3.10.2.4988404\bin\ninja.exe" "cmTC_c295a"
[1/2] Building C object CMakeFiles/cmTC_c295a.dir/CheckFunctionExists.c.o
[2/2] Linking C executable cmTC_c295a
FAILED: cmTC_c295a 
cmd.exe /C "cd . && C:\Users\ashton.SKYSECURE\AppData\Local\Android\Sdk\ndk-bundle\toolchains\llvm\prebuilt\windows-x86_64\bin\clang.exe --target=aarch64-none-linux-android21 --gcc-toolchain=C:/Users/ashton.SKYSECURE/AppData/Local/Android/Sdk/ndk-bundle/toolchains/llvm/prebuilt/windows-x86_64 --sysroot=C:/Users/ashton.SKYSECURE/AppData/Local/Android/Sdk/ndk-bundle/toolchains/llvm/prebuilt/windows-x86_64/sysroot -Wall -Wsign-compare -Wuninitialized -Werror -fvisibility=hidden -Wundef  -Wtype-limits -Wignored-qualifiers -O3 -g -DANDROID -fdata-sections -ffunction-sections -funwind-tables -fstack-protector-strong -no-canonical-prefixes -fno-addrsig -Wa,--noexecstack -Wformat -Werror=format-security   -Wno-deprecated-declarations -pthread -DCHECK_FUNCTION_EXISTS=SSL_CTX_set1_param -pthread  -Wl,--exclude-libs,libgcc.a -Wl,--exclude-libs,libatomic.a -static-libstdc++ -Wl,--build-id -Wl,--warn-shared-textrel -Wl,--fatal-warnings -Wl,--no-undefined -Qunused-arguments -Wl,-z,noexecstack -Wl,--gc-sections CMakeFiles/cmTC_c295a.dir/CheckFunctionExists.c.o  -o cmTC_c295a  C:/Users/ashton.SKYSECURE/Projects/AndroidNDKEample/app/src/main/cpp/lib/openssl/x86/lib/libssl.a C:/Users/ashton.SKYSECURE/Projects/AndroidNDKEample/app/src/main/cpp/lib/openssl/x86/lib/libcrypto.a -lm -latomic -lm && cd ."
C:/Users/ashton.SKYSECURE/AppData/Local/Android/Sdk/ndk-bundle/toolchains/llvm/prebuilt/windows-x86_64/lib/gcc/aarch64-linux-android/4.9.x/../../../../aarch64-linux-android/bin\ld: C:/Users/ashton.SKYSECURE/Projects/AndroidNDKEample/app/src/main/cpp/lib/openssl/x86/lib/libssl.a(ssl_lib.o): Relocations in generic ELF (EM: 3)
C:/Users/ashton.SKYSECURE/AppData/Local/Android/Sdk/ndk-bundle/toolchains/llvm/prebuilt/windows-x86_64/lib/gcc/aarch64-linux-android/4.9.x/../../../../aarch64-linux-android/bin\ld: C:/Users/ashton.SKYSECURE/Projects/AndroidNDKEample/app/src/main/cpp/lib/openssl/x86/lib/libssl.a(ssl_lib.o): Relocations in generic ELF (EM: 3)
C:/Users/ashton.SKYSECURE/AppData/Local/Android/Sdk/ndk-bundle/toolchains/llvm/prebuilt/windows-x86_64/lib/gcc/aarch64-linux-android/4.9.x/../../../../aarch64-linux-android/bin\ld: C:/Users/ashton.SKYSECURE/Projects/AndroidNDKEample/app/src/main/cpp/lib/openssl/x86/lib/libssl.a(ssl_lib.o): Relocations in generic ELF (EM: 3)
C:/Users/ashton.SKYSECURE/AppData/Local/Android/Sdk/ndk-bundle/toolchains/llvm/prebuilt/windows-x86_64/lib/gcc/aarch64-linux-android/4.9.x/../../../../aarch64-linux-android/bin\ld: C:/Users/ashton.SKYSECURE/Projects/AndroidNDKEample/app/src/main/cpp/lib/openssl/x86/lib/libssl.a(ssl_lib.o): Relocations in generic ELF (EM: 3)
C:/Users/ashton.SKYSECURE/AppData/Local/Android/Sdk/ndk-bundle/toolchains/llvm/prebuilt/windows-x86_64/lib/gcc/aarch64-linux-android/4.9.x/../../../../aarch64-linux-android/bin\ld: C:/Users/ashton.SKYSECURE/Projects/AndroidNDKEample/app/src/main/cpp/lib/openssl/x86/lib/libssl.a(ssl_lib.o): Relocations in generic ELF (EM: 3)
C:/Users/ashton.SKYSECURE/Projects/AndroidNDKEample/app/src/main/cpp/lib/openssl/x86/lib/libssl.a: error adding symbols: File in wrong format
clang: error: linker command failed with exit code 1 (use -v to see invocation)
ninja: build stopped: subcommand failed.


Determining if the function SSL_set_info_callback exists failed with the following output:
Change Dir: C:/Users/ashton.SKYSECURE/Projects/AndroidNDKEample/app/src/main/cpp/build/cmake/release/arm64-v8a/CMakeFiles/CMakeTmp

Run Build Command:"C:\Users\ashton.SKYSECURE\AppData\Local\Android\Sdk\cmake\3.10.2.4988404\bin\ninja.exe" "cmTC_953ab"
[1/2] Building C object CMakeFiles/cmTC_953ab.dir/CheckFunctionExists.c.o
[2/2] Linking C executable cmTC_953ab
FAILED: cmTC_953ab 
cmd.exe /C "cd . && C:\Users\ashton.SKYSECURE\AppData\Local\Android\Sdk\ndk-bundle\toolchains\llvm\prebuilt\windows-x86_64\bin\clang.exe --target=aarch64-none-linux-android21 --gcc-toolchain=C:/Users/ashton.SKYSECURE/AppData/Local/Android/Sdk/ndk-bundle/toolchains/llvm/prebuilt/windows-x86_64 --sysroot=C:/Users/ashton.SKYSECURE/AppData/Local/Android/Sdk/ndk-bundle/toolchains/llvm/prebuilt/windows-x86_64/sysroot -Wall -Wsign-compare -Wuninitialized -Werror -fvisibility=hidden -Wundef  -Wtype-limits -Wignored-qualifiers -O3 -g -DANDROID -fdata-sections -ffunction-sections -funwind-tables -fstack-protector-strong -no-canonical-prefixes -fno-addrsig -Wa,--noexecstack -Wformat -Werror=format-security   -Wno-deprecated-declarations -pthread -DCHECK_FUNCTION_EXISTS=SSL_set_info_callback -pthread  -Wl,--exclude-libs,libgcc.a -Wl,--exclude-libs,libatomic.a -static-libstdc++ -Wl,--build-id -Wl,--warn-shared-textrel -Wl,--fatal-warnings -Wl,--no-undefined -Qunused-arguments -Wl,-z,noexecstack -Wl,--gc-sections CMakeFiles/cmTC_953ab.dir/CheckFunctionExists.c.o  -o cmTC_953ab  C:/Users/ashton.SKYSECURE/Projects/AndroidNDKEample/app/src/main/cpp/lib/openssl/x86/lib/libssl.a C:/Users/ashton.SKYSECURE/Projects/AndroidNDKEample/app/src/main/cpp/lib/openssl/x86/lib/libcrypto.a -lm -latomic -lm && cd ."
C:/Users/ashton.SKYSECURE/AppData/Local/Android/Sdk/ndk-bundle/toolchains/llvm/prebuilt/windows-x86_64/lib/gcc/aarch64-linux-android/4.9.x/../../../../aarch64-linux-android/bin\ld: C:/Users/ashton.SKYSECURE/Projects/AndroidNDKEample/app/src/main/cpp/lib/openssl/x86/lib/libssl.a(ssl_lib.o): Relocations in generic ELF (EM: 3)
C:/Users/ashton.SKYSECURE/AppData/Local/Android/Sdk/ndk-bundle/toolchains/llvm/prebuilt/windows-x86_64/lib/gcc/aarch64-linux-android/4.9.x/../../../../aarch64-linux-android/bin\ld: C:/Users/ashton.SKYSECURE/Projects/AndroidNDKEample/app/src/main/cpp/lib/openssl/x86/lib/libssl.a(ssl_lib.o): Relocations in generic ELF (EM: 3)
C:/Users/ashton.SKYSECURE/AppData/Local/Android/Sdk/ndk-bundle/toolchains/llvm/prebuilt/windows-x86_64/lib/gcc/aarch64-linux-android/4.9.x/../../../../aarch64-linux-android/bin\ld: C:/Users/ashton.SKYSECURE/Projects/AndroidNDKEample/app/src/main/cpp/lib/openssl/x86/lib/libssl.a(ssl_lib.o): Relocations in generic ELF (EM: 3)
C:/Users/ashton.SKYSECURE/AppData/Local/Android/Sdk/ndk-bundle/toolchains/llvm/prebuilt/windows-x86_64/lib/gcc/aarch64-linux-android/4.9.x/../../../../aarch64-linux-android/bin\ld: C:/Users/ashton.SKYSECURE/Projects/AndroidNDKEample/app/src/main/cpp/lib/openssl/x86/lib/libssl.a(ssl_lib.o): Relocations in generic ELF (EM: 3)
C:/Users/ashton.SKYSECURE/AppData/Local/Android/Sdk/ndk-bundle/toolchains/llvm/prebuilt/windows-x86_64/lib/gcc/aarch64-linux-android/4.9.x/../../../../aarch64-linux-android/bin\ld: C:/Users/ashton.SKYSECURE/Projects/AndroidNDKEample/app/src/main/cpp/lib/openssl/x86/lib/libssl.a(ssl_lib.o): Relocations in generic ELF (EM: 3)
C:/Users/ashton.SKYSECURE/Projects/AndroidNDKEample/app/src/main/cpp/lib/openssl/x86/lib/libssl.a: error adding symbols: File in wrong format
clang: error: linker command failed with exit code 1 (use -v to see invocation)
ninja: build stopped: subcommand failed.


Determining if the function X509_VERIFY_PARAM_set1_host exists failed with the following output:
Change Dir: C:/Users/ashton.SKYSECURE/Projects/AndroidNDKEample/app/src/main/cpp/build/cmake/release/arm64-v8a/CMakeFiles/CMakeTmp

Run Build Command:"C:\Users\ashton.SKYSECURE\AppData\Local\Android\Sdk\cmake\3.10.2.4988404\bin\ninja.exe" "cmTC_d2a26"
[1/2] Building C object CMakeFiles/cmTC_d2a26.dir/CheckFunctionExists.c.o
[2/2] Linking C executable cmTC_d2a26
FAILED: cmTC_d2a26 
cmd.exe /C "cd . && C:\Users\ashton.SKYSECURE\AppData\Local\Android\Sdk\ndk-bundle\toolchains\llvm\prebuilt\windows-x86_64\bin\clang.exe --target=aarch64-none-linux-android21 --gcc-toolchain=C:/Users/ashton.SKYSECURE/AppData/Local/Android/Sdk/ndk-bundle/toolchains/llvm/prebuilt/windows-x86_64 --sysroot=C:/Users/ashton.SKYSECURE/AppData/Local/Android/Sdk/ndk-bundle/toolchains/llvm/prebuilt/windows-x86_64/sysroot -Wall -Wsign-compare -Wuninitialized -Werror -fvisibility=hidden -Wundef  -Wtype-limits -Wignored-qualifiers -O3 -g -DANDROID -fdata-sections -ffunction-sections -funwind-tables -fstack-protector-strong -no-canonical-prefixes -fno-addrsig -Wa,--noexecstack -Wformat -Werror=format-security   -Wno-deprecated-declarations -pthread -DCHECK_FUNCTION_EXISTS=X509_VERIFY_PARAM_set1_host -pthread  -Wl,--exclude-libs,libgcc.a -Wl,--exclude-libs,libatomic.a -static-libstdc++ -Wl,--build-id -Wl,--warn-shared-textrel -Wl,--fatal-warnings -Wl,--no-undefined -Qunused-arguments -Wl,-z,noexecstack -Wl,--gc-sections CMakeFiles/cmTC_d2a26.dir/CheckFunctionExists.c.o  -o cmTC_d2a26  C:/Users/ashton.SKYSECURE/Projects/AndroidNDKEample/app/src/main/cpp/lib/openssl/x86/lib/libssl.a C:/Users/ashton.SKYSECURE/Projects/AndroidNDKEample/app/src/main/cpp/lib/openssl/x86/lib/libcrypto.a -lm -latomic -lm && cd ."
C:/Users/ashton.SKYSECURE/AppData/Local/Android/Sdk/ndk-bundle/toolchains/llvm/prebuilt/windows-x86_64/lib/gcc/aarch64-linux-android/4.9.x/../../../../aarch64-linux-android/bin\ld: C:/Users/ashton.SKYSECURE/Projects/AndroidNDKEample/app/src/main/cpp/lib/openssl/x86/lib/libcrypto.a(x509_vpm.o): Relocations in generic ELF (EM: 3)
C:/Users/ashton.SKYSECURE/AppData/Local/Android/Sdk/ndk-bundle/toolchains/llvm/prebuilt/windows-x86_64/lib/gcc/aarch64-linux-android/4.9.x/../../../../aarch64-linux-android/bin\ld: C:/Users/ashton.SKYSECURE/Projects/AndroidNDKEample/app/src/main/cpp/lib/openssl/x86/lib/libcrypto.a(x509_vpm.o): Relocations in generic ELF (EM: 3)
C:/Users/ashton.SKYSECURE/AppData/Local/Android/Sdk/ndk-bundle/toolchains/llvm/prebuilt/windows-x86_64/lib/gcc/aarch64-linux-android/4.9.x/../../../../aarch64-linux-android/bin\ld: C:/Users/ashton.SKYSECURE/Projects/AndroidNDKEample/app/src/main/cpp/lib/openssl/x86/lib/libcrypto.a(x509_vpm.o): Relocations in generic ELF (EM: 3)
C:/Users/ashton.SKYSECURE/Projects/AndroidNDKEample/app/src/main/cpp/lib/openssl/x86/lib/libcrypto.a: error adding symbols: File in wrong format
clang: error: linker command failed with exit code 1 (use -v to see invocation)
ninja: build stopped: subcommand failed.


Determining if the function RSA_set0_key exists failed with the following output:
Change Dir: C:/Users/ashton.SKYSECURE/Projects/AndroidNDKEample/app/src/main/cpp/build/cmake/release/arm64-v8a/CMakeFiles/CMakeTmp

Run Build Command:"C:\Users\ashton.SKYSECURE\AppData\Local\Android\Sdk\cmake\3.10.2.4988404\bin\ninja.exe" "cmTC_81fc5"
[1/2] Building C object CMakeFiles/cmTC_81fc5.dir/CheckFunctionExists.c.o
[2/2] Linking C executable cmTC_81fc5
FAILED: cmTC_81fc5 
cmd.exe /C "cd . && C:\Users\ashton.SKYSECURE\AppData\Local\Android\Sdk\ndk-bundle\toolchains\llvm\prebuilt\windows-x86_64\bin\clang.exe --target=aarch64-none-linux-android21 --gcc-toolchain=C:/Users/ashton.SKYSECURE/AppData/Local/Android/Sdk/ndk-bundle/toolchains/llvm/prebuilt/windows-x86_64 --sysroot=C:/Users/ashton.SKYSECURE/AppData/Local/Android/Sdk/ndk-bundle/toolchains/llvm/prebuilt/windows-x86_64/sysroot -Wall -Wsign-compare -Wuninitialized -Werror -fvisibility=hidden -Wundef  -Wtype-limits -Wignored-qualifiers -O3 -g -DANDROID -fdata-sections -ffunction-sections -funwind-tables -fstack-protector-strong -no-canonical-prefixes -fno-addrsig -Wa,--noexecstack -Wformat -Werror=format-security   -Wno-deprecated-declarations -pthread -DCHECK_FUNCTION_EXISTS=RSA_set0_key -pthread  -Wl,--exclude-libs,libgcc.a -Wl,--exclude-libs,libatomic.a -static-libstdc++ -Wl,--build-id -Wl,--warn-shared-textrel -Wl,--fatal-warnings -Wl,--no-undefined -Qunused-arguments -Wl,-z,noexecstack -Wl,--gc-sections CMakeFiles/cmTC_81fc5.dir/CheckFunctionExists.c.o  -o cmTC_81fc5  C:/Users/ashton.SKYSECURE/Projects/AndroidNDKEample/app/src/main/cpp/lib/openssl/x86/lib/libssl.a C:/Users/ashton.SKYSECURE/Projects/AndroidNDKEample/app/src/main/cpp/lib/openssl/x86/lib/libcrypto.a -lm -latomic -lm && cd ."
CMakeFiles/cmTC_81fc5.dir/CheckFunctionExists.c.o: In function `main':
C:/Users/ashton.SKYSECURE/AppData/Local/Android/Sdk/cmake/3.10.2.4988404/share/cmake-3.10/Modules/CheckFunctionExists.c:17: undefined reference to `RSA_set0_key'
clang: error: linker command failed with exit code 1 (use -v to see invocation)
ninja: build stopped: subcommand failed.


Determining if the function X509_get_key_usage exists failed with the following output:
Change Dir: C:/Users/ashton.SKYSECURE/Projects/AndroidNDKEample/app/src/main/cpp/build/cmake/release/arm64-v8a/CMakeFiles/CMakeTmp

Run Build Command:"C:\Users\ashton.SKYSECURE\AppData\Local\Android\Sdk\cmake\3.10.2.4988404\bin\ninja.exe" "cmTC_58a1c"
[1/2] Building C object CMakeFiles/cmTC_58a1c.dir/CheckFunctionExists.c.o
[2/2] Linking C executable cmTC_58a1c
FAILED: cmTC_58a1c 
cmd.exe /C "cd . && C:\Users\ashton.SKYSECURE\AppData\Local\Android\Sdk\ndk-bundle\toolchains\llvm\prebuilt\windows-x86_64\bin\clang.exe --target=aarch64-none-linux-android21 --gcc-toolchain=C:/Users/ashton.SKYSECURE/AppData/Local/Android/Sdk/ndk-bundle/toolchains/llvm/prebuilt/windows-x86_64 --sysroot=C:/Users/ashton.SKYSECURE/AppData/Local/Android/Sdk/ndk-bundle/toolchains/llvm/prebuilt/windows-x86_64/sysroot -Wall -Wsign-compare -Wuninitialized -Werror -fvisibility=hidden -Wundef  -Wtype-limits -Wignored-qualifiers -O3 -g -DANDROID -fdata-sections -ffunction-sections -funwind-tables -fstack-protector-strong -no-canonical-prefixes -fno-addrsig -Wa,--noexecstack -Wformat -Werror=format-security   -Wno-deprecated-declarations -pthread -DCHECK_FUNCTION_EXISTS=X509_get_key_usage -pthread  -Wl,--exclude-libs,libgcc.a -Wl,--exclude-libs,libatomic.a -static-libstdc++ -Wl,--build-id -Wl,--warn-shared-textrel -Wl,--fatal-warnings -Wl,--no-undefined -Qunused-arguments -Wl,-z,noexecstack -Wl,--gc-sections CMakeFiles/cmTC_58a1c.dir/CheckFunctionExists.c.o  -o cmTC_58a1c  C:/Users/ashton.SKYSECURE/Projects/AndroidNDKEample/app/src/main/cpp/lib/openssl/x86/lib/libssl.a C:/Users/ashton.SKYSECURE/Projects/AndroidNDKEample/app/src/main/cpp/lib/openssl/x86/lib/libcrypto.a -lm -latomic -lm && cd ."
CMakeFiles/cmTC_58a1c.dir/CheckFunctionExists.c.o: In function `main':
C:/Users/ashton.SKYSECURE/AppData/Local/Android/Sdk/cmake/3.10.2.4988404/share/cmake-3.10/Modules/CheckFunctionExists.c:17: undefined reference to `X509_get_key_usage'
clang: error: linker command failed with exit code 1 (use -v to see invocation)
ninja: build stopped: subcommand failed.


Determining if the function SSL_CTX_get0_certificate exists failed with the following output:
Change Dir: C:/Users/ashton.SKYSECURE/Projects/AndroidNDKEample/app/src/main/cpp/build/cmake/release/arm64-v8a/CMakeFiles/CMakeTmp

Run Build Command:"C:\Users\ashton.SKYSECURE\AppData\Local\Android\Sdk\cmake\3.10.2.4988404\bin\ninja.exe" "cmTC_178c2"
[1/2] Building C object CMakeFiles/cmTC_178c2.dir/CheckFunctionExists.c.o
[2/2] Linking C executable cmTC_178c2
FAILED: cmTC_178c2 
cmd.exe /C "cd . && C:\Users\ashton.SKYSECURE\AppData\Local\Android\Sdk\ndk-bundle\toolchains\llvm\prebuilt\windows-x86_64\bin\clang.exe --target=aarch64-none-linux-android21 --gcc-toolchain=C:/Users/ashton.SKYSECURE/AppData/Local/Android/Sdk/ndk-bundle/toolchains/llvm/prebuilt/windows-x86_64 --sysroot=C:/Users/ashton.SKYSECURE/AppData/Local/Android/Sdk/ndk-bundle/toolchains/llvm/prebuilt/windows-x86_64/sysroot -Wall -Wsign-compare -Wuninitialized -Werror -fvisibility=hidden -Wundef  -Wtype-limits -Wignored-qualifiers -O3 -g -DANDROID -fdata-sections -ffunction-sections -funwind-tables -fstack-protector-strong -no-canonical-prefixes -fno-addrsig -Wa,--noexecstack -Wformat -Werror=format-security   -Wno-deprecated-declarations -pthread -DCHECK_FUNCTION_EXISTS=SSL_CTX_get0_certificate -pthread  -Wl,--exclude-libs,libgcc.a -Wl,--exclude-libs,libatomic.a -static-libstdc++ -Wl,--build-id -Wl,--warn-shared-textrel -Wl,--fatal-warnings -Wl,--no-undefined -Qunused-arguments -Wl,-z,noexecstack -Wl,--gc-sections CMakeFiles/cmTC_178c2.dir/CheckFunctionExists.c.o  -o cmTC_178c2  C:/Users/ashton.SKYSECURE/Projects/AndroidNDKEample/app/src/main/cpp/lib/openssl/x86/lib/libssl.a C:/Users/ashton.SKYSECURE/Projects/AndroidNDKEample/app/src/main/cpp/lib/openssl/x86/lib/libcrypto.a -lm -latomic -lm && cd ."
C:/Users/ashton.SKYSECURE/AppData/Local/Android/Sdk/ndk-bundle/toolchains/llvm/prebuilt/windows-x86_64/lib/gcc/aarch64-linux-android/4.9.x/../../../../aarch64-linux-android/bin\ld: C:/Users/ashton.SKYSECURE/Projects/AndroidNDKEample/app/src/main/cpp/lib/openssl/x86/lib/libssl.a(ssl_lib.o): Relocations in generic ELF (EM: 3)
C:/Users/ashton.SKYSECURE/AppData/Local/Android/Sdk/ndk-bundle/toolchains/llvm/prebuilt/windows-x86_64/lib/gcc/aarch64-linux-android/4.9.x/../../../../aarch64-linux-android/bin\ld: C:/Users/ashton.SKYSECURE/Projects/AndroidNDKEample/app/src/main/cpp/lib/openssl/x86/lib/libssl.a(ssl_lib.o): Relocations in generic ELF (EM: 3)
C:/Users/ashton.SKYSECURE/AppData/Local/Android/Sdk/ndk-bundle/toolchains/llvm/prebuilt/windows-x86_64/lib/gcc/aarch64-linux-android/4.9.x/../../../../aarch64-linux-android/bin\ld: C:/Users/ashton.SKYSECURE/Projects/AndroidNDKEample/app/src/main/cpp/lib/openssl/x86/lib/libssl.a(ssl_lib.o): Relocations in generic ELF (EM: 3)
C:/Users/ashton.SKYSECURE/AppData/Local/Android/Sdk/ndk-bundle/toolchains/llvm/prebuilt/windows-x86_64/lib/gcc/aarch64-linux-android/4.9.x/../../../../aarch64-linux-android/bin\ld: C:/Users/ashton.SKYSECURE/Projects/AndroidNDKEample/app/src/main/cpp/lib/openssl/x86/lib/libssl.a(ssl_lib.o): Relocations in generic ELF (EM: 3)
C:/Users/ashton.SKYSECURE/AppData/Local/Android/Sdk/ndk-bundle/toolchains/llvm/prebuilt/windows-x86_64/lib/gcc/aarch64-linux-android/4.9.x/../../../../aarch64-linux-android/bin\ld: C:/Users/ashton.SKYSECURE/Projects/AndroidNDKEample/app/src/main/cpp/lib/openssl/x86/lib/libssl.a(ssl_lib.o): Relocations in generic ELF (EM: 3)
C:/Users/ashton.SKYSECURE/Projects/AndroidNDKEample/app/src/main/cpp/lib/openssl/x86/lib/libssl.a: error adding symbols: File in wrong format
clang: error: linker command failed with exit code 1 (use -v to see invocation)
ninja: build stopped: subcommand failed.


Determining if the function SSL_get0_alpn_selected exists failed with the following output:
Change Dir: C:/Users/ashton.SKYSECURE/Projects/AndroidNDKEample/app/src/main/cpp/build/cmake/release/arm64-v8a/CMakeFiles/CMakeTmp

Run Build Command:"C:\Users\ashton.SKYSECURE\AppData\Local\Android\Sdk\cmake\3.10.2.4988404\bin\ninja.exe" "cmTC_dbb39"
[1/2] Building C object CMakeFiles/cmTC_dbb39.dir/CheckFunctionExists.c.o
[2/2] Linking C executable cmTC_dbb39
FAILED: cmTC_dbb39 
cmd.exe /C "cd . && C:\Users\ashton.SKYSECURE\AppData\Local\Android\Sdk\ndk-bundle\toolchains\llvm\prebuilt\windows-x86_64\bin\clang.exe --target=aarch64-none-linux-android21 --gcc-toolchain=C:/Users/ashton.SKYSECURE/AppData/Local/Android/Sdk/ndk-bundle/toolchains/llvm/prebuilt/windows-x86_64 --sysroot=C:/Users/ashton.SKYSECURE/AppData/Local/Android/Sdk/ndk-bundle/toolchains/llvm/prebuilt/windows-x86_64/sysroot -Wall -Wsign-compare -Wuninitialized -Werror -fvisibility=hidden -Wundef  -Wtype-limits -Wignored-qualifiers -O3 -g -DANDROID -fdata-sections -ffunction-sections -funwind-tables -fstack-protector-strong -no-canonical-prefixes -fno-addrsig -Wa,--noexecstack -Wformat -Werror=format-security   -Wno-deprecated-declarations -pthread -DCHECK_FUNCTION_EXISTS=SSL_get0_alpn_selected -pthread  -Wl,--exclude-libs,libgcc.a -Wl,--exclude-libs,libatomic.a -static-libstdc++ -Wl,--build-id -Wl,--warn-shared-textrel -Wl,--fatal-warnings -Wl,--no-undefined -Qunused-arguments -Wl,-z,noexecstack -Wl,--gc-sections CMakeFiles/cmTC_dbb39.dir/CheckFunctionExists.c.o  -o cmTC_dbb39  C:/Users/ashton.SKYSECURE/Projects/AndroidNDKEample/app/src/main/cpp/lib/openssl/x86/lib/libssl.a C:/Users/ashton.SKYSECURE/Projects/AndroidNDKEample/app/src/main/cpp/lib/openssl/x86/lib/libcrypto.a -lm -latomic -lm && cd ."
C:/Users/ashton.SKYSECURE/AppData/Local/Android/Sdk/ndk-bundle/toolchains/llvm/prebuilt/windows-x86_64/lib/gcc/aarch64-linux-android/4.9.x/../../../../aarch64-linux-android/bin\ld: C:/Users/ashton.SKYSECURE/Projects/AndroidNDKEample/app/src/main/cpp/lib/openssl/x86/lib/libssl.a(ssl_lib.o): Relocations in generic ELF (EM: 3)
C:/Users/ashton.SKYSECURE/AppData/Local/Android/Sdk/ndk-bundle/toolchains/llvm/prebuilt/windows-x86_64/lib/gcc/aarch64-linux-android/4.9.x/../../../../aarch64-linux-android/bin\ld: C:/Users/ashton.SKYSECURE/Projects/AndroidNDKEample/app/src/main/cpp/lib/openssl/x86/lib/libssl.a(ssl_lib.o): Relocations in generic ELF (EM: 3)
C:/Users/ashton.SKYSECURE/AppData/Local/Android/Sdk/ndk-bundle/toolchains/llvm/prebuilt/windows-x86_64/lib/gcc/aarch64-linux-android/4.9.x/../../../../aarch64-linux-android/bin\ld: C:/Users/ashton.SKYSECURE/Projects/AndroidNDKEample/app/src/main/cpp/lib/openssl/x86/lib/libssl.a(ssl_lib.o): Relocations in generic ELF (EM: 3)
C:/Users/ashton.SKYSECURE/AppData/Local/Android/Sdk/ndk-bundle/toolchains/llvm/prebuilt/windows-x86_64/lib/gcc/aarch64-linux-android/4.9.x/../../../../aarch64-linux-android/bin\ld: C:/Users/ashton.SKYSECURE/Projects/AndroidNDKEample/app/src/main/cpp/lib/openssl/x86/lib/libssl.a(ssl_lib.o): Relocations in generic ELF (EM: 3)
C:/Users/ashton.SKYSECURE/AppData/Local/Android/Sdk/ndk-bundle/toolchains/llvm/prebuilt/windows-x86_64/lib/gcc/aarch64-linux-android/4.9.x/../../../../aarch64-linux-android/bin\ld: C:/Users/ashton.SKYSECURE/Projects/AndroidNDKEample/app/src/main/cpp/lib/openssl/x86/lib/libssl.a(ssl_lib.o): Relocations in generic ELF (EM: 3)
C:/Users/ashton.SKYSECURE/Projects/AndroidNDKEample/app/src/main/cpp/lib/openssl/x86/lib/libssl.a: error adding symbols: File in wrong format
clang: error: linker command failed with exit code 1 (use -v to see invocation)
ninja: build stopped: subcommand failed.


Determining if the function SSL_set_alpn_protos exists failed with the following output:
Change Dir: C:/Users/ashton.SKYSECURE/Projects/AndroidNDKEample/app/src/main/cpp/build/cmake/release/arm64-v8a/CMakeFiles/CMakeTmp

Run Build Command:"C:\Users\ashton.SKYSECURE\AppData\Local\Android\Sdk\cmake\3.10.2.4988404\bin\ninja.exe" "cmTC_742bb"
[1/2] Building C object CMakeFiles/cmTC_742bb.dir/CheckFunctionExists.c.o
[2/2] Linking C executable cmTC_742bb
FAILED: cmTC_742bb 
cmd.exe /C "cd . && C:\Users\ashton.SKYSECURE\AppData\Local\Android\Sdk\ndk-bundle\toolchains\llvm\prebuilt\windows-x86_64\bin\clang.exe --target=aarch64-none-linux-android21 --gcc-toolchain=C:/Users/ashton.SKYSECURE/AppData/Local/Android/Sdk/ndk-bundle/toolchains/llvm/prebuilt/windows-x86_64 --sysroot=C:/Users/ashton.SKYSECURE/AppData/Local/Android/Sdk/ndk-bundle/toolchains/llvm/prebuilt/windows-x86_64/sysroot -Wall -Wsign-compare -Wuninitialized -Werror -fvisibility=hidden -Wundef  -Wtype-limits -Wignored-qualifiers -O3 -g -DANDROID -fdata-sections -ffunction-sections -funwind-tables -fstack-protector-strong -no-canonical-prefixes -fno-addrsig -Wa,--noexecstack -Wformat -Werror=format-security   -Wno-deprecated-declarations -pthread -DCHECK_FUNCTION_EXISTS=SSL_set_alpn_protos -pthread  -Wl,--exclude-libs,libgcc.a -Wl,--exclude-libs,libatomic.a -static-libstdc++ -Wl,--build-id -Wl,--warn-shared-textrel -Wl,--fatal-warnings -Wl,--no-undefined -Qunused-arguments -Wl,-z,noexecstack -Wl,--gc-sections CMakeFiles/cmTC_742bb.dir/CheckFunctionExists.c.o  -o cmTC_742bb  C:/Users/ashton.SKYSECURE/Projects/AndroidNDKEample/app/src/main/cpp/lib/openssl/x86/lib/libssl.a C:/Users/ashton.SKYSECURE/Projects/AndroidNDKEample/app/src/main/cpp/lib/openssl/x86/lib/libcrypto.a -lm -latomic -lm && cd ."
C:/Users/ashton.SKYSECURE/AppData/Local/Android/Sdk/ndk-bundle/toolchains/llvm/prebuilt/windows-x86_64/lib/gcc/aarch64-linux-android/4.9.x/../../../../aarch64-linux-android/bin\ld: C:/Users/ashton.SKYSECURE/Projects/AndroidNDKEample/app/src/main/cpp/lib/openssl/x86/lib/libssl.a(ssl_lib.o): Relocations in generic ELF (EM: 3)
C:/Users/ashton.SKYSECURE/AppData/Local/Android/Sdk/ndk-bundle/toolchains/llvm/prebuilt/windows-x86_64/lib/gcc/aarch64-linux-android/4.9.x/../../../../aarch64-linux-android/bin\ld: C:/Users/ashton.SKYSECURE/Projects/AndroidNDKEample/app/src/main/cpp/lib/openssl/x86/lib/libssl.a(ssl_lib.o): Relocations in generic ELF (EM: 3)
C:/Users/ashton.SKYSECURE/AppData/Local/Android/Sdk/ndk-bundle/toolchains/llvm/prebuilt/windows-x86_64/lib/gcc/aarch64-linux-android/4.9.x/../../../../aarch64-linux-android/bin\ld: C:/Users/ashton.SKYSECURE/Projects/AndroidNDKEample/app/src/main/cpp/lib/openssl/x86/lib/libssl.a(ssl_lib.o): Relocations in generic ELF (EM: 3)
C:/Users/ashton.SKYSECURE/AppData/Local/Android/Sdk/ndk-bundle/toolchains/llvm/prebuilt/windows-x86_64/lib/gcc/aarch64-linux-android/4.9.x/../../../../aarch64-linux-android/bin\ld: C:/Users/ashton.SKYSECURE/Projects/AndroidNDKEample/app/src/main/cpp/lib/openssl/x86/lib/libssl.a(ssl_lib.o): Relocations in generic ELF (EM: 3)
C:/Users/ashton.SKYSECURE/AppData/Local/Android/Sdk/ndk-bundle/toolchains/llvm/prebuilt/windows-x86_64/lib/gcc/aarch64-linux-android/4.9.x/../../../../aarch64-linux-android/bin\ld: C:/Users/ashton.SKYSECURE/Projects/AndroidNDKEample/app/src/main/cpp/lib/openssl/x86/lib/libssl.a(ssl_lib.o): Relocations in generic ELF (EM: 3)
C:/Users/ashton.SKYSECURE/Projects/AndroidNDKEample/app/src/main/cpp/lib/openssl/x86/lib/libssl.a: error adding symbols: File in wrong format
clang: error: linker command failed with exit code 1 (use -v to see invocation)
ninja: build stopped: subcommand failed.


Determining if the function SSL_CTX_set_ciphersuites exists failed with the following output:
Change Dir: C:/Users/ashton.SKYSECURE/Projects/AndroidNDKEample/app/src/main/cpp/build/cmake/release/arm64-v8a/CMakeFiles/CMakeTmp

Run Build Command:"C:\Users\ashton.SKYSECURE\AppData\Local\Android\Sdk\cmake\3.10.2.4988404\bin\ninja.exe" "cmTC_2cd0d"
[1/2] Building C object CMakeFiles/cmTC_2cd0d.dir/CheckFunctionExists.c.o
[2/2] Linking C executable cmTC_2cd0d
FAILED: cmTC_2cd0d 
cmd.exe /C "cd . && C:\Users\ashton.SKYSECURE\AppData\Local\Android\Sdk\ndk-bundle\toolchains\llvm\prebuilt\windows-x86_64\bin\clang.exe --target=aarch64-none-linux-android21 --gcc-toolchain=C:/Users/ashton.SKYSECURE/AppData/Local/Android/Sdk/ndk-bundle/toolchains/llvm/prebuilt/windows-x86_64 --sysroot=C:/Users/ashton.SKYSECURE/AppData/Local/Android/Sdk/ndk-bundle/toolchains/llvm/prebuilt/windows-x86_64/sysroot -Wall -Wsign-compare -Wuninitialized -Werror -fvisibility=hidden -Wundef  -Wtype-limits -Wignored-qualifiers -O3 -g -DANDROID -fdata-sections -ffunction-sections -funwind-tables -fstack-protector-strong -no-canonical-prefixes -fno-addrsig -Wa,--noexecstack -Wformat -Werror=format-security   -Wno-deprecated-declarations -pthread -DCHECK_FUNCTION_EXISTS=SSL_CTX_set_ciphersuites -pthread  -Wl,--exclude-libs,libgcc.a -Wl,--exclude-libs,libatomic.a -static-libstdc++ -Wl,--build-id -Wl,--warn-shared-textrel -Wl,--fatal-warnings -Wl,--no-undefined -Qunused-arguments -Wl,-z,noexecstack -Wl,--gc-sections CMakeFiles/cmTC_2cd0d.dir/CheckFunctionExists.c.o  -o cmTC_2cd0d  C:/Users/ashton.SKYSECURE/Projects/AndroidNDKEample/app/src/main/cpp/lib/openssl/x86/lib/libssl.a C:/Users/ashton.SKYSECURE/Projects/AndroidNDKEample/app/src/main/cpp/lib/openssl/x86/lib/libcrypto.a -lm -latomic -lm && cd ."
CMakeFiles/cmTC_2cd0d.dir/CheckFunctionExists.c.o: In function `main':
C:/Users/ashton.SKYSECURE/AppData/Local/Android/Sdk/cmake/3.10.2.4988404/share/cmake-3.10/Modules/CheckFunctionExists.c:17: undefined reference to `SSL_CTX_set_ciphersuites'
clang: error: linker command failed with exit code 1 (use -v to see invocation)
ninja: build stopped: subcommand failed.


Determining if the function TLS_client_method exists failed with the following output:
Change Dir: C:/Users/ashton.SKYSECURE/Projects/AndroidNDKEample/app/src/main/cpp/build/cmake/release/arm64-v8a/CMakeFiles/CMakeTmp

Run Build Command:"C:\Users\ashton.SKYSECURE\AppData\Local\Android\Sdk\cmake\3.10.2.4988404\bin\ninja.exe" "cmTC_4bec4"
[1/2] Building C object CMakeFiles/cmTC_4bec4.dir/CheckFunctionExists.c.o
[2/2] Linking C executable cmTC_4bec4
FAILED: cmTC_4bec4 
cmd.exe /C "cd . && C:\Users\ashton.SKYSECURE\AppData\Local\Android\Sdk\ndk-bundle\toolchains\llvm\prebuilt\windows-x86_64\bin\clang.exe --target=aarch64-none-linux-android21 --gcc-toolchain=C:/Users/ashton.SKYSECURE/AppData/Local/Android/Sdk/ndk-bundle/toolchains/llvm/prebuilt/windows-x86_64 --sysroot=C:/Users/ashton.SKYSECURE/AppData/Local/Android/Sdk/ndk-bundle/toolchains/llvm/prebuilt/windows-x86_64/sysroot -Wall -Wsign-compare -Wuninitialized -Werror -fvisibility=hidden -Wundef  -Wtype-limits -Wignored-qualifiers -O3 -g -DANDROID -fdata-sections -ffunction-sections -funwind-tables -fstack-protector-strong -no-canonical-prefixes -fno-addrsig -Wa,--noexecstack -Wformat -Werror=format-security   -Wno-deprecated-declarations -pthread -DCHECK_FUNCTION_EXISTS=TLS_client_method -pthread  -Wl,--exclude-libs,libgcc.a -Wl,--exclude-libs,libatomic.a -static-libstdc++ -Wl,--build-id -Wl,--warn-shared-textrel -Wl,--fatal-warnings -Wl,--no-undefined -Qunused-arguments -Wl,-z,noexecstack -Wl,--gc-sections CMakeFiles/cmTC_4bec4.dir/CheckFunctionExists.c.o  -o cmTC_4bec4  C:/Users/ashton.SKYSECURE/Projects/AndroidNDKEample/app/src/main/cpp/lib/openssl/x86/lib/libssl.a C:/Users/ashton.SKYSECURE/Projects/AndroidNDKEample/app/src/main/cpp/lib/openssl/x86/lib/libcrypto.a -lm -latomic -lm && cd ."
CMakeFiles/cmTC_4bec4.dir/CheckFunctionExists.c.o: In function `main':
C:/Users/ashton.SKYSECURE/AppData/Local/Android/Sdk/cmake/3.10.2.4988404/share/cmake-3.10/Modules/CheckFunctionExists.c:17: undefined reference to `TLS_client_method'
clang: error: linker command failed with exit code 1 (use -v to see invocation)
ninja: build stopped: subcommand failed.


Determining if the function TLSv1_2_client_method exists failed with the following output:
Change Dir: C:/Users/ashton.SKYSECURE/Projects/AndroidNDKEample/app/src/main/cpp/build/cmake/release/arm64-v8a/CMakeFiles/CMakeTmp

Run Build Command:"C:\Users\ashton.SKYSECURE\AppData\Local\Android\Sdk\cmake\3.10.2.4988404\bin\ninja.exe" "cmTC_de4fd"
[1/2] Building C object CMakeFiles/cmTC_de4fd.dir/CheckFunctionExists.c.o
[2/2] Linking C executable cmTC_de4fd
FAILED: cmTC_de4fd 
cmd.exe /C "cd . && C:\Users\ashton.SKYSECURE\AppData\Local\Android\Sdk\ndk-bundle\toolchains\llvm\prebuilt\windows-x86_64\bin\clang.exe --target=aarch64-none-linux-android21 --gcc-toolchain=C:/Users/ashton.SKYSECURE/AppData/Local/Android/Sdk/ndk-bundle/toolchains/llvm/prebuilt/windows-x86_64 --sysroot=C:/Users/ashton.SKYSECURE/AppData/Local/Android/Sdk/ndk-bundle/toolchains/llvm/prebuilt/windows-x86_64/sysroot -Wall -Wsign-compare -Wuninitialized -Werror -fvisibility=hidden -Wundef  -Wtype-limits -Wignored-qualifiers -O3 -g -DANDROID -fdata-sections -ffunction-sections -funwind-tables -fstack-protector-strong -no-canonical-prefixes -fno-addrsig -Wa,--noexecstack -Wformat -Werror=format-security   -Wno-deprecated-declarations -pthread -DCHECK_FUNCTION_EXISTS=TLSv1_2_client_method -pthread  -Wl,--exclude-libs,libgcc.a -Wl,--exclude-libs,libatomic.a -static-libstdc++ -Wl,--build-id -Wl,--warn-shared-textrel -Wl,--fatal-warnings -Wl,--no-undefined -Qunused-arguments -Wl,-z,noexecstack -Wl,--gc-sections CMakeFiles/cmTC_de4fd.dir/CheckFunctionExists.c.o  -o cmTC_de4fd  C:/Users/ashton.SKYSECURE/Projects/AndroidNDKEample/app/src/main/cpp/lib/openssl/x86/lib/libssl.a C:/Users/ashton.SKYSECURE/Projects/AndroidNDKEample/app/src/main/cpp/lib/openssl/x86/lib/libcrypto.a -lm -latomic -lm && cd ."
C:/Users/ashton.SKYSECURE/AppData/Local/Android/Sdk/ndk-bundle/toolchains/llvm/prebuilt/windows-x86_64/lib/gcc/aarch64-linux-android/4.9.x/../../../../aarch64-linux-android/bin\ld: C:/Users/ashton.SKYSECURE/Projects/AndroidNDKEample/app/src/main/cpp/lib/openssl/x86/lib/libssl.a(t1_clnt.o): Relocations in generic ELF (EM: 3)
C:/Users/ashton.SKYSECURE/AppData/Local/Android/Sdk/ndk-bundle/toolchains/llvm/prebuilt/windows-x86_64/lib/gcc/aarch64-linux-android/4.9.x/../../../../aarch64-linux-android/bin\ld: C:/Users/ashton.SKYSECURE/Projects/AndroidNDKEample/app/src/main/cpp/lib/openssl/x86/lib/libssl.a(t1_clnt.o): Relocations in generic ELF (EM: 3)
C:/Users/ashton.SKYSECURE/AppData/Local/Android/Sdk/ndk-bundle/toolchains/llvm/prebuilt/windows-x86_64/lib/gcc/aarch64-linux-android/4.9.x/../../../../aarch64-linux-android/bin\ld: C:/Users/ashton.SKYSECURE/Projects/AndroidNDKEample/app/src/main/cpp/lib/openssl/x86/lib/libssl.a(t1_clnt.o): Relocations in generic ELF (EM: 3)
C:/Users/ashton.SKYSECURE/Projects/AndroidNDKEample/app/src/main/cpp/lib/openssl/x86/lib/libssl.a: error adding symbols: File in wrong format
clang: error: linker command failed with exit code 1 (use -v to see invocation)
ninja: build stopped: subcommand failed.


