Determining if the function getifaddrs exists failed with the following output:
Change Dir: C:/Users/ashton.SKYSECURE/Projects/AndroidNDKEample/app/src/main/cpp/build/cmake/release/x86_64/CMakeFiles/CMakeTmp

Run Build Command:"C:\Users\ashton.SKYSECURE\AppData\Local\Android\Sdk\cmake\3.10.2.4988404\bin\ninja.exe" "cmTC_48c01"
[1/2] Building C object CMakeFiles/cmTC_48c01.dir/CheckFunctionExists.c.o
[2/2] Linking C executable cmTC_48c01
FAILED: cmTC_48c01 
cmd.exe /C "cd . && C:\Users\ashton.SKYSECURE\AppData\Local\Android\Sdk\ndk-bundle\toolchains\llvm\prebuilt\windows-x86_64\bin\clang.exe --target=x86_64-none-linux-android21 --gcc-toolchain=C:/Users/ashton.SKYSECURE/AppData/Local/Android/Sdk/ndk-bundle/toolchains/llvm/prebuilt/windows-x86_64 --sysroot=C:/Users/ashton.SKYSECURE/AppData/Local/Android/Sdk/ndk-bundle/toolchains/llvm/prebuilt/windows-x86_64/sysroot -g -DANDROID -fdata-sections -ffunction-sections -funwind-tables -fstack-protector-strong -no-canonical-prefixes -fno-addrsig -Wa,--noexecstack -Wformat -Werror=format-security  -DCHECK_FUNCTION_EXISTS=getifaddrs  -Wl,--exclude-libs,libgcc.a -Wl,--exclude-libs,libatomic.a -static-libstdc++ -Wl,--build-id -Wl,--warn-shared-textrel -Wl,--fatal-warnings -Wl,--no-undefined -Qunused-arguments -Wl,-z,noexecstack -Wl,--gc-sections CMakeFiles/cmTC_48c01.dir/CheckFunctionExists.c.o  -o cmTC_48c01  -latomic -lm && cd ."
C:/Users/ashton.SKYSECURE/AppData/Local/Android/Sdk/cmake/3.10.2.4988404/share/cmake-3.10/Modules/CheckFunctionExists.c:17: error: undefined reference to 'getifaddrs'
clang: error: linker command failed with exit code 1 (use -v to see invocation)
ninja: build stopped: subcommand failed.


Determining if the function _snprintf exists failed with the following output:
Change Dir: C:/Users/ashton.SKYSECURE/Projects/AndroidNDKEample/app/src/main/cpp/build/cmake/release/x86_64/CMakeFiles/CMakeTmp

Run Build Command:"C:\Users\ashton.SKYSECURE\AppData\Local\Android\Sdk\cmake\3.10.2.4988404\bin\ninja.exe" "cmTC_a0545"
[1/2] Building C object CMakeFiles/cmTC_a0545.dir/CheckFunctionExists.c.o
[2/2] Linking C executable cmTC_a0545
FAILED: cmTC_a0545 
cmd.exe /C "cd . && C:\Users\ashton.SKYSECURE\AppData\Local\Android\Sdk\ndk-bundle\toolchains\llvm\prebuilt\windows-x86_64\bin\clang.exe --target=x86_64-none-linux-android21 --gcc-toolchain=C:/Users/ashton.SKYSECURE/AppData/Local/Android/Sdk/ndk-bundle/toolchains/llvm/prebuilt/windows-x86_64 --sysroot=C:/Users/ashton.SKYSECURE/AppData/Local/Android/Sdk/ndk-bundle/toolchains/llvm/prebuilt/windows-x86_64/sysroot -g -DANDROID -fdata-sections -ffunction-sections -funwind-tables -fstack-protector-strong -no-canonical-prefixes -fno-addrsig -Wa,--noexecstack -Wformat -Werror=format-security  -DCHECK_FUNCTION_EXISTS=_snprintf  -Wl,--exclude-libs,libgcc.a -Wl,--exclude-libs,libatomic.a -static-libstdc++ -Wl,--build-id -Wl,--warn-shared-textrel -Wl,--fatal-warnings -Wl,--no-undefined -Qunused-arguments -Wl,-z,noexecstack -Wl,--gc-sections CMakeFiles/cmTC_a0545.dir/CheckFunctionExists.c.o  -o cmTC_a0545  -latomic -lm && cd ."
C:/Users/ashton.SKYSECURE/AppData/Local/Android/Sdk/cmake/3.10.2.4988404/share/cmake-3.10/Modules/CheckFunctionExists.c:17: error: undefined reference to '_snprintf'
clang: error: linker command failed with exit code 1 (use -v to see invocation)
ninja: build stopped: subcommand failed.


Determining if the function _vsnprintf exists failed with the following output:
Change Dir: C:/Users/ashton.SKYSECURE/Projects/AndroidNDKEample/app/src/main/cpp/build/cmake/release/x86_64/CMakeFiles/CMakeTmp

Run Build Command:"C:\Users\ashton.SKYSECURE\AppData\Local\Android\Sdk\cmake\3.10.2.4988404\bin\ninja.exe" "cmTC_97543"
[1/2] Building C object CMakeFiles/cmTC_97543.dir/CheckFunctionExists.c.o
[2/2] Linking C executable cmTC_97543
FAILED: cmTC_97543 
cmd.exe /C "cd . && C:\Users\ashton.SKYSECURE\AppData\Local\Android\Sdk\ndk-bundle\toolchains\llvm\prebuilt\windows-x86_64\bin\clang.exe --target=x86_64-none-linux-android21 --gcc-toolchain=C:/Users/ashton.SKYSECURE/AppData/Local/Android/Sdk/ndk-bundle/toolchains/llvm/prebuilt/windows-x86_64 --sysroot=C:/Users/ashton.SKYSECURE/AppData/Local/Android/Sdk/ndk-bundle/toolchains/llvm/prebuilt/windows-x86_64/sysroot -g -DANDROID -fdata-sections -ffunction-sections -funwind-tables -fstack-protector-strong -no-canonical-prefixes -fno-addrsig -Wa,--noexecstack -Wformat -Werror=format-security  -DCHECK_FUNCTION_EXISTS=_vsnprintf  -Wl,--exclude-libs,libgcc.a -Wl,--exclude-libs,libatomic.a -static-libstdc++ -Wl,--build-id -Wl,--warn-shared-textrel -Wl,--fatal-warnings -Wl,--no-undefined -Qunused-arguments -Wl,-z,noexecstack -Wl,--gc-sections CMakeFiles/cmTC_97543.dir/CheckFunctionExists.c.o  -o cmTC_97543  -latomic -lm && cd ."
C:/Users/ashton.SKYSECURE/AppData/Local/Android/Sdk/cmake/3.10.2.4988404/share/cmake-3.10/Modules/CheckFunctionExists.c:17: error: undefined reference to '_vsnprintf'
clang: error: linker command failed with exit code 1 (use -v to see invocation)
ninja: build stopped: subcommand failed.


Determining if the function getloadavg exists failed with the following output:
Change Dir: C:/Users/ashton.SKYSECURE/Projects/AndroidNDKEample/app/src/main/cpp/build/cmake/release/x86_64/CMakeFiles/CMakeTmp

Run Build Command:"C:\Users\ashton.SKYSECURE\AppData\Local\Android\Sdk\cmake\3.10.2.4988404\bin\ninja.exe" "cmTC_e5977"
[1/2] Building C object CMakeFiles/cmTC_e5977.dir/CheckFunctionExists.c.o
[2/2] Linking C executable cmTC_e5977
FAILED: cmTC_e5977 
cmd.exe /C "cd . && C:\Users\ashton.SKYSECURE\AppData\Local\Android\Sdk\ndk-bundle\toolchains\llvm\prebuilt\windows-x86_64\bin\clang.exe --target=x86_64-none-linux-android21 --gcc-toolchain=C:/Users/ashton.SKYSECURE/AppData/Local/Android/Sdk/ndk-bundle/toolchains/llvm/prebuilt/windows-x86_64 --sysroot=C:/Users/ashton.SKYSECURE/AppData/Local/Android/Sdk/ndk-bundle/toolchains/llvm/prebuilt/windows-x86_64/sysroot -g -DANDROID -fdata-sections -ffunction-sections -funwind-tables -fstack-protector-strong -no-canonical-prefixes -fno-addrsig -Wa,--noexecstack -Wformat -Werror=format-security  -DCHECK_FUNCTION_EXISTS=getloadavg  -Wl,--exclude-libs,libgcc.a -Wl,--exclude-libs,libatomic.a -static-libstdc++ -Wl,--build-id -Wl,--warn-shared-textrel -Wl,--fatal-warnings -Wl,--no-undefined -Qunused-arguments -Wl,-z,noexecstack -Wl,--gc-sections CMakeFiles/cmTC_e5977.dir/CheckFunctionExists.c.o  -o cmTC_e5977  -latomic -lm && cd ."
C:/Users/ashton.SKYSECURE/AppData/Local/Android/Sdk/cmake/3.10.2.4988404/share/cmake-3.10/Modules/CheckFunctionExists.c:17: error: undefined reference to 'getloadavg'
clang: error: linker command failed with exit code 1 (use -v to see invocation)
ninja: build stopped: subcommand failed.


Determining if the function _atoi64 exists failed with the following output:
Change Dir: C:/Users/ashton.SKYSECURE/Projects/AndroidNDKEample/app/src/main/cpp/build/cmake/release/x86_64/CMakeFiles/CMakeTmp

Run Build Command:"C:\Users\ashton.SKYSECURE\AppData\Local\Android\Sdk\cmake\3.10.2.4988404\bin\ninja.exe" "cmTC_eee54"
[1/2] Building C object CMakeFiles/cmTC_eee54.dir/CheckFunctionExists.c.o
[2/2] Linking C executable cmTC_eee54
FAILED: cmTC_eee54 
cmd.exe /C "cd . && C:\Users\ashton.SKYSECURE\AppData\Local\Android\Sdk\ndk-bundle\toolchains\llvm\prebuilt\windows-x86_64\bin\clang.exe --target=x86_64-none-linux-android21 --gcc-toolchain=C:/Users/ashton.SKYSECURE/AppData/Local/Android/Sdk/ndk-bundle/toolchains/llvm/prebuilt/windows-x86_64 --sysroot=C:/Users/ashton.SKYSECURE/AppData/Local/Android/Sdk/ndk-bundle/toolchains/llvm/prebuilt/windows-x86_64/sysroot -g -DANDROID -fdata-sections -ffunction-sections -funwind-tables -fstack-protector-strong -no-canonical-prefixes -fno-addrsig -Wa,--noexecstack -Wformat -Werror=format-security  -DCHECK_FUNCTION_EXISTS=_atoi64  -Wl,--exclude-libs,libgcc.a -Wl,--exclude-libs,libatomic.a -static-libstdc++ -Wl,--build-id -Wl,--warn-shared-textrel -Wl,--fatal-warnings -Wl,--no-undefined -Qunused-arguments -Wl,-z,noexecstack -Wl,--gc-sections CMakeFiles/cmTC_eee54.dir/CheckFunctionExists.c.o  -o cmTC_eee54  -latomic -lm && cd ."
C:/Users/ashton.SKYSECURE/AppData/Local/Android/Sdk/cmake/3.10.2.4988404/share/cmake-3.10/Modules/CheckFunctionExists.c:17: error: undefined reference to '_atoi64'
clang: error: linker command failed with exit code 1 (use -v to see invocation)
ninja: build stopped: subcommand failed.


Determining if the function _stat32i64 exists failed with the following output:
Change Dir: C:/Users/ashton.SKYSECURE/Projects/AndroidNDKEample/app/src/main/cpp/build/cmake/release/x86_64/CMakeFiles/CMakeTmp

Run Build Command:"C:\Users\ashton.SKYSECURE\AppData\Local\Android\Sdk\cmake\3.10.2.4988404\bin\ninja.exe" "cmTC_e1ba5"
[1/2] Building C object CMakeFiles/cmTC_e1ba5.dir/CheckFunctionExists.c.o
[2/2] Linking C executable cmTC_e1ba5
FAILED: cmTC_e1ba5 
cmd.exe /C "cd . && C:\Users\ashton.SKYSECURE\AppData\Local\Android\Sdk\ndk-bundle\toolchains\llvm\prebuilt\windows-x86_64\bin\clang.exe --target=x86_64-none-linux-android21 --gcc-toolchain=C:/Users/ashton.SKYSECURE/AppData/Local/Android/Sdk/ndk-bundle/toolchains/llvm/prebuilt/windows-x86_64 --sysroot=C:/Users/ashton.SKYSECURE/AppData/Local/Android/Sdk/ndk-bundle/toolchains/llvm/prebuilt/windows-x86_64/sysroot -g -DANDROID -fdata-sections -ffunction-sections -funwind-tables -fstack-protector-strong -no-canonical-prefixes -fno-addrsig -Wa,--noexecstack -Wformat -Werror=format-security  -DCHECK_FUNCTION_EXISTS=_stat32i64  -Wl,--exclude-libs,libgcc.a -Wl,--exclude-libs,libatomic.a -static-libstdc++ -Wl,--build-id -Wl,--warn-shared-textrel -Wl,--fatal-warnings -Wl,--no-undefined -Qunused-arguments -Wl,-z,noexecstack -Wl,--gc-sections CMakeFiles/cmTC_e1ba5.dir/CheckFunctionExists.c.o  -o cmTC_e1ba5  -latomic -lm && cd ."
C:/Users/ashton.SKYSECURE/AppData/Local/Android/Sdk/cmake/3.10.2.4988404/share/cmake-3.10/Modules/CheckFunctionExists.c:17: error: undefined reference to '_stat32i64'
clang: error: linker command failed with exit code 1 (use -v to see invocation)
ninja: build stopped: subcommand failed.


Determining if the include file in6addr.h exists failed with the following output:
Change Dir: C:/Users/ashton.SKYSECURE/Projects/AndroidNDKEample/app/src/main/cpp/build/cmake/release/x86_64/CMakeFiles/CMakeTmp

Run Build Command:"C:\Users\ashton.SKYSECURE\AppData\Local\Android\Sdk\cmake\3.10.2.4988404\bin\ninja.exe" "cmTC_3da13"
[1/2] Building C object CMakeFiles/cmTC_3da13.dir/CheckIncludeFile.c.o
FAILED: CMakeFiles/cmTC_3da13.dir/CheckIncludeFile.c.o 
C:\Users\ashton.SKYSECURE\AppData\Local\Android\Sdk\ndk-bundle\toolchains\llvm\prebuilt\windows-x86_64\bin\clang.exe --target=x86_64-none-linux-android21 --gcc-toolchain=C:/Users/ashton.SKYSECURE/AppData/Local/Android/Sdk/ndk-bundle/toolchains/llvm/prebuilt/windows-x86_64 --sysroot=C:/Users/ashton.SKYSECURE/AppData/Local/Android/Sdk/ndk-bundle/toolchains/llvm/prebuilt/windows-x86_64/sysroot -DKEYWORD=__inline  -g -DANDROID -fdata-sections -ffunction-sections -funwind-tables -fstack-protector-strong -no-canonical-prefixes -fno-addrsig -Wa,--noexecstack -Wformat -Werror=format-security   -fPIE -o CMakeFiles/cmTC_3da13.dir/CheckIncludeFile.c.o   -c CheckIncludeFile.c
CheckIncludeFile.c:1:10: fatal error: 'in6addr.h' file not found
#include <in6addr.h>
         ^~~~~~~~~~~
1 error generated.
ninja: build stopped: subcommand failed.


Determining if the include file sys/sockio.h exists failed with the following output:
Change Dir: C:/Users/ashton.SKYSECURE/Projects/AndroidNDKEample/app/src/main/cpp/build/cmake/release/x86_64/CMakeFiles/CMakeTmp

Run Build Command:"C:\Users\ashton.SKYSECURE\AppData\Local\Android\Sdk\cmake\3.10.2.4988404\bin\ninja.exe" "cmTC_adff9"
[1/2] Building C object CMakeFiles/cmTC_adff9.dir/CheckIncludeFile.c.o
FAILED: CMakeFiles/cmTC_adff9.dir/CheckIncludeFile.c.o 
C:\Users\ashton.SKYSECURE\AppData\Local\Android\Sdk\ndk-bundle\toolchains\llvm\prebuilt\windows-x86_64\bin\clang.exe --target=x86_64-none-linux-android21 --gcc-toolchain=C:/Users/ashton.SKYSECURE/AppData/Local/Android/Sdk/ndk-bundle/toolchains/llvm/prebuilt/windows-x86_64 --sysroot=C:/Users/ashton.SKYSECURE/AppData/Local/Android/Sdk/ndk-bundle/toolchains/llvm/prebuilt/windows-x86_64/sysroot -DKEYWORD=__inline  -g -DANDROID -fdata-sections -ffunction-sections -funwind-tables -fstack-protector-strong -no-canonical-prefixes -fno-addrsig -Wa,--noexecstack -Wformat -Werror=format-security   -fPIE -o CMakeFiles/cmTC_adff9.dir/CheckIncludeFile.c.o   -c CheckIncludeFile.c
CheckIncludeFile.c:1:10: fatal error: 'sys/sockio.h' file not found
#include <sys/sockio.h>
         ^~~~~~~~~~~~~~
1 error generated.
ninja: build stopped: subcommand failed.


Determining if the include file vfork.h exists failed with the following output:
Change Dir: C:/Users/ashton.SKYSECURE/Projects/AndroidNDKEample/app/src/main/cpp/build/cmake/release/x86_64/CMakeFiles/CMakeTmp

Run Build Command:"C:\Users\ashton.SKYSECURE\AppData\Local\Android\Sdk\cmake\3.10.2.4988404\bin\ninja.exe" "cmTC_448a2"
[1/2] Building C object CMakeFiles/cmTC_448a2.dir/CheckIncludeFile.c.o
FAILED: CMakeFiles/cmTC_448a2.dir/CheckIncludeFile.c.o 
C:\Users\ashton.SKYSECURE\AppData\Local\Android\Sdk\ndk-bundle\toolchains\llvm\prebuilt\windows-x86_64\bin\clang.exe --target=x86_64-none-linux-android21 --gcc-toolchain=C:/Users/ashton.SKYSECURE/AppData/Local/Android/Sdk/ndk-bundle/toolchains/llvm/prebuilt/windows-x86_64 --sysroot=C:/Users/ashton.SKYSECURE/AppData/Local/Android/Sdk/ndk-bundle/toolchains/llvm/prebuilt/windows-x86_64/sysroot -DKEYWORD=__inline  -g -DANDROID -fdata-sections -ffunction-sections -funwind-tables -fstack-protector-strong -no-canonical-prefixes -fno-addrsig -Wa,--noexecstack -Wformat -Werror=format-security   -fPIE -o CMakeFiles/cmTC_448a2.dir/CheckIncludeFile.c.o   -c CheckIncludeFile.c
CheckIncludeFile.c:1:10: fatal error: 'vfork.h' file not found
#include <vfork.h>
         ^~~~~~~~~
1 error generated.
ninja: build stopped: subcommand failed.


Determining if the function cap_set_flag exists in the cap failed with the following output:
Change Dir: C:/Users/ashton.SKYSECURE/Projects/AndroidNDKEample/app/src/main/cpp/build/cmake/release/x86_64/CMakeFiles/CMakeTmp

Run Build Command:"C:\Users\ashton.SKYSECURE\AppData\Local\Android\Sdk\cmake\3.10.2.4988404\bin\ninja.exe" "cmTC_56253"
[1/2] Building C object CMakeFiles/cmTC_56253.dir/CheckFunctionExists.c.o
[2/2] Linking C executable cmTC_56253
FAILED: cmTC_56253 
cmd.exe /C "cd . && C:\Users\ashton.SKYSECURE\AppData\Local\Android\Sdk\ndk-bundle\toolchains\llvm\prebuilt\windows-x86_64\bin\clang.exe --target=x86_64-none-linux-android21 --gcc-toolchain=C:/Users/ashton.SKYSECURE/AppData/Local/Android/Sdk/ndk-bundle/toolchains/llvm/prebuilt/windows-x86_64 --sysroot=C:/Users/ashton.SKYSECURE/AppData/Local/Android/Sdk/ndk-bundle/toolchains/llvm/prebuilt/windows-x86_64/sysroot -g -DANDROID -fdata-sections -ffunction-sections -funwind-tables -fstack-protector-strong -no-canonical-prefixes -fno-addrsig -Wa,--noexecstack -Wformat -Werror=format-security  -DCHECK_FUNCTION_EXISTS=cap_set_flag  -Wl,--exclude-libs,libgcc.a -Wl,--exclude-libs,libatomic.a -static-libstdc++ -Wl,--build-id -Wl,--warn-shared-textrel -Wl,--fatal-warnings -Wl,--no-undefined -Qunused-arguments -Wl,-z,noexecstack -Wl,--gc-sections CMakeFiles/cmTC_56253.dir/CheckFunctionExists.c.o  -o cmTC_56253  -lcap -latomic -lm && cd ."
C:/Users/ashton.SKYSECURE/AppData/Local/Android/Sdk/ndk-bundle/toolchains/llvm/prebuilt/windows-x86_64/lib/gcc/x86_64-linux-android/4.9.x/../../../../x86_64-linux-android/bin\ld: error: cannot find -lcap
C:/Users/ashton.SKYSECURE/AppData/Local/Android/Sdk/cmake/3.10.2.4988404/share/cmake-3.10/Modules/CheckFunctionExists.c:17: error: undefined reference to 'cap_set_flag'
clang: error: linker command failed with exit code 1 (use -v to see invocation)
ninja: build stopped: subcommand failed.


Determining if the function SSL_CTX_set1_param exists failed with the following output:
Change Dir: C:/Users/ashton.SKYSECURE/Projects/AndroidNDKEample/app/src/main/cpp/build/cmake/release/x86_64/CMakeFiles/CMakeTmp

Run Build Command:"C:\Users\ashton.SKYSECURE\AppData\Local\Android\Sdk\cmake\3.10.2.4988404\bin\ninja.exe" "cmTC_d1372"
[1/2] Building C object CMakeFiles/cmTC_d1372.dir/CheckFunctionExists.c.o
[2/2] Linking C executable cmTC_d1372
FAILED: cmTC_d1372 
cmd.exe /C "cd . && C:\Users\ashton.SKYSECURE\AppData\Local\Android\Sdk\ndk-bundle\toolchains\llvm\prebuilt\windows-x86_64\bin\clang.exe --target=x86_64-none-linux-android21 --gcc-toolchain=C:/Users/ashton.SKYSECURE/AppData/Local/Android/Sdk/ndk-bundle/toolchains/llvm/prebuilt/windows-x86_64 --sysroot=C:/Users/ashton.SKYSECURE/AppData/Local/Android/Sdk/ndk-bundle/toolchains/llvm/prebuilt/windows-x86_64/sysroot -Wall -Wsign-compare -Wuninitialized -Werror -fvisibility=hidden -Wundef  -Wtype-limits -Wignored-qualifiers -O3 -g -DANDROID -fdata-sections -ffunction-sections -funwind-tables -fstack-protector-strong -no-canonical-prefixes -fno-addrsig -Wa,--noexecstack -Wformat -Werror=format-security   -Wno-deprecated-declarations -pthread -DCHECK_FUNCTION_EXISTS=SSL_CTX_set1_param -pthread  -Wl,--exclude-libs,libgcc.a -Wl,--exclude-libs,libatomic.a -static-libstdc++ -Wl,--build-id -Wl,--warn-shared-textrel -Wl,--fatal-warnings -Wl,--no-undefined -Qunused-arguments -Wl,-z,noexecstack -Wl,--gc-sections CMakeFiles/cmTC_d1372.dir/CheckFunctionExists.c.o  -o cmTC_d1372  C:/Users/ashton.SKYSECURE/Projects/AndroidNDKEample/app/src/main/cpp/lib/openssl/x86/lib/libssl.a C:/Users/ashton.SKYSECURE/Projects/AndroidNDKEample/app/src/main/cpp/lib/openssl/x86/lib/libcrypto.a -lm -latomic -lm && cd ."
C:/Users/ashton.SKYSECURE/AppData/Local/Android/Sdk/ndk-bundle/toolchains/llvm/prebuilt/windows-x86_64/lib/gcc/x86_64-linux-android/4.9.x/../../../../x86_64-linux-android/bin\ld: error: C:/Users/ashton.SKYSECURE/Projects/AndroidNDKEample/app/src/main/cpp/lib/openssl/x86/lib/libssl.a(ssl_lib.o): incompatible target
C:/Users/ashton.SKYSECURE/AppData/Local/Android/Sdk/cmake/3.10.2.4988404/share/cmake-3.10/Modules/CheckFunctionExists.c:17: error: undefined reference to 'SSL_CTX_set1_param'
clang: error: linker command failed with exit code 1 (use -v to see invocation)
ninja: build stopped: subcommand failed.


Determining if the function SSL_set_info_callback exists failed with the following output:
Change Dir: C:/Users/ashton.SKYSECURE/Projects/AndroidNDKEample/app/src/main/cpp/build/cmake/release/x86_64/CMakeFiles/CMakeTmp

Run Build Command:"C:\Users\ashton.SKYSECURE\AppData\Local\Android\Sdk\cmake\3.10.2.4988404\bin\ninja.exe" "cmTC_a98b1"
[1/2] Building C object CMakeFiles/cmTC_a98b1.dir/CheckFunctionExists.c.o
[2/2] Linking C executable cmTC_a98b1
FAILED: cmTC_a98b1 
cmd.exe /C "cd . && C:\Users\ashton.SKYSECURE\AppData\Local\Android\Sdk\ndk-bundle\toolchains\llvm\prebuilt\windows-x86_64\bin\clang.exe --target=x86_64-none-linux-android21 --gcc-toolchain=C:/Users/ashton.SKYSECURE/AppData/Local/Android/Sdk/ndk-bundle/toolchains/llvm/prebuilt/windows-x86_64 --sysroot=C:/Users/ashton.SKYSECURE/AppData/Local/Android/Sdk/ndk-bundle/toolchains/llvm/prebuilt/windows-x86_64/sysroot -Wall -Wsign-compare -Wuninitialized -Werror -fvisibility=hidden -Wundef  -Wtype-limits -Wignored-qualifiers -O3 -g -DANDROID -fdata-sections -ffunction-sections -funwind-tables -fstack-protector-strong -no-canonical-prefixes -fno-addrsig -Wa,--noexecstack -Wformat -Werror=format-security   -Wno-deprecated-declarations -pthread -DCHECK_FUNCTION_EXISTS=SSL_set_info_callback -pthread  -Wl,--exclude-libs,libgcc.a -Wl,--exclude-libs,libatomic.a -static-libstdc++ -Wl,--build-id -Wl,--warn-shared-textrel -Wl,--fatal-warnings -Wl,--no-undefined -Qunused-arguments -Wl,-z,noexecstack -Wl,--gc-sections CMakeFiles/cmTC_a98b1.dir/CheckFunctionExists.c.o  -o cmTC_a98b1  C:/Users/ashton.SKYSECURE/Projects/AndroidNDKEample/app/src/main/cpp/lib/openssl/x86/lib/libssl.a C:/Users/ashton.SKYSECURE/Projects/AndroidNDKEample/app/src/main/cpp/lib/openssl/x86/lib/libcrypto.a -lm -latomic -lm && cd ."
C:/Users/ashton.SKYSECURE/AppData/Local/Android/Sdk/ndk-bundle/toolchains/llvm/prebuilt/windows-x86_64/lib/gcc/x86_64-linux-android/4.9.x/../../../../x86_64-linux-android/bin\ld: error: C:/Users/ashton.SKYSECURE/Projects/AndroidNDKEample/app/src/main/cpp/lib/openssl/x86/lib/libssl.a(ssl_lib.o): incompatible target
C:/Users/ashton.SKYSECURE/AppData/Local/Android/Sdk/cmake/3.10.2.4988404/share/cmake-3.10/Modules/CheckFunctionExists.c:17: error: undefined reference to 'SSL_set_info_callback'
clang: error: linker command failed with exit code 1 (use -v to see invocation)
ninja: build stopped: subcommand failed.


Determining if the function X509_VERIFY_PARAM_set1_host exists failed with the following output:
Change Dir: C:/Users/ashton.SKYSECURE/Projects/AndroidNDKEample/app/src/main/cpp/build/cmake/release/x86_64/CMakeFiles/CMakeTmp

Run Build Command:"C:\Users\ashton.SKYSECURE\AppData\Local\Android\Sdk\cmake\3.10.2.4988404\bin\ninja.exe" "cmTC_9cbec"
[1/2] Building C object CMakeFiles/cmTC_9cbec.dir/CheckFunctionExists.c.o
[2/2] Linking C executable cmTC_9cbec
FAILED: cmTC_9cbec 
cmd.exe /C "cd . && C:\Users\ashton.SKYSECURE\AppData\Local\Android\Sdk\ndk-bundle\toolchains\llvm\prebuilt\windows-x86_64\bin\clang.exe --target=x86_64-none-linux-android21 --gcc-toolchain=C:/Users/ashton.SKYSECURE/AppData/Local/Android/Sdk/ndk-bundle/toolchains/llvm/prebuilt/windows-x86_64 --sysroot=C:/Users/ashton.SKYSECURE/AppData/Local/Android/Sdk/ndk-bundle/toolchains/llvm/prebuilt/windows-x86_64/sysroot -Wall -Wsign-compare -Wuninitialized -Werror -fvisibility=hidden -Wundef  -Wtype-limits -Wignored-qualifiers -O3 -g -DANDROID -fdata-sections -ffunction-sections -funwind-tables -fstack-protector-strong -no-canonical-prefixes -fno-addrsig -Wa,--noexecstack -Wformat -Werror=format-security   -Wno-deprecated-declarations -pthread -DCHECK_FUNCTION_EXISTS=X509_VERIFY_PARAM_set1_host -pthread  -Wl,--exclude-libs,libgcc.a -Wl,--exclude-libs,libatomic.a -static-libstdc++ -Wl,--build-id -Wl,--warn-shared-textrel -Wl,--fatal-warnings -Wl,--no-undefined -Qunused-arguments -Wl,-z,noexecstack -Wl,--gc-sections CMakeFiles/cmTC_9cbec.dir/CheckFunctionExists.c.o  -o cmTC_9cbec  C:/Users/ashton.SKYSECURE/Projects/AndroidNDKEample/app/src/main/cpp/lib/openssl/x86/lib/libssl.a C:/Users/ashton.SKYSECURE/Projects/AndroidNDKEample/app/src/main/cpp/lib/openssl/x86/lib/libcrypto.a -lm -latomic -lm && cd ."
C:/Users/ashton.SKYSECURE/AppData/Local/Android/Sdk/ndk-bundle/toolchains/llvm/prebuilt/windows-x86_64/lib/gcc/x86_64-linux-android/4.9.x/../../../../x86_64-linux-android/bin\ld: error: C:/Users/ashton.SKYSECURE/Projects/AndroidNDKEample/app/src/main/cpp/lib/openssl/x86/lib/libcrypto.a(x509_vpm.o): incompatible target
C:/Users/ashton.SKYSECURE/AppData/Local/Android/Sdk/cmake/3.10.2.4988404/share/cmake-3.10/Modules/CheckFunctionExists.c:17: error: undefined reference to 'X509_VERIFY_PARAM_set1_host'
clang: error: linker command failed with exit code 1 (use -v to see invocation)
ninja: build stopped: subcommand failed.


Determining if the function RSA_set0_key exists failed with the following output:
Change Dir: C:/Users/ashton.SKYSECURE/Projects/AndroidNDKEample/app/src/main/cpp/build/cmake/release/x86_64/CMakeFiles/CMakeTmp

Run Build Command:"C:\Users\ashton.SKYSECURE\AppData\Local\Android\Sdk\cmake\3.10.2.4988404\bin\ninja.exe" "cmTC_02df2"
[1/2] Building C object CMakeFiles/cmTC_02df2.dir/CheckFunctionExists.c.o
[2/2] Linking C executable cmTC_02df2
FAILED: cmTC_02df2 
cmd.exe /C "cd . && C:\Users\ashton.SKYSECURE\AppData\Local\Android\Sdk\ndk-bundle\toolchains\llvm\prebuilt\windows-x86_64\bin\clang.exe --target=x86_64-none-linux-android21 --gcc-toolchain=C:/Users/ashton.SKYSECURE/AppData/Local/Android/Sdk/ndk-bundle/toolchains/llvm/prebuilt/windows-x86_64 --sysroot=C:/Users/ashton.SKYSECURE/AppData/Local/Android/Sdk/ndk-bundle/toolchains/llvm/prebuilt/windows-x86_64/sysroot -Wall -Wsign-compare -Wuninitialized -Werror -fvisibility=hidden -Wundef  -Wtype-limits -Wignored-qualifiers -O3 -g -DANDROID -fdata-sections -ffunction-sections -funwind-tables -fstack-protector-strong -no-canonical-prefixes -fno-addrsig -Wa,--noexecstack -Wformat -Werror=format-security   -Wno-deprecated-declarations -pthread -DCHECK_FUNCTION_EXISTS=RSA_set0_key -pthread  -Wl,--exclude-libs,libgcc.a -Wl,--exclude-libs,libatomic.a -static-libstdc++ -Wl,--build-id -Wl,--warn-shared-textrel -Wl,--fatal-warnings -Wl,--no-undefined -Qunused-arguments -Wl,-z,noexecstack -Wl,--gc-sections CMakeFiles/cmTC_02df2.dir/CheckFunctionExists.c.o  -o cmTC_02df2  C:/Users/ashton.SKYSECURE/Projects/AndroidNDKEample/app/src/main/cpp/lib/openssl/x86/lib/libssl.a C:/Users/ashton.SKYSECURE/Projects/AndroidNDKEample/app/src/main/cpp/lib/openssl/x86/lib/libcrypto.a -lm -latomic -lm && cd ."
C:/Users/ashton.SKYSECURE/AppData/Local/Android/Sdk/cmake/3.10.2.4988404/share/cmake-3.10/Modules/CheckFunctionExists.c:17: error: undefined reference to 'RSA_set0_key'
clang: error: linker command failed with exit code 1 (use -v to see invocation)
ninja: build stopped: subcommand failed.


Determining if the function X509_get_key_usage exists failed with the following output:
Change Dir: C:/Users/ashton.SKYSECURE/Projects/AndroidNDKEample/app/src/main/cpp/build/cmake/release/x86_64/CMakeFiles/CMakeTmp

Run Build Command:"C:\Users\ashton.SKYSECURE\AppData\Local\Android\Sdk\cmake\3.10.2.4988404\bin\ninja.exe" "cmTC_7472a"
[1/2] Building C object CMakeFiles/cmTC_7472a.dir/CheckFunctionExists.c.o
[2/2] Linking C executable cmTC_7472a
FAILED: cmTC_7472a 
cmd.exe /C "cd . && C:\Users\ashton.SKYSECURE\AppData\Local\Android\Sdk\ndk-bundle\toolchains\llvm\prebuilt\windows-x86_64\bin\clang.exe --target=x86_64-none-linux-android21 --gcc-toolchain=C:/Users/ashton.SKYSECURE/AppData/Local/Android/Sdk/ndk-bundle/toolchains/llvm/prebuilt/windows-x86_64 --sysroot=C:/Users/ashton.SKYSECURE/AppData/Local/Android/Sdk/ndk-bundle/toolchains/llvm/prebuilt/windows-x86_64/sysroot -Wall -Wsign-compare -Wuninitialized -Werror -fvisibility=hidden -Wundef  -Wtype-limits -Wignored-qualifiers -O3 -g -DANDROID -fdata-sections -ffunction-sections -funwind-tables -fstack-protector-strong -no-canonical-prefixes -fno-addrsig -Wa,--noexecstack -Wformat -Werror=format-security   -Wno-deprecated-declarations -pthread -DCHECK_FUNCTION_EXISTS=X509_get_key_usage -pthread  -Wl,--exclude-libs,libgcc.a -Wl,--exclude-libs,libatomic.a -static-libstdc++ -Wl,--build-id -Wl,--warn-shared-textrel -Wl,--fatal-warnings -Wl,--no-undefined -Qunused-arguments -Wl,-z,noexecstack -Wl,--gc-sections CMakeFiles/cmTC_7472a.dir/CheckFunctionExists.c.o  -o cmTC_7472a  C:/Users/ashton.SKYSECURE/Projects/AndroidNDKEample/app/src/main/cpp/lib/openssl/x86/lib/libssl.a C:/Users/ashton.SKYSECURE/Projects/AndroidNDKEample/app/src/main/cpp/lib/openssl/x86/lib/libcrypto.a -lm -latomic -lm && cd ."
C:/Users/ashton.SKYSECURE/AppData/Local/Android/Sdk/cmake/3.10.2.4988404/share/cmake-3.10/Modules/CheckFunctionExists.c:17: error: undefined reference to 'X509_get_key_usage'
clang: error: linker command failed with exit code 1 (use -v to see invocation)
ninja: build stopped: subcommand failed.


Determining if the function SSL_CTX_get0_certificate exists failed with the following output:
Change Dir: C:/Users/ashton.SKYSECURE/Projects/AndroidNDKEample/app/src/main/cpp/build/cmake/release/x86_64/CMakeFiles/CMakeTmp

Run Build Command:"C:\Users\ashton.SKYSECURE\AppData\Local\Android\Sdk\cmake\3.10.2.4988404\bin\ninja.exe" "cmTC_cefa1"
[1/2] Building C object CMakeFiles/cmTC_cefa1.dir/CheckFunctionExists.c.o
[2/2] Linking C executable cmTC_cefa1
FAILED: cmTC_cefa1 
cmd.exe /C "cd . && C:\Users\ashton.SKYSECURE\AppData\Local\Android\Sdk\ndk-bundle\toolchains\llvm\prebuilt\windows-x86_64\bin\clang.exe --target=x86_64-none-linux-android21 --gcc-toolchain=C:/Users/ashton.SKYSECURE/AppData/Local/Android/Sdk/ndk-bundle/toolchains/llvm/prebuilt/windows-x86_64 --sysroot=C:/Users/ashton.SKYSECURE/AppData/Local/Android/Sdk/ndk-bundle/toolchains/llvm/prebuilt/windows-x86_64/sysroot -Wall -Wsign-compare -Wuninitialized -Werror -fvisibility=hidden -Wundef  -Wtype-limits -Wignored-qualifiers -O3 -g -DANDROID -fdata-sections -ffunction-sections -funwind-tables -fstack-protector-strong -no-canonical-prefixes -fno-addrsig -Wa,--noexecstack -Wformat -Werror=format-security   -Wno-deprecated-declarations -pthread -DCHECK_FUNCTION_EXISTS=SSL_CTX_get0_certificate -pthread  -Wl,--exclude-libs,libgcc.a -Wl,--exclude-libs,libatomic.a -static-libstdc++ -Wl,--build-id -Wl,--warn-shared-textrel -Wl,--fatal-warnings -Wl,--no-undefined -Qunused-arguments -Wl,-z,noexecstack -Wl,--gc-sections CMakeFiles/cmTC_cefa1.dir/CheckFunctionExists.c.o  -o cmTC_cefa1  C:/Users/ashton.SKYSECURE/Projects/AndroidNDKEample/app/src/main/cpp/lib/openssl/x86/lib/libssl.a C:/Users/ashton.SKYSECURE/Projects/AndroidNDKEample/app/src/main/cpp/lib/openssl/x86/lib/libcrypto.a -lm -latomic -lm && cd ."
C:/Users/ashton.SKYSECURE/AppData/Local/Android/Sdk/ndk-bundle/toolchains/llvm/prebuilt/windows-x86_64/lib/gcc/x86_64-linux-android/4.9.x/../../../../x86_64-linux-android/bin\ld: error: C:/Users/ashton.SKYSECURE/Projects/AndroidNDKEample/app/src/main/cpp/lib/openssl/x86/lib/libssl.a(ssl_lib.o): incompatible target
C:/Users/ashton.SKYSECURE/AppData/Local/Android/Sdk/cmake/3.10.2.4988404/share/cmake-3.10/Modules/CheckFunctionExists.c:17: error: undefined reference to 'SSL_CTX_get0_certificate'
clang: error: linker command failed with exit code 1 (use -v to see invocation)
ninja: build stopped: subcommand failed.


Determining if the function SSL_get0_alpn_selected exists failed with the following output:
Change Dir: C:/Users/ashton.SKYSECURE/Projects/AndroidNDKEample/app/src/main/cpp/build/cmake/release/x86_64/CMakeFiles/CMakeTmp

Run Build Command:"C:\Users\ashton.SKYSECURE\AppData\Local\Android\Sdk\cmake\3.10.2.4988404\bin\ninja.exe" "cmTC_04233"
[1/2] Building C object CMakeFiles/cmTC_04233.dir/CheckFunctionExists.c.o
[2/2] Linking C executable cmTC_04233
FAILED: cmTC_04233 
cmd.exe /C "cd . && C:\Users\ashton.SKYSECURE\AppData\Local\Android\Sdk\ndk-bundle\toolchains\llvm\prebuilt\windows-x86_64\bin\clang.exe --target=x86_64-none-linux-android21 --gcc-toolchain=C:/Users/ashton.SKYSECURE/AppData/Local/Android/Sdk/ndk-bundle/toolchains/llvm/prebuilt/windows-x86_64 --sysroot=C:/Users/ashton.SKYSECURE/AppData/Local/Android/Sdk/ndk-bundle/toolchains/llvm/prebuilt/windows-x86_64/sysroot -Wall -Wsign-compare -Wuninitialized -Werror -fvisibility=hidden -Wundef  -Wtype-limits -Wignored-qualifiers -O3 -g -DANDROID -fdata-sections -ffunction-sections -funwind-tables -fstack-protector-strong -no-canonical-prefixes -fno-addrsig -Wa,--noexecstack -Wformat -Werror=format-security   -Wno-deprecated-declarations -pthread -DCHECK_FUNCTION_EXISTS=SSL_get0_alpn_selected -pthread  -Wl,--exclude-libs,libgcc.a -Wl,--exclude-libs,libatomic.a -static-libstdc++ -Wl,--build-id -Wl,--warn-shared-textrel -Wl,--fatal-warnings -Wl,--no-undefined -Qunused-arguments -Wl,-z,noexecstack -Wl,--gc-sections CMakeFiles/cmTC_04233.dir/CheckFunctionExists.c.o  -o cmTC_04233  C:/Users/ashton.SKYSECURE/Projects/AndroidNDKEample/app/src/main/cpp/lib/openssl/x86/lib/libssl.a C:/Users/ashton.SKYSECURE/Projects/AndroidNDKEample/app/src/main/cpp/lib/openssl/x86/lib/libcrypto.a -lm -latomic -lm && cd ."
C:/Users/ashton.SKYSECURE/AppData/Local/Android/Sdk/ndk-bundle/toolchains/llvm/prebuilt/windows-x86_64/lib/gcc/x86_64-linux-android/4.9.x/../../../../x86_64-linux-android/bin\ld: error: C:/Users/ashton.SKYSECURE/Projects/AndroidNDKEample/app/src/main/cpp/lib/openssl/x86/lib/libssl.a(ssl_lib.o): incompatible target
C:/Users/ashton.SKYSECURE/AppData/Local/Android/Sdk/cmake/3.10.2.4988404/share/cmake-3.10/Modules/CheckFunctionExists.c:17: error: undefined reference to 'SSL_get0_alpn_selected'
clang: error: linker command failed with exit code 1 (use -v to see invocation)
ninja: build stopped: subcommand failed.


Determining if the function SSL_set_alpn_protos exists failed with the following output:
Change Dir: C:/Users/ashton.SKYSECURE/Projects/AndroidNDKEample/app/src/main/cpp/build/cmake/release/x86_64/CMakeFiles/CMakeTmp

Run Build Command:"C:\Users\ashton.SKYSECURE\AppData\Local\Android\Sdk\cmake\3.10.2.4988404\bin\ninja.exe" "cmTC_53fc0"
[1/2] Building C object CMakeFiles/cmTC_53fc0.dir/CheckFunctionExists.c.o
[2/2] Linking C executable cmTC_53fc0
FAILED: cmTC_53fc0 
cmd.exe /C "cd . && C:\Users\ashton.SKYSECURE\AppData\Local\Android\Sdk\ndk-bundle\toolchains\llvm\prebuilt\windows-x86_64\bin\clang.exe --target=x86_64-none-linux-android21 --gcc-toolchain=C:/Users/ashton.SKYSECURE/AppData/Local/Android/Sdk/ndk-bundle/toolchains/llvm/prebuilt/windows-x86_64 --sysroot=C:/Users/ashton.SKYSECURE/AppData/Local/Android/Sdk/ndk-bundle/toolchains/llvm/prebuilt/windows-x86_64/sysroot -Wall -Wsign-compare -Wuninitialized -Werror -fvisibility=hidden -Wundef  -Wtype-limits -Wignored-qualifiers -O3 -g -DANDROID -fdata-sections -ffunction-sections -funwind-tables -fstack-protector-strong -no-canonical-prefixes -fno-addrsig -Wa,--noexecstack -Wformat -Werror=format-security   -Wno-deprecated-declarations -pthread -DCHECK_FUNCTION_EXISTS=SSL_set_alpn_protos -pthread  -Wl,--exclude-libs,libgcc.a -Wl,--exclude-libs,libatomic.a -static-libstdc++ -Wl,--build-id -Wl,--warn-shared-textrel -Wl,--fatal-warnings -Wl,--no-undefined -Qunused-arguments -Wl,-z,noexecstack -Wl,--gc-sections CMakeFiles/cmTC_53fc0.dir/CheckFunctionExists.c.o  -o cmTC_53fc0  C:/Users/ashton.SKYSECURE/Projects/AndroidNDKEample/app/src/main/cpp/lib/openssl/x86/lib/libssl.a C:/Users/ashton.SKYSECURE/Projects/AndroidNDKEample/app/src/main/cpp/lib/openssl/x86/lib/libcrypto.a -lm -latomic -lm && cd ."
C:/Users/ashton.SKYSECURE/AppData/Local/Android/Sdk/ndk-bundle/toolchains/llvm/prebuilt/windows-x86_64/lib/gcc/x86_64-linux-android/4.9.x/../../../../x86_64-linux-android/bin\ld: error: C:/Users/ashton.SKYSECURE/Projects/AndroidNDKEample/app/src/main/cpp/lib/openssl/x86/lib/libssl.a(ssl_lib.o): incompatible target
C:/Users/ashton.SKYSECURE/AppData/Local/Android/Sdk/cmake/3.10.2.4988404/share/cmake-3.10/Modules/CheckFunctionExists.c:17: error: undefined reference to 'SSL_set_alpn_protos'
clang: error: linker command failed with exit code 1 (use -v to see invocation)
ninja: build stopped: subcommand failed.


Determining if the function SSL_CTX_set_ciphersuites exists failed with the following output:
Change Dir: C:/Users/ashton.SKYSECURE/Projects/AndroidNDKEample/app/src/main/cpp/build/cmake/release/x86_64/CMakeFiles/CMakeTmp

Run Build Command:"C:\Users\ashton.SKYSECURE\AppData\Local\Android\Sdk\cmake\3.10.2.4988404\bin\ninja.exe" "cmTC_3a48c"
[1/2] Building C object CMakeFiles/cmTC_3a48c.dir/CheckFunctionExists.c.o
[2/2] Linking C executable cmTC_3a48c
FAILED: cmTC_3a48c 
cmd.exe /C "cd . && C:\Users\ashton.SKYSECURE\AppData\Local\Android\Sdk\ndk-bundle\toolchains\llvm\prebuilt\windows-x86_64\bin\clang.exe --target=x86_64-none-linux-android21 --gcc-toolchain=C:/Users/ashton.SKYSECURE/AppData/Local/Android/Sdk/ndk-bundle/toolchains/llvm/prebuilt/windows-x86_64 --sysroot=C:/Users/ashton.SKYSECURE/AppData/Local/Android/Sdk/ndk-bundle/toolchains/llvm/prebuilt/windows-x86_64/sysroot -Wall -Wsign-compare -Wuninitialized -Werror -fvisibility=hidden -Wundef  -Wtype-limits -Wignored-qualifiers -O3 -g -DANDROID -fdata-sections -ffunction-sections -funwind-tables -fstack-protector-strong -no-canonical-prefixes -fno-addrsig -Wa,--noexecstack -Wformat -Werror=format-security   -Wno-deprecated-declarations -pthread -DCHECK_FUNCTION_EXISTS=SSL_CTX_set_ciphersuites -pthread  -Wl,--exclude-libs,libgcc.a -Wl,--exclude-libs,libatomic.a -static-libstdc++ -Wl,--build-id -Wl,--warn-shared-textrel -Wl,--fatal-warnings -Wl,--no-undefined -Qunused-arguments -Wl,-z,noexecstack -Wl,--gc-sections CMakeFiles/cmTC_3a48c.dir/CheckFunctionExists.c.o  -o cmTC_3a48c  C:/Users/ashton.SKYSECURE/Projects/AndroidNDKEample/app/src/main/cpp/lib/openssl/x86/lib/libssl.a C:/Users/ashton.SKYSECURE/Projects/AndroidNDKEample/app/src/main/cpp/lib/openssl/x86/lib/libcrypto.a -lm -latomic -lm && cd ."
C:/Users/ashton.SKYSECURE/AppData/Local/Android/Sdk/cmake/3.10.2.4988404/share/cmake-3.10/Modules/CheckFunctionExists.c:17: error: undefined reference to 'SSL_CTX_set_ciphersuites'
clang: error: linker command failed with exit code 1 (use -v to see invocation)
ninja: build stopped: subcommand failed.


Determining if the function TLS_client_method exists failed with the following output:
Change Dir: C:/Users/ashton.SKYSECURE/Projects/AndroidNDKEample/app/src/main/cpp/build/cmake/release/x86_64/CMakeFiles/CMakeTmp

Run Build Command:"C:\Users\ashton.SKYSECURE\AppData\Local\Android\Sdk\cmake\3.10.2.4988404\bin\ninja.exe" "cmTC_f6461"
[1/2] Building C object CMakeFiles/cmTC_f6461.dir/CheckFunctionExists.c.o
[2/2] Linking C executable cmTC_f6461
FAILED: cmTC_f6461 
cmd.exe /C "cd . && C:\Users\ashton.SKYSECURE\AppData\Local\Android\Sdk\ndk-bundle\toolchains\llvm\prebuilt\windows-x86_64\bin\clang.exe --target=x86_64-none-linux-android21 --gcc-toolchain=C:/Users/ashton.SKYSECURE/AppData/Local/Android/Sdk/ndk-bundle/toolchains/llvm/prebuilt/windows-x86_64 --sysroot=C:/Users/ashton.SKYSECURE/AppData/Local/Android/Sdk/ndk-bundle/toolchains/llvm/prebuilt/windows-x86_64/sysroot -Wall -Wsign-compare -Wuninitialized -Werror -fvisibility=hidden -Wundef  -Wtype-limits -Wignored-qualifiers -O3 -g -DANDROID -fdata-sections -ffunction-sections -funwind-tables -fstack-protector-strong -no-canonical-prefixes -fno-addrsig -Wa,--noexecstack -Wformat -Werror=format-security   -Wno-deprecated-declarations -pthread -DCHECK_FUNCTION_EXISTS=TLS_client_method -pthread  -Wl,--exclude-libs,libgcc.a -Wl,--exclude-libs,libatomic.a -static-libstdc++ -Wl,--build-id -Wl,--warn-shared-textrel -Wl,--fatal-warnings -Wl,--no-undefined -Qunused-arguments -Wl,-z,noexecstack -Wl,--gc-sections CMakeFiles/cmTC_f6461.dir/CheckFunctionExists.c.o  -o cmTC_f6461  C:/Users/ashton.SKYSECURE/Projects/AndroidNDKEample/app/src/main/cpp/lib/openssl/x86/lib/libssl.a C:/Users/ashton.SKYSECURE/Projects/AndroidNDKEample/app/src/main/cpp/lib/openssl/x86/lib/libcrypto.a -lm -latomic -lm && cd ."
C:/Users/ashton.SKYSECURE/AppData/Local/Android/Sdk/cmake/3.10.2.4988404/share/cmake-3.10/Modules/CheckFunctionExists.c:17: error: undefined reference to 'TLS_client_method'
clang: error: linker command failed with exit code 1 (use -v to see invocation)
ninja: build stopped: subcommand failed.


Determining if the function TLSv1_2_client_method exists failed with the following output:
Change Dir: C:/Users/ashton.SKYSECURE/Projects/AndroidNDKEample/app/src/main/cpp/build/cmake/release/x86_64/CMakeFiles/CMakeTmp

Run Build Command:"C:\Users\ashton.SKYSECURE\AppData\Local\Android\Sdk\cmake\3.10.2.4988404\bin\ninja.exe" "cmTC_01318"
[1/2] Building C object CMakeFiles/cmTC_01318.dir/CheckFunctionExists.c.o
[2/2] Linking C executable cmTC_01318
FAILED: cmTC_01318 
cmd.exe /C "cd . && C:\Users\ashton.SKYSECURE\AppData\Local\Android\Sdk\ndk-bundle\toolchains\llvm\prebuilt\windows-x86_64\bin\clang.exe --target=x86_64-none-linux-android21 --gcc-toolchain=C:/Users/ashton.SKYSECURE/AppData/Local/Android/Sdk/ndk-bundle/toolchains/llvm/prebuilt/windows-x86_64 --sysroot=C:/Users/ashton.SKYSECURE/AppData/Local/Android/Sdk/ndk-bundle/toolchains/llvm/prebuilt/windows-x86_64/sysroot -Wall -Wsign-compare -Wuninitialized -Werror -fvisibility=hidden -Wundef  -Wtype-limits -Wignored-qualifiers -O3 -g -DANDROID -fdata-sections -ffunction-sections -funwind-tables -fstack-protector-strong -no-canonical-prefixes -fno-addrsig -Wa,--noexecstack -Wformat -Werror=format-security   -Wno-deprecated-declarations -pthread -DCHECK_FUNCTION_EXISTS=TLSv1_2_client_method -pthread  -Wl,--exclude-libs,libgcc.a -Wl,--exclude-libs,libatomic.a -static-libstdc++ -Wl,--build-id -Wl,--warn-shared-textrel -Wl,--fatal-warnings -Wl,--no-undefined -Qunused-arguments -Wl,-z,noexecstack -Wl,--gc-sections CMakeFiles/cmTC_01318.dir/CheckFunctionExists.c.o  -o cmTC_01318  C:/Users/ashton.SKYSECURE/Projects/AndroidNDKEample/app/src/main/cpp/lib/openssl/x86/lib/libssl.a C:/Users/ashton.SKYSECURE/Projects/AndroidNDKEample/app/src/main/cpp/lib/openssl/x86/lib/libcrypto.a -lm -latomic -lm && cd ."
C:/Users/ashton.SKYSECURE/AppData/Local/Android/Sdk/ndk-bundle/toolchains/llvm/prebuilt/windows-x86_64/lib/gcc/x86_64-linux-android/4.9.x/../../../../x86_64-linux-android/bin\ld: error: C:/Users/ashton.SKYSECURE/Projects/AndroidNDKEample/app/src/main/cpp/lib/openssl/x86/lib/libssl.a(t1_clnt.o): incompatible target
C:/Users/ashton.SKYSECURE/AppData/Local/Android/Sdk/cmake/3.10.2.4988404/share/cmake-3.10/Modules/CheckFunctionExists.c:17: error: undefined reference to 'TLSv1_2_client_method'
clang: error: linker command failed with exit code 1 (use -v to see invocation)
ninja: build stopped: subcommand failed.


